#
# A fatal error has been detected by the Java Runtime Environment:
#
#  EXCEPTION_ACCESS_VIOLATION (0xc0000005) at pc=0x00007ffb822ca72a, pid=9248, tid=12112
#
# JRE version: Java(TM) SE Runtime Environment (21.0.1+12) (build 21.0.1+12-LTS-29)
# Java VM: Java HotSpot(TM) 64-Bit Server VM (21.0.1+12-LTS-29, mixed mode, sharing, tiered, compressed oops, compressed class ptrs, g1 gc, windows-amd64)
# Problematic frame:
# V  [jvm.dll+0x20a72a]
#
# No core dump will be written. Minidumps are not enabled by default on client versions of Windows
#
# If you would like to submit a bug report, please visit:
#   https://bugreport.java.com/bugreport/crash.jsp
#

---------------  S U M M A R Y ------------

Command Line: -Dclassworlds.conf=C:\Program Files\NetBeans-20\netbeans\java\maven\bin\m2.conf -Dmaven.home=C:\Program Files\NetBeans-20\netbeans\java\maven -Dlibrary.jansi.path=C:\Program Files\NetBeans-20\netbeans\java\maven\lib\jansi-native -Dmaven.multiModuleProjectDirectory=C:\Users\jairus\Documents\GitHub\First-Year-Projects\Inventory-System org.codehaus.plexus.classworlds.launcher.Launcher -Dexec.vmArgs= -Dexec.args=${exec.vmArgs} -classpath %classpath ${exec.mainClass} ${exec.appArgs} -Dexec.executable=C:\Program Files\Java\jdk-21\bin\java.exe -Dexec.mainClass=Main.Main -Dexec.classpathScope=runtime -Dexec.appArgs= -Dmaven.ext.class.path=C:\Program Files\NetBeans-20\netbeans\java\maven-nblib\netbeans-eventspy.jar --no-transfer-progress process-classes org.codehaus.mojo:exec-maven-plugin:3.1.0:exec

Host: AMD Ryzen 7 4800H with Radeon Graphics         , 16 cores, 15G,  Windows 11 , 64 bit Build 22621 (10.0.22621.3374)
Time: Sat Apr 20 17:52:51 2024 China Standard Time elapsed time: 0.718131 seconds (0d 0h 0m 0s)

---------------  T H R E A D  ---------------

Current thread (0x0000016ca61cc760):  JavaThread "C2 CompilerThread4" daemon [_thread_in_native, id=12112, stack(0x000000541ec00000,0x000000541ed00000) (1024K)]


Current CompileTask:
C2:    718 1405       4       java.lang.String::replace (42 bytes)

Stack: [0x000000541ec00000,0x000000541ed00000],  sp=0x000000541ecfd208,  free space=1012k
Native frames: (J=compiled Java code, j=interpreted, Vv=VM code, C=native code)
V  [jvm.dll+0x20a72a]
V  [jvm.dll+0x20a12c]
C  0x0000016ca6177f80


siginfo: EXCEPTION_ACCESS_VIOLATION (0xc0000005), writing address 0x0000000000000000


Registers:
RAX=0x0000016c60295258, RBX=0x0000016ca6177b01, RCX=0x0000000000000000, RDX=0x0000000000000000
RSP=0x000000541ecfd208, RBP=0x000000541ecfd271, RSI=0x0000016ca61578f8, RDI=0x0000016ca61783b0
R8 =0x0000016ca6178430, R9 =0x0000000000000004, R10=0x0000016ca6177b48, R11=0x000000541ecfd208
R12=0x0000000000000000, R13=0x0000016ca6177b48, R14=0x0000016ca6177b48, R15=0x0000000000000005
RIP=0x00007ffb822ca72a, EFLAGS=0x0000000000010246


Register to memory mapping:

RAX=0x0000016c60295258 points into unknown readable memory: 0x00007ffb82a6a768 | 68 a7 a6 82 fb 7f 00 00
RBX=0x0000016ca6177b01 points into unknown readable memory: 00 00 00 00 00 00 00
RCX=0x0 is null
RDX=0x0 is null
RSP=0x000000541ecfd208 is pointing into the stack for thread: 0x0000016ca61cc760
RBP=0x000000541ecfd271 is pointing into the stack for thread: 0x0000016ca61cc760
RSI=0x0000016ca61578f8 points into unknown readable memory: 0x0000016ca6177f80 | 80 7f 17 a6 6c 01 00 00
RDI=0x0000016ca61783b0 points into unknown readable memory: 0x0000016ca6177dd0 | d0 7d 17 a6 6c 01 00 00
R8 =0x0000016ca6178430 points into unknown readable memory: 0x0000016ca6178458 | 58 84 17 a6 6c 01 00 00
R9 =0x0000000000000004 is an unknown value
R10=0x0000016ca6177b48 points into unknown readable memory: 0x000000541ecfeef0 | f0 ee cf 1e 54 00 00 00
R11=0x000000541ecfd208 is pointing into the stack for thread: 0x0000016ca61cc760
R12=0x0 is null
R13=0x0000016ca6177b48 points into unknown readable memory: 0x000000541ecfeef0 | f0 ee cf 1e 54 00 00 00
R14=0x0000016ca6177b48 points into unknown readable memory: 0x000000541ecfeef0 | f0 ee cf 1e 54 00 00 00
R15=0x0000000000000005 is an unknown value

Top of Stack: (sp=0x000000541ecfd208)
0x000000541ecfd208:   00007ffb822ca9ac 0000016ca6177b48
0x000000541ecfd218:   0000016ca6178618 0000016ca6157870
0x000000541ecfd228:   0000000000000000 0000016ca6178600
0x000000541ecfd238:   00007ffc26f6d1aa 0000016ca6176cf0
0x000000541ecfd248:   0000016c60295258 0000016ca6177da1
0x000000541ecfd258:   0000000000000000 0000016ca61578f8
0x000000541ecfd268:   00007ffb822c8aa7 0000000000000000
0x000000541ecfd278:   0000000000000002 0000000000000020
0x000000541ecfd288:   0000016ca6177b48 0000016ca61783b0
0x000000541ecfd298:   0000000000000020 0000016ca6177b48
0x000000541ecfd2a8:   0000000000000000 0000000000000002
0x000000541ecfd2b8:   0000016ca61578f8 0000016ca60329f0
0x000000541ecfd2c8:   0000000000000064 00007ffb822ca12c
0x000000541ecfd2d8:   00007ffb822ca304 0000000000000009
0x000000541ecfd2e8:   0000000000000009 0000016ca6157870
0x000000541ecfd2f8:   0000000000000064 0000016ca6052478
0x000000541ecfd308:   0000016ca61784e8 00000000ffffffff
0x000000541ecfd318:   0000000000000000 0000016ca6177f80
0x000000541ecfd328:   0000000000000003 0000000000000002
0x000000541ecfd338:   0000016ca615c7a0 0000016ca6157870
0x000000541ecfd348:   0000016ca6177b48 0000016ca6157898
0x000000541ecfd358:   0000000000000000 0000016ca6177f80
0x000000541ecfd368:   00007ffb822cb041 0000016c00000001
0x000000541ecfd378:   0000016c00000002 0000016ca6177b01
0x000000541ecfd388:   0000016ca6157870 0000016ca6157898
0x000000541ecfd398:   00007ffb828d0c10 00000000000083b0
0x000000541ecfd3a8:   0000016ca6157870 0000016ca615bf58
0x000000541ecfd3b8:   000000541ecfeef8 000000541ecfe130
0x000000541ecfd3c8:   0000000000000003 0000000000000002
0x000000541ecfd3d8:   0000016ca6a418d8 000000541ecfeef0
0x000000541ecfd3e8:   000000541ecfe130 000000541ecfd5e0
0x000000541ecfd3f8:   0000016c6024c230 0000016ca6177b48 

Instructions: (pc=0x00007ffb822ca72a)
0x00007ffb822ca62a:   54 24 40 e8 fe a9 ff ff 80 7c 24 40 00 48 8b d8
0x00007ffb822ca63a:   75 2a 48 8b ce e8 9c aa ff ff 4c 8b 43 08 44 8b
0x00007ffb822ca64a:   c8 48 8b d6 48 8b cf e8 ba 28 00 00 48 8b 5c 24
0x00007ffb822ca65a:   30 48 8b 74 24 38 48 83 c4 20 5f c3 48 8b 48 20
0x00007ffb822ca66a:   48 85 c9 75 0b 48 8b cb e8 69 31 fe ff 48 8b c8
0x00007ffb822ca67a:   8b 57 08 ff ca 89 57 08 48 63 41 18 48 8d 0d 53
0x00007ffb822ca68a:   0a 9b 00 83 3c 81 02 75 06 8d 42 ff 89 47 08 48
0x00007ffb822ca69a:   8b 5c 24 30 48 8b 74 24 38 48 83 c4 20 5f c3 cc
0x00007ffb822ca6aa:   cc cc cc cc cc cc 4c 89 4c 24 20 55 53 56 57 41
0x00007ffb822ca6ba:   54 41 55 41 56 41 57 48 8d 6c 24 e1 48 81 ec 88
0x00007ffb822ca6ca:   00 00 00 48 8b 02 49 8b d8 4c 8b f1 48 8b fa 8b
0x00007ffb822ca6da:   50 0c 8b ca 44 8b 78 04 83 fa ff 4c 8b 47 38 0f
0x00007ffb822ca6ea:   44 48 08 89 4d 6f 89 55 77 41 8b 40 08 89 43 08
0x00007ffb822ca6fa:   41 8b 40 0c 89 43 0c 49 8b 40 10 48 8b 48 08 8b
0x00007ffb822ca70a:   41 50 41 03 40 08 4c 63 c8 85 c0 7e 1f 33 d2 0f
0x00007ffb822ca71a:   1f 80 00 00 00 00 49 8b 00 48 8b 0b 48 8b 04 d0
0x00007ffb822ca72a:   48 89 04 d1 48 ff c2 49 3b d1 7c ea 48 c7 43 20
0x00007ffb822ca73a:   00 00 00 00 48 83 7f 08 00 75 08 48 8b cf e8 a3
0x00007ffb822ca74a:   f0 ff ff 48 83 7f 10 00 4c 8b 67 08 75 08 48 8b
0x00007ffb822ca75a:   cf e8 90 f0 ff ff 48 8b 47 10 49 8b 76 08 45 8b
0x00007ffb822ca76a:   2c 24 48 89 45 b7 32 c0 88 45 67 48 89 75 c7 48
0x00007ffb822ca77a:   85 f6 75 1a 48 89 75 cf 48 89 75 df 48 89 75 d7
0x00007ffb822ca78a:   48 89 75 ff 48 89 75 ef 48 89 75 f7 eb 37 48 8b
0x00007ffb822ca79a:   46 28 48 89 45 cf 48 83 7e 78 00 75 08 48 8b ce
0x00007ffb822ca7aa:   e8 71 c0 fe ff 48 8b 4e 78 33 d2 8b 46 48 48 03
0x00007ffb822ca7ba:   c1 48 89 55 df 48 89 45 f7 48 89 55 d7 48 89 4d
0x00007ffb822ca7ca:   ff 48 89 4d ef 41 8b d7 48 8d 4d c7 e8 75 b9 ff
0x00007ffb822ca7da:   ff 4c 8b 7d b7 4c 8d 0d 1a 58 df ff 66 66 0f 1f
0x00007ffb822ca7ea:   84 00 00 00 00 00 4c 8b 45 ff 4c 89 45 d7 4c 3b
0x00007ffb822ca7fa:   45 f7 0f 83 f8 00 00 00 41 0f b6 00 89 45 0b 49
0x00007ffb822ca80a:   63 94 81 60 78 99 00 89 55 07 81 fa ee 00 00 00
0x00007ffb822ca81a:   77 29 42 0f b6 84 0a 70 77 99 00 83 e0 0f 8b c8 


Stack slot to memory mapping:

stack at sp + 0 slots: 0x00007ffb822ca9ac jvm.dll
stack at sp + 1 slots: 0x0000016ca6177b48 points into unknown readable memory: 0x000000541ecfeef0 | f0 ee cf 1e 54 00 00 00
stack at sp + 2 slots: 0x0000016ca6178618 points into unknown readable memory: 0x0000000100000000 | 00 00 00 00 01 00 00 00
stack at sp + 3 slots: 0x0000016ca6157870 points into unknown readable memory: 0x0000016ca6177f08 | 08 7f 17 a6 6c 01 00 00
stack at sp + 4 slots: 0x0 is null
stack at sp + 5 slots: 0x0000016ca6178600 points into unknown readable memory: 0x0000000000000000 | 00 00 00 00 00 00 00 00
stack at sp + 6 slots: 0x00007ffc26f6d1aa ntdll.dll
stack at sp + 7 slots: 0x0000016ca6176cf0 points into unknown readable memory: 0x00007ffb82a6ac80 | 80 ac a6 82 fb 7f 00 00


---------------  P R O C E S S  ---------------

Threads class SMR info:
_java_thread_list=0x0000016c60937940, length=21, elements={
0x0000016c3e58cb80, 0x0000016c602732d0, 0x0000016c60274040, 0x0000016c60276560,
0x0000016c60278100, 0x0000016c602795e0, 0x0000016c6027a170, 0x0000016c6027b7d0,
0x0000016c6027ea00, 0x0000016c603db5a0, 0x0000016c60556940, 0x0000016c60557580,
0x0000016c607ae860, 0x0000016c60933900, 0x0000016c60969590, 0x0000016ca60d60e0,
0x0000016ca615bf60, 0x0000016ca61cc760, 0x0000016ca61cce10, 0x0000016ca61cd4c0,
0x0000016ca6165b30
}

Java Threads: ( => current thread )
  0x0000016c3e58cb80 JavaThread "main"                              [_thread_in_Java, id=9416, stack(0x000000541d400000,0x000000541d500000) (1024K)]
  0x0000016c602732d0 JavaThread "Reference Handler"          daemon [_thread_blocked, id=3584, stack(0x000000541dc00000,0x000000541dd00000) (1024K)]
  0x0000016c60274040 JavaThread "Finalizer"                  daemon [_thread_blocked, id=9356, stack(0x000000541dd00000,0x000000541de00000) (1024K)]
  0x0000016c60276560 JavaThread "Signal Dispatcher"          daemon [_thread_blocked, id=10072, stack(0x000000541de00000,0x000000541df00000) (1024K)]
  0x0000016c60278100 JavaThread "Attach Listener"            daemon [_thread_blocked, id=9688, stack(0x000000541df00000,0x000000541e000000) (1024K)]
  0x0000016c602795e0 JavaThread "Service Thread"             daemon [_thread_blocked, id=12824, stack(0x000000541e000000,0x000000541e100000) (1024K)]
  0x0000016c6027a170 JavaThread "Monitor Deflation Thread"   daemon [_thread_blocked, id=4620, stack(0x000000541e100000,0x000000541e200000) (1024K)]
  0x0000016c6027b7d0 JavaThread "C2 CompilerThread0"         daemon [_thread_blocked, id=2340, stack(0x000000541e200000,0x000000541e300000) (1024K)]
  0x0000016c6027ea00 JavaThread "C1 CompilerThread0"         daemon [_thread_blocked, id=14508, stack(0x000000541e300000,0x000000541e400000) (1024K)]
  0x0000016c603db5a0 JavaThread "C1 CompilerThread1"         daemon [_thread_blocked, id=8208, stack(0x000000541e400000,0x000000541e500000) (1024K)]
  0x0000016c60556940 JavaThread "Notification Thread"        daemon [_thread_blocked, id=19148, stack(0x000000541e500000,0x000000541e600000) (1024K)]
  0x0000016c60557580 JavaThread "Common-Cleaner"             daemon [_thread_blocked, id=16836, stack(0x000000541e600000,0x000000541e700000) (1024K)]
  0x0000016c607ae860 JavaThread "C2 CompilerThread1"         daemon [_thread_blocked, id=17252, stack(0x000000541e700000,0x000000541e800000) (1024K)]
  0x0000016c60933900 JavaThread "C1 CompilerThread2"         daemon [_thread_blocked, id=17124, stack(0x000000541e800000,0x000000541e900000) (1024K)]
  0x0000016c60969590 JavaThread "C1 CompilerThread3"         daemon [_thread_blocked, id=19368, stack(0x000000541e900000,0x000000541ea00000) (1024K)]
  0x0000016ca60d60e0 JavaThread "C2 CompilerThread2"         daemon [_thread_blocked, id=19332, stack(0x000000541ea00000,0x000000541eb00000) (1024K)]
  0x0000016ca615bf60 JavaThread "C2 CompilerThread3"         daemon [_thread_blocked, id=18800, stack(0x000000541eb00000,0x000000541ec00000) (1024K)]
=>0x0000016ca61cc760 JavaThread "C2 CompilerThread4"         daemon [_thread_in_native, id=12112, stack(0x000000541ec00000,0x000000541ed00000) (1024K)]
  0x0000016ca61cce10 JavaThread "C2 CompilerThread5"         daemon [_thread_blocked, id=11688, stack(0x000000541ed00000,0x000000541ee00000) (1024K)]
  0x0000016ca61cd4c0 JavaThread "C2 CompilerThread6"         daemon [_thread_blocked, id=10832, stack(0x000000541ee00000,0x000000541ef00000) (1024K)]
  0x0000016ca6165b30 JavaThread "C2 CompilerThread7"         daemon [_thread_blocked, id=9696, stack(0x000000541ef00000,0x000000541f000000) (1024K)]
Total: 21

Other Threads:
  0x0000016c60255580 VMThread "VM Thread"                           [id=18832, stack(0x000000541db00000,0x000000541dc00000) (1024K)]
  0x0000016c60238070 WatcherThread "VM Periodic Task Thread"        [id=14312, stack(0x000000541da00000,0x000000541db00000) (1024K)]
  0x0000016c4092f290 WorkerThread "GC Thread#0"                     [id=15836, stack(0x000000541d500000,0x000000541d600000) (1024K)]
  0x0000016ca712a5b0 WorkerThread "GC Thread#1"                     [id=17596, stack(0x000000541f000000,0x000000541f100000) (1024K)]
  0x0000016ca61c3bf0 WorkerThread "GC Thread#2"                     [id=2028, stack(0x000000541f100000,0x000000541f200000) (1024K)]
  0x0000016ca61c43a0 WorkerThread "GC Thread#3"                     [id=9060, stack(0x000000541f200000,0x000000541f300000) (1024K)]
  0x0000016ca616c600 WorkerThread "GC Thread#4"                     [id=19100, stack(0x000000541f300000,0x000000541f400000) (1024K)]
  0x0000016ca6e80390 WorkerThread "GC Thread#5"                     [id=2780, stack(0x000000541f400000,0x000000541f500000) (1024K)]
  0x0000016ca6dfe4e0 WorkerThread "GC Thread#6"                     [id=11228, stack(0x000000541f500000,0x000000541f600000) (1024K)]
  0x0000016ca6dfe880 WorkerThread "GC Thread#7"                     [id=14324, stack(0x000000541f600000,0x000000541f700000) (1024K)]
  0x0000016ca6dff430 WorkerThread "GC Thread#8"                     [id=8864, stack(0x000000541f700000,0x000000541f800000) (1024K)]
  0x0000016c40940050 ConcurrentGCThread "G1 Main Marker"            [id=15828, stack(0x000000541d600000,0x000000541d700000) (1024K)]
  0x0000016c40940c10 WorkerThread "G1 Conc#0"                       [id=18596, stack(0x000000541d700000,0x000000541d800000) (1024K)]
  0x0000016c6010c9b0 ConcurrentGCThread "G1 Refine#0"               [id=16544, stack(0x000000541d800000,0x000000541d900000) (1024K)]
  0x0000016c6010d1d0 ConcurrentGCThread "G1 Service"                [id=8832, stack(0x000000541d900000,0x000000541da00000) (1024K)]
Total: 15

Threads with active compile tasks:
C2 CompilerThread4      737 1405       4       java.lang.String::replace (42 bytes)
Total: 1

VM state: not at safepoint (normal execution)

VM Mutex/Monitor currently owned by a thread: None

Heap address: 0x0000000709400000, size: 3948 MB, Compressed Oops mode: Zero based, Oop shift amount: 3

CDS archive(s) mapped at: [0x0000016c61000000-0x0000016c61c90000-0x0000016c61c90000), size 13172736, SharedBaseAddress: 0x0000016c61000000, ArchiveRelocationMode: 1.
Compressed class space mapped at: 0x0000016c62000000-0x0000016ca2000000, reserved size: 1073741824
Narrow klass base: 0x0000016c61000000, Narrow klass shift: 0, Narrow klass range: 0x100000000

GC Precious Log:
 CardTable entry size: 512
 Card Set container configuration: InlinePtr #cards 4 size 8 Array Of Cards #cards 16 size 48 Howl #buckets 8 coarsen threshold 3686 Howl Bitmap #cards 512 size 80 coarsen threshold 460 Card regions per heap region 1 cards per card region 4096
 CPUs: 16 total, 16 available
 Memory: 15789M
 Large Page Support: Disabled
 NUMA Support: Disabled
 Compressed Oops: Enabled (Zero based)
 Heap Region Size: 2M
 Heap Min Capacity: 8M
 Heap Initial Capacity: 248M
 Heap Max Capacity: 3948M
 Pre-touch: Disabled
 Parallel Workers: 13
 Concurrent Workers: 3
 Concurrent Refinement Workers: 13
 Periodic GC: Disabled

Heap:
 garbage-first heap   total 253952K, used 12288K [0x0000000709400000, 0x0000000800000000)
  region size 2048K, 7 young (14336K), 2 survivors (4096K)
 Metaspace       used 6449K, committed 6656K, reserved 1114112K
  class space    used 739K, committed 832K, reserved 1048576K

Heap Regions: E=young(eden), S=young(survivor), O=old, HS=humongous(starts), HC=humongous(continues), CS=collection set, F=free, TAMS=top-at-mark-start, PB=parsable bottom
|   0|0x0000000709400000, 0x0000000709400000, 0x0000000709600000|  0%| F|  |TAMS 0x0000000709400000| PB 0x0000000709400000| Untracked 
|   1|0x0000000709600000, 0x0000000709600000, 0x0000000709800000|  0%| F|  |TAMS 0x0000000709600000| PB 0x0000000709600000| Untracked 
|   2|0x0000000709800000, 0x0000000709800000, 0x0000000709a00000|  0%| F|  |TAMS 0x0000000709800000| PB 0x0000000709800000| Untracked 
|   3|0x0000000709a00000, 0x0000000709a00000, 0x0000000709c00000|  0%| F|  |TAMS 0x0000000709a00000| PB 0x0000000709a00000| Untracked 
|   4|0x0000000709c00000, 0x0000000709c00000, 0x0000000709e00000|  0%| F|  |TAMS 0x0000000709c00000| PB 0x0000000709c00000| Untracked 
|   5|0x0000000709e00000, 0x0000000709e00000, 0x000000070a000000|  0%| F|  |TAMS 0x0000000709e00000| PB 0x0000000709e00000| Untracked 
|   6|0x000000070a000000, 0x000000070a000000, 0x000000070a200000|  0%| F|  |TAMS 0x000000070a000000| PB 0x000000070a000000| Untracked 
|   7|0x000000070a200000, 0x000000070a200000, 0x000000070a400000|  0%| F|  |TAMS 0x000000070a200000| PB 0x000000070a200000| Untracked 
|   8|0x000000070a400000, 0x000000070a400000, 0x000000070a600000|  0%| F|  |TAMS 0x000000070a400000| PB 0x000000070a400000| Untracked 
|   9|0x000000070a600000, 0x000000070a600000, 0x000000070a800000|  0%| F|  |TAMS 0x000000070a600000| PB 0x000000070a600000| Untracked 
|  10|0x000000070a800000, 0x000000070a800000, 0x000000070aa00000|  0%| F|  |TAMS 0x000000070a800000| PB 0x000000070a800000| Untracked 
|  11|0x000000070aa00000, 0x000000070aa00000, 0x000000070ac00000|  0%| F|  |TAMS 0x000000070aa00000| PB 0x000000070aa00000| Untracked 
|  12|0x000000070ac00000, 0x000000070ac00000, 0x000000070ae00000|  0%| F|  |TAMS 0x000000070ac00000| PB 0x000000070ac00000| Untracked 
|  13|0x000000070ae00000, 0x000000070ae00000, 0x000000070b000000|  0%| F|  |TAMS 0x000000070ae00000| PB 0x000000070ae00000| Untracked 
|  14|0x000000070b000000, 0x000000070b000000, 0x000000070b200000|  0%| F|  |TAMS 0x000000070b000000| PB 0x000000070b000000| Untracked 
|  15|0x000000070b200000, 0x000000070b200000, 0x000000070b400000|  0%| F|  |TAMS 0x000000070b200000| PB 0x000000070b200000| Untracked 
|  16|0x000000070b400000, 0x000000070b400000, 0x000000070b600000|  0%| F|  |TAMS 0x000000070b400000| PB 0x000000070b400000| Untracked 
|  17|0x000000070b600000, 0x000000070b600000, 0x000000070b800000|  0%| F|  |TAMS 0x000000070b600000| PB 0x000000070b600000| Untracked 
|  18|0x000000070b800000, 0x000000070b800000, 0x000000070ba00000|  0%| F|  |TAMS 0x000000070b800000| PB 0x000000070b800000| Untracked 
|  19|0x000000070ba00000, 0x000000070ba00000, 0x000000070bc00000|  0%| F|  |TAMS 0x000000070ba00000| PB 0x000000070ba00000| Untracked 
|  20|0x000000070bc00000, 0x000000070bc00000, 0x000000070be00000|  0%| F|  |TAMS 0x000000070bc00000| PB 0x000000070bc00000| Untracked 
|  21|0x000000070be00000, 0x000000070be00000, 0x000000070c000000|  0%| F|  |TAMS 0x000000070be00000| PB 0x000000070be00000| Untracked 
|  22|0x000000070c000000, 0x000000070c000000, 0x000000070c200000|  0%| F|  |TAMS 0x000000070c000000| PB 0x000000070c000000| Untracked 
|  23|0x000000070c200000, 0x000000070c200000, 0x000000070c400000|  0%| F|  |TAMS 0x000000070c200000| PB 0x000000070c200000| Untracked 
|  24|0x000000070c400000, 0x000000070c400000, 0x000000070c600000|  0%| F|  |TAMS 0x000000070c400000| PB 0x000000070c400000| Untracked 
|  25|0x000000070c600000, 0x000000070c600000, 0x000000070c800000|  0%| F|  |TAMS 0x000000070c600000| PB 0x000000070c600000| Untracked 
|  26|0x000000070c800000, 0x000000070c800000, 0x000000070ca00000|  0%| F|  |TAMS 0x000000070c800000| PB 0x000000070c800000| Untracked 
|  27|0x000000070ca00000, 0x000000070ca00000, 0x000000070cc00000|  0%| F|  |TAMS 0x000000070ca00000| PB 0x000000070ca00000| Untracked 
|  28|0x000000070cc00000, 0x000000070cc00000, 0x000000070ce00000|  0%| F|  |TAMS 0x000000070cc00000| PB 0x000000070cc00000| Untracked 
|  29|0x000000070ce00000, 0x000000070ce00000, 0x000000070d000000|  0%| F|  |TAMS 0x000000070ce00000| PB 0x000000070ce00000| Untracked 
|  30|0x000000070d000000, 0x000000070d000000, 0x000000070d200000|  0%| F|  |TAMS 0x000000070d000000| PB 0x000000070d000000| Untracked 
|  31|0x000000070d200000, 0x000000070d200000, 0x000000070d400000|  0%| F|  |TAMS 0x000000070d200000| PB 0x000000070d200000| Untracked 
|  32|0x000000070d400000, 0x000000070d400000, 0x000000070d600000|  0%| F|  |TAMS 0x000000070d400000| PB 0x000000070d400000| Untracked 
|  33|0x000000070d600000, 0x000000070d600000, 0x000000070d800000|  0%| F|  |TAMS 0x000000070d600000| PB 0x000000070d600000| Untracked 
|  34|0x000000070d800000, 0x000000070d800000, 0x000000070da00000|  0%| F|  |TAMS 0x000000070d800000| PB 0x000000070d800000| Untracked 
|  35|0x000000070da00000, 0x000000070da00000, 0x000000070dc00000|  0%| F|  |TAMS 0x000000070da00000| PB 0x000000070da00000| Untracked 
|  36|0x000000070dc00000, 0x000000070dc00000, 0x000000070de00000|  0%| F|  |TAMS 0x000000070dc00000| PB 0x000000070dc00000| Untracked 
|  37|0x000000070de00000, 0x000000070de00000, 0x000000070e000000|  0%| F|  |TAMS 0x000000070de00000| PB 0x000000070de00000| Untracked 
|  38|0x000000070e000000, 0x000000070e000000, 0x000000070e200000|  0%| F|  |TAMS 0x000000070e000000| PB 0x000000070e000000| Untracked 
|  39|0x000000070e200000, 0x000000070e200000, 0x000000070e400000|  0%| F|  |TAMS 0x000000070e200000| PB 0x000000070e200000| Untracked 
|  40|0x000000070e400000, 0x000000070e400000, 0x000000070e600000|  0%| F|  |TAMS 0x000000070e400000| PB 0x000000070e400000| Untracked 
|  41|0x000000070e600000, 0x000000070e600000, 0x000000070e800000|  0%| F|  |TAMS 0x000000070e600000| PB 0x000000070e600000| Untracked 
|  42|0x000000070e800000, 0x000000070e800000, 0x000000070ea00000|  0%| F|  |TAMS 0x000000070e800000| PB 0x000000070e800000| Untracked 
|  43|0x000000070ea00000, 0x000000070ea00000, 0x000000070ec00000|  0%| F|  |TAMS 0x000000070ea00000| PB 0x000000070ea00000| Untracked 
|  44|0x000000070ec00000, 0x000000070ec00000, 0x000000070ee00000|  0%| F|  |TAMS 0x000000070ec00000| PB 0x000000070ec00000| Untracked 
|  45|0x000000070ee00000, 0x000000070ee00000, 0x000000070f000000|  0%| F|  |TAMS 0x000000070ee00000| PB 0x000000070ee00000| Untracked 
|  46|0x000000070f000000, 0x000000070f000000, 0x000000070f200000|  0%| F|  |TAMS 0x000000070f000000| PB 0x000000070f000000| Untracked 
|  47|0x000000070f200000, 0x000000070f200000, 0x000000070f400000|  0%| F|  |TAMS 0x000000070f200000| PB 0x000000070f200000| Untracked 
|  48|0x000000070f400000, 0x000000070f400000, 0x000000070f600000|  0%| F|  |TAMS 0x000000070f400000| PB 0x000000070f400000| Untracked 
|  49|0x000000070f600000, 0x000000070f600000, 0x000000070f800000|  0%| F|  |TAMS 0x000000070f600000| PB 0x000000070f600000| Untracked 
|  50|0x000000070f800000, 0x000000070f800000, 0x000000070fa00000|  0%| F|  |TAMS 0x000000070f800000| PB 0x000000070f800000| Untracked 
|  51|0x000000070fa00000, 0x000000070fa00000, 0x000000070fc00000|  0%| F|  |TAMS 0x000000070fa00000| PB 0x000000070fa00000| Untracked 
|  52|0x000000070fc00000, 0x000000070fc00000, 0x000000070fe00000|  0%| F|  |TAMS 0x000000070fc00000| PB 0x000000070fc00000| Untracked 
|  53|0x000000070fe00000, 0x000000070fe00000, 0x0000000710000000|  0%| F|  |TAMS 0x000000070fe00000| PB 0x000000070fe00000| Untracked 
|  54|0x0000000710000000, 0x0000000710000000, 0x0000000710200000|  0%| F|  |TAMS 0x0000000710000000| PB 0x0000000710000000| Untracked 
|  55|0x0000000710200000, 0x0000000710200000, 0x0000000710400000|  0%| F|  |TAMS 0x0000000710200000| PB 0x0000000710200000| Untracked 
|  56|0x0000000710400000, 0x0000000710400000, 0x0000000710600000|  0%| F|  |TAMS 0x0000000710400000| PB 0x0000000710400000| Untracked 
|  57|0x0000000710600000, 0x0000000710600000, 0x0000000710800000|  0%| F|  |TAMS 0x0000000710600000| PB 0x0000000710600000| Untracked 
|  58|0x0000000710800000, 0x0000000710800000, 0x0000000710a00000|  0%| F|  |TAMS 0x0000000710800000| PB 0x0000000710800000| Untracked 
|  59|0x0000000710a00000, 0x0000000710a00000, 0x0000000710c00000|  0%| F|  |TAMS 0x0000000710a00000| PB 0x0000000710a00000| Untracked 
|  60|0x0000000710c00000, 0x0000000710c00000, 0x0000000710e00000|  0%| F|  |TAMS 0x0000000710c00000| PB 0x0000000710c00000| Untracked 
|  61|0x0000000710e00000, 0x0000000710e00000, 0x0000000711000000|  0%| F|  |TAMS 0x0000000710e00000| PB 0x0000000710e00000| Untracked 
|  62|0x0000000711000000, 0x0000000711000000, 0x0000000711200000|  0%| F|  |TAMS 0x0000000711000000| PB 0x0000000711000000| Untracked 
|  63|0x0000000711200000, 0x0000000711200000, 0x0000000711400000|  0%| F|  |TAMS 0x0000000711200000| PB 0x0000000711200000| Untracked 
|  64|0x0000000711400000, 0x0000000711400000, 0x0000000711600000|  0%| F|  |TAMS 0x0000000711400000| PB 0x0000000711400000| Untracked 
|  65|0x0000000711600000, 0x0000000711600000, 0x0000000711800000|  0%| F|  |TAMS 0x0000000711600000| PB 0x0000000711600000| Untracked 
|  66|0x0000000711800000, 0x0000000711800000, 0x0000000711a00000|  0%| F|  |TAMS 0x0000000711800000| PB 0x0000000711800000| Untracked 
|  67|0x0000000711a00000, 0x0000000711a00000, 0x0000000711c00000|  0%| F|  |TAMS 0x0000000711a00000| PB 0x0000000711a00000| Untracked 
|  68|0x0000000711c00000, 0x0000000711c00000, 0x0000000711e00000|  0%| F|  |TAMS 0x0000000711c00000| PB 0x0000000711c00000| Untracked 
|  69|0x0000000711e00000, 0x0000000711e00000, 0x0000000712000000|  0%| F|  |TAMS 0x0000000711e00000| PB 0x0000000711e00000| Untracked 
|  70|0x0000000712000000, 0x0000000712000000, 0x0000000712200000|  0%| F|  |TAMS 0x0000000712000000| PB 0x0000000712000000| Untracked 
|  71|0x0000000712200000, 0x0000000712200000, 0x0000000712400000|  0%| F|  |TAMS 0x0000000712200000| PB 0x0000000712200000| Untracked 
|  72|0x0000000712400000, 0x0000000712400000, 0x0000000712600000|  0%| F|  |TAMS 0x0000000712400000| PB 0x0000000712400000| Untracked 
|  73|0x0000000712600000, 0x0000000712600000, 0x0000000712800000|  0%| F|  |TAMS 0x0000000712600000| PB 0x0000000712600000| Untracked 
|  74|0x0000000712800000, 0x0000000712800000, 0x0000000712a00000|  0%| F|  |TAMS 0x0000000712800000| PB 0x0000000712800000| Untracked 
|  75|0x0000000712a00000, 0x0000000712a00000, 0x0000000712c00000|  0%| F|  |TAMS 0x0000000712a00000| PB 0x0000000712a00000| Untracked 
|  76|0x0000000712c00000, 0x0000000712c00000, 0x0000000712e00000|  0%| F|  |TAMS 0x0000000712c00000| PB 0x0000000712c00000| Untracked 
|  77|0x0000000712e00000, 0x0000000712e00000, 0x0000000713000000|  0%| F|  |TAMS 0x0000000712e00000| PB 0x0000000712e00000| Untracked 
|  78|0x0000000713000000, 0x0000000713000000, 0x0000000713200000|  0%| F|  |TAMS 0x0000000713000000| PB 0x0000000713000000| Untracked 
|  79|0x0000000713200000, 0x0000000713200000, 0x0000000713400000|  0%| F|  |TAMS 0x0000000713200000| PB 0x0000000713200000| Untracked 
|  80|0x0000000713400000, 0x0000000713400000, 0x0000000713600000|  0%| F|  |TAMS 0x0000000713400000| PB 0x0000000713400000| Untracked 
|  81|0x0000000713600000, 0x0000000713600000, 0x0000000713800000|  0%| F|  |TAMS 0x0000000713600000| PB 0x0000000713600000| Untracked 
|  82|0x0000000713800000, 0x0000000713800000, 0x0000000713a00000|  0%| F|  |TAMS 0x0000000713800000| PB 0x0000000713800000| Untracked 
|  83|0x0000000713a00000, 0x0000000713a00000, 0x0000000713c00000|  0%| F|  |TAMS 0x0000000713a00000| PB 0x0000000713a00000| Untracked 
|  84|0x0000000713c00000, 0x0000000713c00000, 0x0000000713e00000|  0%| F|  |TAMS 0x0000000713c00000| PB 0x0000000713c00000| Untracked 
|  85|0x0000000713e00000, 0x0000000713e00000, 0x0000000714000000|  0%| F|  |TAMS 0x0000000713e00000| PB 0x0000000713e00000| Untracked 
|  86|0x0000000714000000, 0x0000000714000000, 0x0000000714200000|  0%| F|  |TAMS 0x0000000714000000| PB 0x0000000714000000| Untracked 
|  87|0x0000000714200000, 0x0000000714200000, 0x0000000714400000|  0%| F|  |TAMS 0x0000000714200000| PB 0x0000000714200000| Untracked 
|  88|0x0000000714400000, 0x0000000714400000, 0x0000000714600000|  0%| F|  |TAMS 0x0000000714400000| PB 0x0000000714400000| Untracked 
|  89|0x0000000714600000, 0x0000000714600000, 0x0000000714800000|  0%| F|  |TAMS 0x0000000714600000| PB 0x0000000714600000| Untracked 
|  90|0x0000000714800000, 0x0000000714800000, 0x0000000714a00000|  0%| F|  |TAMS 0x0000000714800000| PB 0x0000000714800000| Untracked 
|  91|0x0000000714a00000, 0x0000000714a00000, 0x0000000714c00000|  0%| F|  |TAMS 0x0000000714a00000| PB 0x0000000714a00000| Untracked 
|  92|0x0000000714c00000, 0x0000000714c00000, 0x0000000714e00000|  0%| F|  |TAMS 0x0000000714c00000| PB 0x0000000714c00000| Untracked 
|  93|0x0000000714e00000, 0x0000000714e00000, 0x0000000715000000|  0%| F|  |TAMS 0x0000000714e00000| PB 0x0000000714e00000| Untracked 
|  94|0x0000000715000000, 0x0000000715000000, 0x0000000715200000|  0%| F|  |TAMS 0x0000000715000000| PB 0x0000000715000000| Untracked 
|  95|0x0000000715200000, 0x0000000715200000, 0x0000000715400000|  0%| F|  |TAMS 0x0000000715200000| PB 0x0000000715200000| Untracked 
|  96|0x0000000715400000, 0x0000000715400000, 0x0000000715600000|  0%| F|  |TAMS 0x0000000715400000| PB 0x0000000715400000| Untracked 
|  97|0x0000000715600000, 0x0000000715600000, 0x0000000715800000|  0%| F|  |TAMS 0x0000000715600000| PB 0x0000000715600000| Untracked 
|  98|0x0000000715800000, 0x0000000715800000, 0x0000000715a00000|  0%| F|  |TAMS 0x0000000715800000| PB 0x0000000715800000| Untracked 
|  99|0x0000000715a00000, 0x0000000715a00000, 0x0000000715c00000|  0%| F|  |TAMS 0x0000000715a00000| PB 0x0000000715a00000| Untracked 
| 100|0x0000000715c00000, 0x0000000715c00000, 0x0000000715e00000|  0%| F|  |TAMS 0x0000000715c00000| PB 0x0000000715c00000| Untracked 
| 101|0x0000000715e00000, 0x0000000715e00000, 0x0000000716000000|  0%| F|  |TAMS 0x0000000715e00000| PB 0x0000000715e00000| Untracked 
| 102|0x0000000716000000, 0x0000000716000000, 0x0000000716200000|  0%| F|  |TAMS 0x0000000716000000| PB 0x0000000716000000| Untracked 
| 103|0x0000000716200000, 0x0000000716200000, 0x0000000716400000|  0%| F|  |TAMS 0x0000000716200000| PB 0x0000000716200000| Untracked 
| 104|0x0000000716400000, 0x0000000716400000, 0x0000000716600000|  0%| F|  |TAMS 0x0000000716400000| PB 0x0000000716400000| Untracked 
| 105|0x0000000716600000, 0x0000000716600000, 0x0000000716800000|  0%| F|  |TAMS 0x0000000716600000| PB 0x0000000716600000| Untracked 
| 106|0x0000000716800000, 0x0000000716800000, 0x0000000716a00000|  0%| F|  |TAMS 0x0000000716800000| PB 0x0000000716800000| Untracked 
| 107|0x0000000716a00000, 0x0000000716a00000, 0x0000000716c00000|  0%| F|  |TAMS 0x0000000716a00000| PB 0x0000000716a00000| Untracked 
| 108|0x0000000716c00000, 0x0000000716c00000, 0x0000000716e00000|  0%| F|  |TAMS 0x0000000716c00000| PB 0x0000000716c00000| Untracked 
| 109|0x0000000716e00000, 0x0000000716e00000, 0x0000000717000000|  0%| F|  |TAMS 0x0000000716e00000| PB 0x0000000716e00000| Untracked 
| 110|0x0000000717000000, 0x0000000717000000, 0x0000000717200000|  0%| F|  |TAMS 0x0000000717000000| PB 0x0000000717000000| Untracked 
| 111|0x0000000717200000, 0x0000000717400000, 0x0000000717400000|100%| S|CS|TAMS 0x0000000717200000| PB 0x0000000717200000| Complete 
| 112|0x0000000717400000, 0x0000000717600000, 0x0000000717600000|100%| S|CS|TAMS 0x0000000717400000| PB 0x0000000717400000| Complete 
| 113|0x0000000717600000, 0x0000000717600000, 0x0000000717800000|  0%| F|  |TAMS 0x0000000717600000| PB 0x0000000717600000| Untracked 
| 114|0x0000000717800000, 0x0000000717800000, 0x0000000717a00000|  0%| F|  |TAMS 0x0000000717800000| PB 0x0000000717800000| Untracked 
| 115|0x0000000717a00000, 0x0000000717a00000, 0x0000000717c00000|  0%| F|  |TAMS 0x0000000717a00000| PB 0x0000000717a00000| Untracked 
| 116|0x0000000717c00000, 0x0000000717c00000, 0x0000000717e00000|  0%| F|  |TAMS 0x0000000717c00000| PB 0x0000000717c00000| Untracked 
| 117|0x0000000717e00000, 0x0000000717e00000, 0x0000000718000000|  0%| F|  |TAMS 0x0000000717e00000| PB 0x0000000717e00000| Untracked 
| 118|0x0000000718000000, 0x0000000718000000, 0x0000000718200000|  0%| F|  |TAMS 0x0000000718000000| PB 0x0000000718000000| Untracked 
| 119|0x0000000718200000, 0x000000071835d3d0, 0x0000000718400000| 68%| E|  |TAMS 0x0000000718200000| PB 0x0000000718200000| Complete 
| 120|0x0000000718400000, 0x0000000718600000, 0x0000000718600000|100%| E|CS|TAMS 0x0000000718400000| PB 0x0000000718400000| Complete 
| 121|0x0000000718600000, 0x0000000718800000, 0x0000000718800000|100%| E|CS|TAMS 0x0000000718600000| PB 0x0000000718600000| Complete 
| 122|0x0000000718800000, 0x0000000718a00000, 0x0000000718a00000|100%| E|CS|TAMS 0x0000000718800000| PB 0x0000000718800000| Complete 
| 123|0x0000000718a00000, 0x0000000718c00000, 0x0000000718c00000|100%| E|CS|TAMS 0x0000000718a00000| PB 0x0000000718a00000| Complete 

Card table byte_map: [0x0000016c58d70000,0x0000016c59530000] _byte_map_base: 0x0000016c55526000

Marking Bits: (CMBitMap*) 0x0000016c409300b0
 Bits: [0x0000016c59530000, 0x0000016c5d2e0000)

Polling page: 0x0000016c3e850000

Metaspace:

Usage:
  Non-class:      5.58 MB used.
      Class:    740.45 KB used.
       Both:      6.31 MB used.

Virtual space:
  Non-class space:       64.00 MB reserved,       5.69 MB (  9%) committed,  1 nodes.
      Class space:        1.00 GB reserved,     832.00 KB ( <1%) committed,  1 nodes.
             Both:        1.06 GB reserved,       6.50 MB ( <1%) committed. 

Chunk freelists:
   Non-Class:  8.66 MB
       Class:  15.20 MB
        Both:  23.86 MB

MaxMetaspaceSize: unlimited
CompressedClassSpaceSize: 1.00 GB
Initial GC threshold: 21.00 MB
Current GC threshold: 21.00 MB
CDS: on
 - commit_granule_bytes: 65536.
 - commit_granule_words: 8192.
 - virtual_space_node_default_size: 8388608.
 - enlarge_chunks_in_place: 1.
 - use_allocation_guard: 0.


Internal statistics:

num_allocs_failed_limit: 0.
num_arena_births: 54.
num_arena_deaths: 0.
num_vsnodes_births: 2.
num_vsnodes_deaths: 0.
num_space_committed: 104.
num_space_uncommitted: 0.
num_chunks_returned_to_freelist: 0.
num_chunks_taken_from_freelist: 234.
num_chunk_merges: 0.
num_chunk_splits: 155.
num_chunks_enlarged: 132.
num_inconsistent_stats: 0.

CodeHeap 'non-profiled nmethods': size=119168Kb used=619Kb max_used=619Kb free=118549Kb
 bounds [0x0000016c508c0000, 0x0000016c50b30000, 0x0000016c57d20000]
CodeHeap 'profiled nmethods': size=119104Kb used=2794Kb max_used=2794Kb free=116309Kb
 bounds [0x0000016c48d20000, 0x0000016c48fe0000, 0x0000016c50170000]
CodeHeap 'non-nmethods': size=7488Kb used=3045Kb max_used=3113Kb free=4442Kb
 bounds [0x0000016c50170000, 0x0000016c50480000, 0x0000016c508c0000]
 total_blobs=1900 nmethods=1436 adapters=366
 compilation: enabled
              stopped_count=0, restarted_count=0
 full_count=0

Compilation events (20 events):
Event: 0.707 Thread 0x0000016c60969590 nmethod 1400 0x0000016c48fcb390 code [0x0000016c48fcb520, 0x0000016c48fcb618]
Event: 0.708 Thread 0x0000016c6027ea00 1401       1       jdk.internal.loader.AbstractClassLoaderValue$Sub::parent (5 bytes)
Event: 0.708 Thread 0x0000016c6027ea00 nmethod 1401 0x0000016c5094fc10 code [0x0000016c5094fda0, 0x0000016c5094fe70]
Event: 0.709 Thread 0x0000016c6027ea00 1402       3       java.util.HashMap::tableSizeFor (32 bytes)
Event: 0.709 Thread 0x0000016c6027ea00 nmethod 1402 0x0000016c48fcb690 code [0x0000016c48fcb860, 0x0000016c48fcba78]
Event: 0.709 Thread 0x0000016c60969590 1403       3       jdk.internal.org.objectweb.asm.Frame::accept (264 bytes)
Event: 0.709 Thread 0x0000016c6027ea00 1404       3       java.lang.reflect.ProxyGenerator::dotToSlash (9 bytes)
Event: 0.709 Thread 0x0000016ca61cc760 1405       4       java.lang.String::replace (42 bytes)
Event: 0.710 Thread 0x0000016c6027ea00 nmethod 1404 0x0000016c48fcbb10 code [0x0000016c48fcbcc0, 0x0000016c48fcbdf0]
Event: 0.710 Thread 0x0000016c60969590 nmethod 1403 0x0000016c48fcbe90 code [0x0000016c48fcc0c0, 0x0000016c48fcca00]
Event: 0.710 Thread 0x0000016c60969590 1406       3       java.lang.Class::privateGetDeclaredMethods (64 bytes)
Event: 0.711 Thread 0x0000016ca60d60e0 nmethod 1182 0x0000016c5094ff10 code [0x0000016c509504c0, 0x0000016c50953a50]
Event: 0.711 Thread 0x0000016c60933900 1407       3       com.google.inject.TypeLiteral::equals (30 bytes)
Event: 0.711 Thread 0x0000016c60969590 nmethod 1406 0x0000016c48fccd90 code [0x0000016c48fccfc0, 0x0000016c48fcd7e8]
Event: 0.711 Thread 0x0000016c603db5a0 1408       3       com.google.inject.internal.MoreTypes::equals (282 bytes)
Event: 0.711 Thread 0x0000016c60933900 nmethod 1407 0x0000016c48fcda10 code [0x0000016c48fcdbe0, 0x0000016c48fcdfb0]
Event: 0.712 Thread 0x0000016c6027b7d0 1409       4       java.lang.String::<init> (74 bytes)
Event: 0.713 Thread 0x0000016c603db5a0 nmethod 1408 0x0000016c48fce090 code [0x0000016c48fce560, 0x0000016c48fd1408]
Event: 0.713 Thread 0x0000016c60933900 1410       3       com.google.inject.internal.AbstractBindingBuilder::setBinding (22 bytes)
Event: 0.713 Thread 0x0000016c60933900 nmethod 1410 0x0000016c48fd1b10 code [0x0000016c48fd1cc0, 0x0000016c48fd1f18]

GC Heap History (2 events):
Event: 0.490 GC heap before
{Heap before GC invocations=0 (full 0):
 garbage-first heap   total 253952K, used 22528K [0x0000000709400000, 0x0000000800000000)
  region size 2048K, 11 young (22528K), 0 survivors (0K)
 Metaspace       used 5737K, committed 5952K, reserved 1114112K
  class space    used 653K, committed 768K, reserved 1048576K
}
Event: 0.495 GC heap after
{Heap after GC invocations=1 (full 0):
 garbage-first heap   total 253952K, used 4096K [0x0000000709400000, 0x0000000800000000)
  region size 2048K, 2 young (4096K), 2 survivors (4096K)
 Metaspace       used 5737K, committed 5952K, reserved 1114112K
  class space    used 653K, committed 768K, reserved 1048576K
}

Dll operation events (8 events):
Event: 0.006 Loaded shared library C:\Program Files\Java\jdk-21\bin\java.dll
Event: 0.028 Loaded shared library C:\Program Files\Java\jdk-21\bin\jsvml.dll
Event: 0.042 Loaded shared library C:\Program Files\Java\jdk-21\bin\net.dll
Event: 0.043 Loaded shared library C:\Program Files\Java\jdk-21\bin\nio.dll
Event: 0.046 Loaded shared library C:\Program Files\Java\jdk-21\bin\zip.dll
Event: 0.127 Loaded shared library C:\Program Files\Java\jdk-21\bin\jimage.dll
Event: 0.135 Loaded shared library C:\Program Files\NetBeans-20\netbeans\java\maven\lib\jansi-native\Windows\x86_64\jansi.dll
Event: 0.144 Loaded shared library C:\Program Files\Java\jdk-21\bin\verify.dll

Deoptimization events (20 events):
Event: 0.496 Thread 0x0000016c602732d0 Uncommon trap: trap_request=0xffffff45 fr.pc=0x0000016c509122a0 relative=0x0000000000000180
Event: 0.496 Thread 0x0000016c602732d0 Uncommon trap: reason=unstable_if action=reinterpret pc=0x0000016c509122a0 method=java.util.concurrent.locks.ReentrantLock$NonfairSync.initialTryLock()Z @ 25 c2
Event: 0.496 Thread 0x0000016c602732d0 DEOPT PACKING pc=0x0000016c509122a0 sp=0x000000541dcff370
Event: 0.496 Thread 0x0000016c602732d0 DEOPT UNPACKING pc=0x0000016c501c46a2 sp=0x000000541dcff310 mode 2
Event: 0.579 Thread 0x0000016c3e58cb80 Uncommon trap: trap_request=0xffffff45 fr.pc=0x0000016c5091b2b8 relative=0x0000000000000b58
Event: 0.579 Thread 0x0000016c3e58cb80 Uncommon trap: reason=unstable_if action=reinterpret pc=0x0000016c5091b2b8 method=org.codehaus.plexus.util.xml.pull.MXParser.nextImpl()I @ 241 c2
Event: 0.579 Thread 0x0000016c3e58cb80 DEOPT PACKING pc=0x0000016c5091b2b8 sp=0x000000541d4fe290
Event: 0.579 Thread 0x0000016c3e58cb80 DEOPT UNPACKING pc=0x0000016c501c46a2 sp=0x000000541d4fe220 mode 2
Event: 0.682 Thread 0x0000016c3e58cb80 Uncommon trap: trap_request=0xffffffc6 fr.pc=0x0000016c50900c98 relative=0x0000000000000338
Event: 0.682 Thread 0x0000016c3e58cb80 Uncommon trap: reason=bimorphic_or_optimized_type_check action=maybe_recompile pc=0x0000016c50900c98 method=java.util.concurrent.ConcurrentHashMap.get(Ljava/lang/Object;)Ljava/lang/Object; @ 149 c2
Event: 0.682 Thread 0x0000016c3e58cb80 DEOPT PACKING pc=0x0000016c50900c98 sp=0x000000541d4fd630
Event: 0.682 Thread 0x0000016c3e58cb80 DEOPT UNPACKING pc=0x0000016c501c46a2 sp=0x000000541d4fd5a0 mode 2
Event: 0.686 Thread 0x0000016c3e58cb80 Uncommon trap: trap_request=0xffffffc6 fr.pc=0x0000016c50900c98 relative=0x0000000000000338
Event: 0.686 Thread 0x0000016c3e58cb80 Uncommon trap: reason=bimorphic_or_optimized_type_check action=maybe_recompile pc=0x0000016c50900c98 method=java.util.concurrent.ConcurrentHashMap.get(Ljava/lang/Object;)Ljava/lang/Object; @ 149 c2
Event: 0.686 Thread 0x0000016c3e58cb80 DEOPT PACKING pc=0x0000016c50900c98 sp=0x000000541d4fd630
Event: 0.686 Thread 0x0000016c3e58cb80 DEOPT UNPACKING pc=0x0000016c501c46a2 sp=0x000000541d4fd5a0 mode 2
Event: 0.689 Thread 0x0000016c3e58cb80 Uncommon trap: trap_request=0xffffffc6 fr.pc=0x0000016c50900c98 relative=0x0000000000000338
Event: 0.689 Thread 0x0000016c3e58cb80 Uncommon trap: reason=bimorphic_or_optimized_type_check action=maybe_recompile pc=0x0000016c50900c98 method=java.util.concurrent.ConcurrentHashMap.get(Ljava/lang/Object;)Ljava/lang/Object; @ 149 c2
Event: 0.689 Thread 0x0000016c3e58cb80 DEOPT PACKING pc=0x0000016c50900c98 sp=0x000000541d4fd630
Event: 0.689 Thread 0x0000016c3e58cb80 DEOPT UNPACKING pc=0x0000016c501c46a2 sp=0x000000541d4fd5a0 mode 2

Classes loaded (20 events):
Event: 0.419 Loading class java/lang/reflect/WildcardType
Event: 0.419 Loading class java/lang/reflect/WildcardType done
Event: 0.421 Loading class sun/reflect/generics/tree/TypeVariableSignature
Event: 0.421 Loading class sun/reflect/generics/tree/TypeVariableSignature done
Event: 0.437 Loading class java/lang/annotation/IncompleteAnnotationException
Event: 0.437 Loading class java/lang/annotation/IncompleteAnnotationException done
Event: 0.440 Loading class jdk/internal/foreign/MemorySessionImpl
Event: 0.440 Loading class java/lang/foreign/MemorySegment$Scope
Event: 0.440 Loading class java/lang/foreign/MemorySegment$Scope done
Event: 0.440 Loading class jdk/internal/foreign/MemorySessionImpl done
Event: 0.460 Loading class java/lang/foreign/MemorySegment
Event: 0.460 Loading class java/lang/foreign/MemorySegment done
Event: 0.585 Loading class sun/reflect/generics/reflectiveObjects/TypeVariableImpl
Event: 0.586 Loading class sun/reflect/generics/reflectiveObjects/LazyReflectiveObjectGenerator
Event: 0.586 Loading class sun/reflect/generics/reflectiveObjects/LazyReflectiveObjectGenerator done
Event: 0.586 Loading class sun/reflect/generics/reflectiveObjects/TypeVariableImpl done
Event: 0.586 Loading class sun/reflect/generics/reflectiveObjects/ParameterizedTypeImpl
Event: 0.586 Loading class sun/reflect/generics/reflectiveObjects/ParameterizedTypeImpl done
Event: 0.587 Loading class sun/reflect/misc/ReflectUtil
Event: 0.587 Loading class sun/reflect/misc/ReflectUtil done

Classes unloaded (0 events):
No events

Classes redefined (0 events):
No events

Internal exceptions (20 events):
Event: 0.139 Thread 0x0000016c3e58cb80 Exception <a 'java/lang/NullPointerException'{0x0000000718796f80}> (0x0000000718796f80) 
thrown [s\open\src\hotspot\share\interpreter\linkResolver.cpp, line 1372]
Event: 0.139 Thread 0x0000016c3e58cb80 Exception <a 'java/lang/NullPointerException'{0x0000000718797260}> (0x0000000718797260) 
thrown [s\open\src\hotspot\share\interpreter\linkResolver.cpp, line 1372]
Event: 0.139 Thread 0x0000016c3e58cb80 Exception <a 'java/lang/NullPointerException'{0x0000000718797540}> (0x0000000718797540) 
thrown [s\open\src\hotspot\share\interpreter\linkResolver.cpp, line 1372]
Event: 0.143 Thread 0x0000016c3e58cb80 Exception <a 'sun/nio/fs/WindowsException'{0x00000007187c09f0}> (0x00000007187c09f0) 
thrown [s\open\src\hotspot\share\prims\jni.cpp, line 520]
Event: 0.143 Thread 0x0000016c3e58cb80 Exception <a 'sun/nio/fs/WindowsException'{0x00000007187c1180}> (0x00000007187c1180) 
thrown [s\open\src\hotspot\share\prims\jni.cpp, line 520]
Event: 0.143 Thread 0x0000016c3e58cb80 Exception <a 'sun/nio/fs/WindowsException'{0x00000007187c1778}> (0x00000007187c1778) 
thrown [s\open\src\hotspot\share\prims\jni.cpp, line 520]
Event: 0.143 Thread 0x0000016c3e58cb80 Exception <a 'sun/nio/fs/WindowsException'{0x00000007187c1d00}> (0x00000007187c1d00) 
thrown [s\open\src\hotspot\share\prims\jni.cpp, line 520]
Event: 0.143 Thread 0x0000016c3e58cb80 Exception <a 'sun/nio/fs/WindowsException'{0x00000007187c2258}> (0x00000007187c2258) 
thrown [s\open\src\hotspot\share\prims\jni.cpp, line 520]
Event: 0.143 Thread 0x0000016c3e58cb80 Exception <a 'sun/nio/fs/WindowsException'{0x00000007187c2760}> (0x00000007187c2760) 
thrown [s\open\src\hotspot\share\prims\jni.cpp, line 520]
Event: 0.143 Thread 0x0000016c3e58cb80 Exception <a 'sun/nio/fs/WindowsException'{0x00000007187c2c20}> (0x00000007187c2c20) 
thrown [s\open\src\hotspot\share\prims\jni.cpp, line 520]
Event: 0.161 Thread 0x0000016c3e58cb80 Exception <a 'java/lang/NoSuchMethodError'{0x0000000718435608}: 'void java.lang.invoke.DirectMethodHandle$Holder.invokeStatic(java.lang.Object, java.lang.Object, java.lang.Object)'> (0x0000000718435608) 
thrown [s\open\src\hotspot\share\interpreter\linkResolver.cpp, line 773]
Event: 0.217 Thread 0x0000016c3e58cb80 Exception <a 'java/lang/NoSuchMethodError'{0x00000007185e5a18}: 'java.lang.Object java.lang.invoke.DirectMethodHandle$Holder.invokeSpecialIFC(java.lang.Object, java.lang.Object, java.lang.Object, java.lang.Object)'> (0x00000007185e5a18) 
thrown [s\open\src\hotspot\share\interpreter\linkResolver.cpp, line 773]
Event: 0.343 Thread 0x0000016c3e58cb80 Exception <a 'java/lang/NoSuchMethodError'{0x0000000717c1f870}: 'void java.lang.invoke.DirectMethodHandle$Holder.invokeSpecial(java.lang.Object, java.lang.Object, java.lang.Object)'> (0x0000000717c1f870) 
thrown [s\open\src\hotspot\share\interpreter\linkResolver.cpp, line 773]
Event: 0.364 Thread 0x0000016c3e58cb80 Exception <a 'java/lang/NoSuchMethodError'{0x0000000717d60f78}: 'java.lang.Object java.lang.invoke.DirectMethodHandle$Holder.invokeInterface(java.lang.Object, java.lang.Object)'> (0x0000000717d60f78) 
thrown [s\open\src\hotspot\share\interpreter\linkResolver.cpp, line 773]
Event: 0.374 Thread 0x0000016c3e58cb80 Exception <a 'java/lang/NoSuchMethodError'{0x0000000717df2e08}: 'int java.lang.invoke.DirectMethodHandle$Holder.invokeStatic(java.lang.Object, java.lang.Object, java.lang.Object, java.lang.Object)'> (0x0000000717df2e08) 
thrown [s\open\src\hotspot\share\interpreter\linkResolver.cpp, line 773]
Event: 0.374 Thread 0x0000016c3e58cb80 Exception <a 'java/lang/NoSuchMethodError'{0x0000000717df6488}: 'java.lang.Object java.lang.invoke.Invokers$Holder.invokeExact_MT(java.lang.Object, java.lang.Object, java.lang.Object, java.lang.Object, java.lang.Object, java.lang.Object)'> (0x0000000717df6488) 
thrown [s\open\src\hotspot\share\interpreter\linkResolver.cpp, line 773]
Event: 0.375 Thread 0x0000016c3e58cb80 Exception <a 'java/lang/NoSuchMethodError'{0x0000000717a05080}: 'int java.lang.invoke.DirectMethodHandle$Holder.invokeSpecialIFC(java.lang.Object, java.lang.Object, java.lang.Object, java.lang.Object, java.lang.Object)'> (0x0000000717a05080) 
thrown [s\open\src\hotspot\share\interpreter\linkResolver.cpp, line 773]
Event: 0.405 Thread 0x0000016c3e58cb80 Exception <a 'java/lang/NoSuchMethodError'{0x0000000717b7d250}: 'java.lang.Object java.lang.invoke.DirectMethodHandle$Holder.newInvokeSpecial(java.lang.Object, java.lang.Object, java.lang.Object, java.lang.Object, java.lang.Object)'> (0x0000000717b7d250) 
thrown [s\open\src\hotspot\share\interpreter\linkResolver.cpp, line 773]
Event: 0.428 Thread 0x0000016c3e58cb80 Exception <a 'java/lang/NoSuchMethodError'{0x0000000717874d18}: 'int java.lang.invoke.DirectMethodHandle$Holder.invokeStaticInit(java.lang.Object, java.lang.Object)'> (0x0000000717874d18) 
thrown [s\open\src\hotspot\share\interpreter\linkResolver.cpp, line 773]
Event: 0.437 Thread 0x0000016c3e58cb80 Exception <a 'java/lang/NoClassDefFoundError'{0x00000007178a8780}: javax/enterprise/inject/Typed> (0x00000007178a8780) 
thrown [s\open\src\hotspot\share\classfile\systemDictionary.cpp, line 301]

ZGC Phase Switch (0 events):
No events

VM Operations (10 events):
Event: 0.047 Executing VM operation: HandshakeAllThreads (Deoptimize)
Event: 0.047 Executing VM operation: HandshakeAllThreads (Deoptimize) done
Event: 0.124 Executing VM operation: HandshakeAllThreads (Deoptimize)
Event: 0.124 Executing VM operation: HandshakeAllThreads (Deoptimize) done
Event: 0.129 Executing VM operation: HandshakeAllThreads (Deoptimize)
Event: 0.129 Executing VM operation: HandshakeAllThreads (Deoptimize) done
Event: 0.451 Executing VM operation: ICBufferFull
Event: 0.451 Executing VM operation: ICBufferFull done
Event: 0.490 Executing VM operation: G1CollectForAllocation (G1 Evacuation Pause)
Event: 0.495 Executing VM operation: G1CollectForAllocation (G1 Evacuation Pause) done

Events (20 events):
Event: 0.026 Thread 0x0000016c602732d0 Thread added: 0x0000016c602732d0
Event: 0.026 Thread 0x0000016c60274040 Thread added: 0x0000016c60274040
Event: 0.027 Thread 0x0000016c60276560 Thread added: 0x0000016c60276560
Event: 0.027 Thread 0x0000016c60278100 Thread added: 0x0000016c60278100
Event: 0.027 Thread 0x0000016c602795e0 Thread added: 0x0000016c602795e0
Event: 0.027 Thread 0x0000016c6027a170 Thread added: 0x0000016c6027a170
Event: 0.027 Thread 0x0000016c6027b7d0 Thread added: 0x0000016c6027b7d0
Event: 0.027 Thread 0x0000016c6027ea00 Thread added: 0x0000016c6027ea00
Event: 0.029 Thread 0x0000016c603db5a0 Thread added: 0x0000016c603db5a0
Event: 0.038 Thread 0x0000016c60556940 Thread added: 0x0000016c60556940
Event: 0.040 Thread 0x0000016c60557580 Thread added: 0x0000016c60557580
Event: 0.104 Thread 0x0000016c607ae860 Thread added: 0x0000016c607ae860
Event: 0.236 Thread 0x0000016c60933900 Thread added: 0x0000016c60933900
Event: 0.236 Thread 0x0000016c60969590 Thread added: 0x0000016c60969590
Event: 0.457 Thread 0x0000016ca60d60e0 Thread added: 0x0000016ca60d60e0
Event: 0.463 Thread 0x0000016ca615bf60 Thread added: 0x0000016ca615bf60
Event: 0.463 Thread 0x0000016ca61cc760 Thread added: 0x0000016ca61cc760
Event: 0.463 Thread 0x0000016ca61cce10 Thread added: 0x0000016ca61cce10
Event: 0.463 Thread 0x0000016ca61cd4c0 Thread added: 0x0000016ca61cd4c0
Event: 0.463 Thread 0x0000016ca6165b30 Thread added: 0x0000016ca6165b30


Dynamic libraries:
0x00007ff7cab10000 - 0x00007ff7cab20000 	C:\Program Files\Java\jdk-21\bin\java.exe
0x00007ffc26f30000 - 0x00007ffc27146000 	C:\WINDOWS\SYSTEM32\ntdll.dll
0x00007ffc25fd0000 - 0x00007ffc26094000 	C:\WINDOWS\System32\KERNEL32.DLL
0x00007ffc248b0000 - 0x00007ffc24c57000 	C:\WINDOWS\System32\KERNELBASE.dll
0x00007ffc24640000 - 0x00007ffc24751000 	C:\WINDOWS\System32\ucrtbase.dll
0x00007ffbe42a0000 - 0x00007ffbe42bb000 	C:\Program Files\Java\jdk-21\bin\VCRUNTIME140.dll
0x00007ffc0df90000 - 0x00007ffc0dfa9000 	C:\Program Files\Java\jdk-21\bin\jli.dll
0x00007ffc26800000 - 0x00007ffc268b2000 	C:\WINDOWS\System32\ADVAPI32.dll
0x00007ffc26920000 - 0x00007ffc269c7000 	C:\WINDOWS\System32\msvcrt.dll
0x00007ffc252c0000 - 0x00007ffc25368000 	C:\WINDOWS\System32\sechost.dll
0x00007ffc24880000 - 0x00007ffc248a8000 	C:\WINDOWS\System32\bcrypt.dll
0x00007ffc24e60000 - 0x00007ffc24f75000 	C:\WINDOWS\System32\RPCRT4.dll
0x00007ffc262f0000 - 0x00007ffc2649e000 	C:\WINDOWS\System32\USER32.dll
0x00007ffc24550000 - 0x00007ffc24576000 	C:\WINDOWS\System32\win32u.dll
0x00007ffc26110000 - 0x00007ffc26139000 	C:\WINDOWS\System32\GDI32.dll
0x00007ffc10dd0000 - 0x00007ffc11063000 	C:\WINDOWS\WinSxS\amd64_microsoft.windows.common-controls_6595b64144ccf1df_6.0.22621.3235_none_270f74e173860f98\COMCTL32.dll
0x00007ffc24760000 - 0x00007ffc24879000 	C:\WINDOWS\System32\gdi32full.dll
0x00007ffc244b0000 - 0x00007ffc2454a000 	C:\WINDOWS\System32\msvcp_win.dll
0x00007ffc1bfb0000 - 0x00007ffc1bfba000 	C:\WINDOWS\SYSTEM32\VERSION.dll
0x00007ffc264a0000 - 0x00007ffc264d1000 	C:\WINDOWS\System32\IMM32.DLL
0x00007ffc1f7f0000 - 0x00007ffc1f7fc000 	C:\Program Files\Java\jdk-21\bin\vcruntime140_1.dll
0x00007ffbb0580000 - 0x00007ffbb060e000 	C:\Program Files\Java\jdk-21\bin\msvcp140.dll
0x00007ffb820c0000 - 0x00007ffb82dd5000 	C:\Program Files\Java\jdk-21\bin\server\jvm.dll
0x00007ffc24de0000 - 0x00007ffc24e51000 	C:\WINDOWS\System32\WS2_32.dll
0x00007ffc1b4c0000 - 0x00007ffc1b4f4000 	C:\WINDOWS\SYSTEM32\WINMM.dll
0x00007ffc23f70000 - 0x00007ffc23fbd000 	C:\WINDOWS\SYSTEM32\POWRPROF.dll
0x00007ffc23f50000 - 0x00007ffc23f63000 	C:\WINDOWS\SYSTEM32\UMPDC.dll
0x00007ffc23270000 - 0x00007ffc23288000 	C:\WINDOWS\SYSTEM32\kernel.appcore.dll
0x00007ffc1ae30000 - 0x00007ffc1ae3a000 	C:\Program Files\Java\jdk-21\bin\jimage.dll
0x00007ffc1af70000 - 0x00007ffc1b1a3000 	C:\WINDOWS\SYSTEM32\DBGHELP.DLL
0x00007ffc25370000 - 0x00007ffc256f8000 	C:\WINDOWS\System32\combase.dll
0x00007ffc26690000 - 0x00007ffc26767000 	C:\WINDOWS\System32\OLEAUT32.dll
0x00007ffc1af30000 - 0x00007ffc1af62000 	C:\WINDOWS\SYSTEM32\dbgcore.DLL
0x00007ffc243c0000 - 0x00007ffc24439000 	C:\WINDOWS\System32\bcryptPrimitives.dll
0x00007ffbe4240000 - 0x00007ffbe425f000 	C:\Program Files\Java\jdk-21\bin\java.dll
0x00007ffc25770000 - 0x00007ffc25fcc000 	C:\WINDOWS\System32\SHELL32.dll
0x00007ffc22180000 - 0x00007ffc22a79000 	C:\WINDOWS\SYSTEM32\windows.storage.dll
0x00007ffc22040000 - 0x00007ffc2217e000 	C:\WINDOWS\SYSTEM32\wintypes.dll
0x00007ffc25000000 - 0x00007ffc250f3000 	C:\WINDOWS\System32\SHCORE.dll
0x00007ffc268c0000 - 0x00007ffc2691e000 	C:\WINDOWS\System32\shlwapi.dll
0x00007ffc24180000 - 0x00007ffc241a1000 	C:\WINDOWS\SYSTEM32\profapi.dll
0x00007ffbe4160000 - 0x00007ffbe4237000 	C:\Program Files\Java\jdk-21\bin\jsvml.dll
0x00007ffbf3390000 - 0x00007ffbf33a0000 	C:\Program Files\Java\jdk-21\bin\net.dll
0x00007ffc1e850000 - 0x00007ffc1e986000 	C:\WINDOWS\SYSTEM32\WINHTTP.dll
0x00007ffc236e0000 - 0x00007ffc23749000 	C:\WINDOWS\system32\mswsock.dll
0x00007ffbe4140000 - 0x00007ffbe4156000 	C:\Program Files\Java\jdk-21\bin\nio.dll
0x00007ffbe4120000 - 0x00007ffbe4138000 	C:\Program Files\Java\jdk-21\bin\zip.dll
0x0000000069ac0000 - 0x0000000069ae4000 	C:\Program Files\NetBeans-20\netbeans\java\maven\lib\jansi-native\Windows\x86_64\jansi.dll
0x00007ffbe4110000 - 0x00007ffbe4120000 	C:\Program Files\Java\jdk-21\bin\verify.dll

dbghelp: loaded successfully - version: 4.0.5 - missing functions: none
symbol engine: initialized successfully - sym options: 0x614 - pdb path: .;C:\Program Files\Java\jdk-21\bin;C:\WINDOWS\SYSTEM32;C:\WINDOWS\WinSxS\amd64_microsoft.windows.common-controls_6595b64144ccf1df_6.0.22621.3235_none_270f74e173860f98;C:\Program Files\Java\jdk-21\bin\server;C:\Program Files\NetBeans-20\netbeans\java\maven\lib\jansi-native\Windows\x86_64

VM Arguments:
jvm_args: -Dclassworlds.conf=C:\Program Files\NetBeans-20\netbeans\java\maven\bin\m2.conf -Dmaven.home=C:\Program Files\NetBeans-20\netbeans\java\maven -Dlibrary.jansi.path=C:\Program Files\NetBeans-20\netbeans\java\maven\lib\jansi-native -Dmaven.multiModuleProjectDirectory=C:\Users\jairus\Documents\GitHub\First-Year-Projects\Inventory-System 
java_command: org.codehaus.plexus.classworlds.launcher.Launcher -Dexec.vmArgs= -Dexec.args=${exec.vmArgs} -classpath %classpath ${exec.mainClass} ${exec.appArgs} -Dexec.executable=C:\Program Files\Java\jdk-21\bin\java.exe -Dexec.mainClass=Main.Main -Dexec.classpathScope=runtime -Dexec.appArgs= -Dmaven.ext.class.path=C:\Program Files\NetBeans-20\netbeans\java\maven-nblib\netbeans-eventspy.jar --no-transfer-progress process-classes org.codehaus.mojo:exec-maven-plugin:3.1.0:exec
java_class_path (initial): C:\Program Files\NetBeans-20\netbeans\java\maven\boot\plexus-classworlds-2.7.0.jar
Launcher Type: SUN_STANDARD

[Global flags]
     intx CICompilerCount                          = 12                                        {product} {ergonomic}
     uint ConcGCThreads                            = 3                                         {product} {ergonomic}
     uint G1ConcRefinementThreads                  = 13                                        {product} {ergonomic}
   size_t G1HeapRegionSize                         = 2097152                                   {product} {ergonomic}
    uintx GCDrainStackTargetSize                   = 64                                        {product} {ergonomic}
   size_t InitialHeapSize                          = 260046848                                 {product} {ergonomic}
   size_t MarkStackSize                            = 4194304                                   {product} {ergonomic}
   size_t MaxHeapSize                              = 4139778048                                {product} {ergonomic}
   size_t MaxNewSize                               = 2483027968                                {product} {ergonomic}
   size_t MinHeapDeltaBytes                        = 2097152                                   {product} {ergonomic}
   size_t MinHeapSize                              = 8388608                                   {product} {ergonomic}
    uintx NonNMethodCodeHeapSize                   = 7602480                                {pd product} {ergonomic}
    uintx NonProfiledCodeHeapSize                  = 122027880                              {pd product} {ergonomic}
    uintx ProfiledCodeHeapSize                     = 122027880                              {pd product} {ergonomic}
    uintx ReservedCodeCacheSize                    = 251658240                              {pd product} {ergonomic}
     bool SegmentedCodeCache                       = true                                      {product} {ergonomic}
   size_t SoftMaxHeapSize                          = 4139778048                             {manageable} {ergonomic}
     bool UseCompressedOops                        = true                           {product lp64_product} {ergonomic}
     bool UseG1GC                                  = true                                      {product} {ergonomic}
     bool UseLargePagesIndividualAllocation        = false                                  {pd product} {ergonomic}

Logging:
Log output configuration:
 #0: stdout all=warning uptime,level,tags foldmultilines=false
 #1: stderr all=off uptime,level,tags foldmultilines=false

Environment Variables:
JAVA_HOME=C:\Program Files\Java\jdk-21
PATH=C:\ProgramData\Oracle\Java\javapath;C:\Program Files\Common Files\Oracle\Java\javapath;C:\Windows\system32;C:\Windows;C:\Windows\System32\Wbem;C:\Windows\System32\WindowsPowerShell\v1.0\;C:\Windows\System32\OpenSSH\;C:\Program Files (x86)\NVIDIA Corporation\PhysX\Common;C:\Program Files\NVIDIA Corporation\NVIDIA NvDLISR;C:\WINDOWS\system32;C:\WINDOWS;C:\WINDOWS\System32\Wbem;C:\WINDOWS\System32\WindowsPowerShell\v1.0\;C:\WINDOWS\System32\OpenSSH\;C:\Program Files\Git\cmd;C:\Users\jairus\AppData\Local\Programs\Python\Launcher\;C:\Users\jairus\AppData\Local\Microsoft\WindowsApps;C:\Users\jairus\AppData\Local\GitHubDesktop\bin;C:\ProgramData\jairus\GitHubDesktop\bin;C:\Users\jairus\AppData\Local\Programs\Microsoft VS Code\bin
USERNAME=jairus
OS=Windows_NT
PROCESSOR_IDENTIFIER=AMD64 Family 23 Model 96 Stepping 1, AuthenticAMD
TMP=C:\Users\jairus\AppData\Local\Temp
TEMP=C:\Users\jairus\AppData\Local\Temp




Periodic native trim disabled

---------------  S Y S T E M  ---------------

OS:
 Windows 11 , 64 bit Build 22621 (10.0.22621.3374)
OS uptime: 0 days 0:58 hours
Hyper-V role detected

CPU: total 16 (initial active 16) (16 cores per cpu, 2 threads per core) family 23 model 96 stepping 1 microcode 0x0, cx8, cmov, fxsr, ht, mmx, 3dnowpref, sse, sse2, sse3, ssse3, sse4a, sse4.1, sse4.2, popcnt, lzcnt, tsc, tscinvbit, avx, avx2, aes, clmul, bmi1, bmi2, adx, sha, fma, vzeroupper, clflush, clflushopt, hv, rdtscp, rdpid, f16c
Processor Information for all 16 processors :
  Max Mhz: 2901, Current Mhz: 2901, Mhz Limit: 2901

Memory: 4k page, system-wide physical 15789M (8170M free)
TotalPageFile size 18221M (AvailPageFile size 5666M)
current process WorkingSet (physical memory assigned to process): 106M, peak: 115M
current process commit charge ("private bytes"): 385M, peak: 395M

vm_info: Java HotSpot(TM) 64-Bit Server VM (21.0.1+12-LTS-29) for windows-amd64 JRE (21.0.1+12-LTS-29), built on 2023-10-05T13:27:09Z by "mach5one" with MS VC++ 17.1 (VS2022)

END.
