#
# A fatal error has been detected by the Java Runtime Environment:
#
#  EXCEPTION_ILLEGAL_INSTRUCTION (0xc000001d) at pc=0x00007fff3581edd6, pid=11776, tid=8904
#
# JRE version: Java(TM) SE Runtime Environment (21.0.1+12) (build 21.0.1+12-LTS-29)
# Java VM: Java HotSpot(TM) 64-Bit Server VM (21.0.1+12-LTS-29, mixed mode, sharing, tiered, compressed oops, compressed class ptrs, g1 gc, windows-amd64)
# Problematic frame:
# V  [jvm.dll+0xedd6]
#
# No core dump will be written. Minidumps are not enabled by default on client versions of Windows
#
# If you would like to submit a bug report, please visit:
#   https://bugreport.java.com/bugreport/crash.jsp
#

---------------  S U M M A R Y ------------

Command Line: -Dclassworlds.conf=C:\Program Files\NetBeans-20\netbeans\java\maven\bin\m2.conf -Dmaven.home=C:\Program Files\NetBeans-20\netbeans\java\maven -Dlibrary.jansi.path=C:\Program Files\NetBeans-20\netbeans\java\maven\lib\jansi-native -Dmaven.multiModuleProjectDirectory=C:\Users\jairus\Documents\GitHub\First-Year-Projects\Inventory-System org.codehaus.plexus.classworlds.launcher.Launcher -Dmaven.ext.class.path=C:\Program Files\NetBeans-20\netbeans\java\maven-nblib\netbeans-eventspy.jar --no-transfer-progress clean install

Host: AMD Ryzen 7 4800H with Radeon Graphics         , 16 cores, 15G,  Windows 11 , 64 bit Build 22621 (10.0.22621.3374)
Time: Sat Apr  6 17:02:29 2024 China Standard Time elapsed time: 4.579683 seconds (0d 0h 0m 4s)

---------------  T H R E A D  ---------------

Current thread (0x000001e52b853b50):  JavaThread "C1 CompilerThread2" daemon [_thread_in_native, id=8904, stack(0x0000006ddb900000,0x0000006ddba00000) (1024K)]


Current CompileTask:
C1:   4579 6777       3       org.eclipse.aether.util.graph.transformer.ConflictResolver$State::push (457 bytes)

Stack: [0x0000006ddb900000,0x0000006ddba00000],  sp=0x0000006ddb9fe8a0,  free space=1018k
Native frames: (J=compiled Java code, j=interpreted, Vv=VM code, C=native code)
V  [jvm.dll+0xedd6]
C  0x000001e52b888980


siginfo: EXCEPTION_ILLEGAL_INSTRUCTION (0xc000001d)


Registers:
RAX=0x000001e52bd2b298, RBX=0x0000006ddb9fe8c0, RCX=0x000001e5756b0370, RDX=0x00007fff361bbaf0
RSP=0x0000006ddb9fe8a0, RBP=0x0000006ddb9fe910, RSI=0x0000006ddb9feb10, RDI=0x00007fff35810000
R8 =0x000001e52b88a55f, R9 =0x000001e52b8ab120, R10=0x00007fffb4550000, R11=0x00007fffb4551b66
R12=0x0000000000000000, R13=0x0000000000000000, R14=0x0000000000000000, R15=0x0000000000000000
RIP=0x00007fff3581edd6, EFLAGS=0x0000000000010247


Register to memory mapping:

RAX=0x000001e52bd2b298 points into unknown readable memory: 0x0000000000000000 | 00 00 00 00 00 00 00 00
RBX=0x0000006ddb9fe8c0 is pointing into the stack for thread: 0x000001e52b853b50
RCX=0x000001e5756b0370 points into unknown readable memory: 0x00007fff361b1960 | 60 19 1b 36 ff 7f 00 00
RDX=0x00007fff361bbaf0 jvm.dll
RSP=0x0000006ddb9fe8a0 is pointing into the stack for thread: 0x000001e52b853b50
RBP=0x0000006ddb9fe910 is pointing into the stack for thread: 0x000001e52b853b50
RSI=0x0000006ddb9feb10 is pointing into the stack for thread: 0x000001e52b853b50
RDI=0x00007fff35810000 jvm.dll
R8 =0x000001e52b88a55f points into unknown readable memory: 57
R9 =0x000001e52b8ab120 points into unknown readable memory: 0x00f401a8024a0007 | 07 00 4a 02 a8 01 f4 00
R10=0x00007fffb4550000 VCRUNTIME140.dll
R11=0x00007fffb4551b66 VCRUNTIME140.dll
R12=0x0 is null
R13=0x0 is null
R14=0x0 is null
R15=0x0 is null

Top of Stack: (sp=0x0000006ddb9fe8a0)
0x0000006ddb9fe8a0:   000001e5756b01a0 0000006ddb9feb10
0x0000006ddb9fe8b0:   000001e572ade101 0000000000000000
0x0000006ddb9fe8c0:   000001e52b888a30 000001e52b888980
0x0000006ddb9fe8d0:   000001e52b88a55f 0000000000000000
0x0000006ddb9fe8e0:   000001e52bd28540 000001e52b88a4b8
0x0000006ddb9fe8f0:   000001e52b88a681 000001e52b88a55f
0x0000006ddb9fe900:   000000b9000000b9 00007fff359bf1c9
0x0000006ddb9fe910:   0000006ddb9feec0 0000000000000000
0x0000006ddb9fe920:   0000000000000000 ffffffffffffffff
0x0000006ddb9fe930:   000001e57269c110 000001e5756afee8
0x0000006ddb9fe940:   0000000000000000 00007fff3596eb35
0x0000006ddb9fe950:   0000000000000000 0000000000000000
0x0000006ddb9fe960:   0000006ddb9feb10 000001e57269c110
0x0000006ddb9fe970:   000001e571cba240 00007fff3596884e
0x0000006ddb9fe980:   0000006ddb9feb10 0000006ddb9fea80
0x0000006ddb9fe990:   000001e52bd28540 000001e52b888a30
0x0000006ddb9fe9a0:   0000000000000100 0000006ddb9feaa0
0x0000006ddb9fe9b0:   0000006ddb9feec0 000001e571cba240
0x0000006ddb9fe9c0:   0000002000000017 000001e52bd2a628
0x0000006ddb9fe9d0:   0000000000000000 000001e571cba3f0
0x0000006ddb9fe9e0:   000001c9000001c8 000001e571cbb250
0x0000006ddb9fe9f0:   0000000000000000 0000000000000000
0x0000006ddb9fea00:   0000000000000000 0000000000000000
0x0000006ddb9fea10:   0000000000000000 0000001700000000
0x0000006ddb9fea20:   000001e52bd2b2a8 0000000000000000
0x0000006ddb9fea30:   0000000000000002 00007fff00000000
0x0000006ddb9fea40:   000001e52c499e10 00007fff35a06b00
0x0000006ddb9fea50:   000001e52b88a408 0000000000000003
0x0000006ddb9fea60:   000001e571cba290 00007fff3594ef6f
0x0000006ddb9fea70:   0000000000000001 00000000ffffffff
0x0000006ddb9fea80:   0000006ddb9ff630 000001e52b888a30
0x0000006ddb9fea90:   000001e571cba2b8 00007fff35978803 

Instructions: (pc=0x00007fff3581edd6)
0x00007fff3581ecd6:   77 03 89 11 c3 c7 01 ff ff ff ff c3 cc cc cc cc
0x00007fff3581ece6:   cc cc cc cc cc cc cc cc cc cc 48 8b c1 83 fa 0f
0x00007fff3581ecf6:   77 03 89 11 c3 c7 01 ff ff ff ff c3 cc cc cc cc
0x00007fff3581ed06:   cc cc cc cc cc cc cc cc cc cc 48 8b c1 83 fa 1f
0x00007fff3581ed16:   77 03 89 11 c3 c7 01 ff ff ff ff c3 cc cc cc cc
0x00007fff3581ed26:   cc cc cc cc cc cc cc cc cc cc 48 83 ec 68 44 8b
0x00007fff3581ed36:   05 19 13 8f 00 33 c0 f7 da 48 89 44 24 40 89 44
0x00007fff3581ed46:   24 48 48 8d 05 79 a2 8f 00 89 54 24 30 48 8d 54
0x00007fff3581ed56:   24 20 48 89 44 24 38 c7 44 24 20 04 00 00 00 48
0x00007fff3581ed66:   c7 44 24 24 ff ff ff ff c7 44 24 2c ff ff ff ff
0x00007fff3581ed76:   c6 44 24 34 00 e8 e0 c9 0e 00 48 83 c4 68 c3 cc
0x00007fff3581ed86:   cc cc cc cc cc cc cc cc cc cc 49 8b 40 08 41 8b
0x00007fff3581ed96:   c9 48 8b 0c c8 48 8b 42 18 44 8b 41 28 4a 0f bf
0x00007fff3581eda6:   4c 80 02 48 8d 05 a0 ac 8e 00 0f b6 04 01 c3 cc
0x00007fff3581edb6:   cc cc cc cc cc cc cc cc cc cc 33 c0 c3 cc cc cc
0x00007fff3581edc6:   cc cc cc cc cc cc cc cc cc cc 48 83 ec 28 83 f9
0x00007fff3581edd6:   17 77 57 48 63 c1 48 8d 15 1d 12 ff ff 0f b6 84
0x00007fff3581ede6:   02 60 ee 00 00 8b 8c 82 44 ee 00 00 48 03 ca ff
0x00007fff3581edf6:   e1 33 c0 48 83 c4 28 c3 b8 04 00 00 00 48 83 c4
0x00007fff3581ee06:   28 c3 b8 02 00 00 00 48 83 c4 28 c3 b8 05 00 00
0x00007fff3581ee16:   00 48 83 c4 28 c3 b8 01 00 00 00 48 83 c4 28 c3
0x00007fff3581ee26:   b8 06 00 00 00 48 83 c4 28 c3 ba d7 0a 00 00 48
0x00007fff3581ee36:   8d 0d e4 47 90 00 e8 af 1c 27 00 cc 66 90 f7 ed
0x00007fff3581ee46:   00 00 26 ee 00 00 1c ee 00 00 fe ed 00 00 08 ee
0x00007fff3581ee56:   00 00 12 ee 00 00 30 ee 00 00 00 01 06 02 03 04
0x00007fff3581ee66:   06 05 06 06 06 06 06 06 06 06 06 01 06 02 06 04
0x00007fff3581ee76:   06 05 cc cc cc cc cc cc cc cc 48 83 ec 28 83 f9
0x00007fff3581ee86:   07 77 4f 48 63 c1 48 8d 15 6d 11 ff ff 8b 8c 82
0x00007fff3581ee96:   ec ee 00 00 48 03 ca ff e1 33 c0 48 83 c4 28 c3
0x00007fff3581eea6:   b8 04 00 00 00 48 83 c4 28 c3 b8 12 00 00 00 48
0x00007fff3581eeb6:   83 c4 28 c3 b8 1d 00 00 00 48 83 c4 28 c3 b8 11
0x00007fff3581eec6:   00 00 00 48 83 c4 28 c3 b8 1e 00 00 00 48 83 c4 


Stack slot to memory mapping:

stack at sp + 0 slots: 0x000001e5756b01a0 points into unknown readable memory: 0x0000000200000002 | 02 00 00 00 02 00 00 00
stack at sp + 1 slots: 0x0000006ddb9feb10 is pointing into the stack for thread: 0x000001e52b853b50
stack at sp + 2 slots: 0x000001e572ade101 points into unknown readable memory: 00 00 00 00 00 00 00
stack at sp + 3 slots: 0x0 is null
stack at sp + 4 slots: 0x000001e52b888a30 points into unknown readable memory: 0x00007fff361bac80 | 80 ac 1b 36 ff 7f 00 00
stack at sp + 5 slots: 0x000001e52b888980 points into unknown readable memory: 0x00007fff361ba768 | 68 a7 1b 36 ff 7f 00 00
stack at sp + 6 slots: 0x000001e52b88a55f points into unknown readable memory: 57
stack at sp + 7 slots: 0x0 is null


---------------  P R O C E S S  ---------------

Threads class SMR info:
_java_thread_list=0x000001e5725494e0, length=21, elements={
0x000001e5095cde00, 0x000001e52ad5d290, 0x000001e52ad5dfb0, 0x000001e52ad5fd30,
0x000001e52ad60790, 0x000001e52ad62200, 0x000001e52ad62c60, 0x000001e52ad66790,
0x000001e52ad677f0, 0x000001e52b3258a0, 0x000001e52b47b620, 0x000001e52b499170,
0x000001e52b853b50, 0x000001e52b854600, 0x000001e52b94f900, 0x000001e5711f82e0,
0x000001e52bd26d80, 0x000001e573379420, 0x000001e573377fb0, 0x000001e573378680,
0x000001e573378d50
}

Java Threads: ( => current thread )
  0x000001e5095cde00 JavaThread "main"                              [_thread_in_native, id=13208, stack(0x0000006dda600000,0x0000006dda700000) (1024K)]
  0x000001e52ad5d290 JavaThread "Reference Handler"          daemon [_thread_blocked, id=19504, stack(0x0000006ddae00000,0x0000006ddaf00000) (1024K)]
  0x000001e52ad5dfb0 JavaThread "Finalizer"                  daemon [_thread_blocked, id=5124, stack(0x0000006ddaf00000,0x0000006ddb000000) (1024K)]
  0x000001e52ad5fd30 JavaThread "Signal Dispatcher"          daemon [_thread_blocked, id=7204, stack(0x0000006ddb000000,0x0000006ddb100000) (1024K)]
  0x000001e52ad60790 JavaThread "Attach Listener"            daemon [_thread_blocked, id=14684, stack(0x0000006ddb100000,0x0000006ddb200000) (1024K)]
  0x000001e52ad62200 JavaThread "Service Thread"             daemon [_thread_blocked, id=18680, stack(0x0000006ddb200000,0x0000006ddb300000) (1024K)]
  0x000001e52ad62c60 JavaThread "Monitor Deflation Thread"   daemon [_thread_blocked, id=6888, stack(0x0000006ddb300000,0x0000006ddb400000) (1024K)]
  0x000001e52ad66790 JavaThread "C2 CompilerThread0"         daemon [_thread_in_vm, id=6744, stack(0x0000006ddb400000,0x0000006ddb500000) (1024K)]
  0x000001e52ad677f0 JavaThread "C1 CompilerThread0"         daemon [_thread_blocked, id=20828, stack(0x0000006ddb500000,0x0000006ddb600000) (1024K)]
  0x000001e52b3258a0 JavaThread "C1 CompilerThread1"         daemon [_thread_blocked, id=4156, stack(0x0000006ddb600000,0x0000006ddb700000) (1024K)]
  0x000001e52b47b620 JavaThread "Notification Thread"        daemon [_thread_blocked, id=17576, stack(0x0000006ddb700000,0x0000006ddb800000) (1024K)]
  0x000001e52b499170 JavaThread "Common-Cleaner"             daemon [_thread_blocked, id=8900, stack(0x0000006ddb800000,0x0000006ddb900000) (1024K)]
=>0x000001e52b853b50 JavaThread "C1 CompilerThread2"         daemon [_thread_in_native, id=8904, stack(0x0000006ddb900000,0x0000006ddba00000) (1024K)]
  0x000001e52b854600 JavaThread "C1 CompilerThread3"         daemon [_thread_blocked, id=6036, stack(0x0000006ddba00000,0x0000006ddbb00000) (1024K)]
  0x000001e52b94f900 JavaThread "C2 CompilerThread1"         daemon [_thread_in_native, id=18896, stack(0x0000006ddbb00000,0x0000006ddbc00000) (1024K)]
  0x000001e5711f82e0 JavaThread "C2 CompilerThread2"         daemon [_thread_in_native, id=19524, stack(0x0000006ddbc00000,0x0000006ddbd00000) (1024K)]
  0x000001e52bd26d80 JavaThread "C2 CompilerThread3"         daemon [_thread_in_native, id=14248, stack(0x0000006ddbd00000,0x0000006ddbe00000) (1024K)]
  0x000001e573379420 JavaThread "C2 CompilerThread4"         daemon [_thread_in_vm, id=17580, stack(0x0000006ddcc00000,0x0000006ddcd00000) (1024K)]
  0x000001e573377fb0 JavaThread "C2 CompilerThread5"         daemon [_thread_in_native, id=19276, stack(0x0000006ddcd00000,0x0000006ddce00000) (1024K)]
  0x000001e573378680 JavaThread "C2 CompilerThread6"         daemon [_thread_in_native, id=4516, stack(0x0000006ddce00000,0x0000006ddcf00000) (1024K)]
  0x000001e573378d50 JavaThread "C2 CompilerThread7"         daemon [_thread_in_native, id=18260, stack(0x0000006ddcf00000,0x0000006ddd000000) (1024K)]
Total: 21

Other Threads:
  0x000001e52ad3e270 VMThread "VM Thread"                           [id=5140, stack(0x0000006ddad00000,0x0000006ddae00000) (1024K)]
  0x000001e52ad268a0 WatcherThread "VM Periodic Task Thread"        [id=8376, stack(0x0000006ddac00000,0x0000006ddad00000) (1024K)]
  0x000001e50b83ba40 WorkerThread "GC Thread#0"                     [id=4984, stack(0x0000006dda700000,0x0000006dda800000) (1024K)]
  0x000001e571959460 WorkerThread "GC Thread#1"                     [id=3996, stack(0x0000006ddc200000,0x0000006ddc300000) (1024K)]
  0x000001e571780750 WorkerThread "GC Thread#2"                     [id=18512, stack(0x0000006ddc300000,0x0000006ddc400000) (1024K)]
  0x000001e571780af0 WorkerThread "GC Thread#3"                     [id=20080, stack(0x0000006ddc400000,0x0000006ddc500000) (1024K)]
  0x000001e571d2f0b0 WorkerThread "GC Thread#4"                     [id=7376, stack(0x0000006ddc500000,0x0000006ddc600000) (1024K)]
  0x000001e57232da50 WorkerThread "GC Thread#5"                     [id=16824, stack(0x0000006ddc600000,0x0000006ddc700000) (1024K)]
  0x000001e57148b190 WorkerThread "GC Thread#6"                     [id=21040, stack(0x0000006ddc700000,0x0000006ddc800000) (1024K)]
  0x000001e571489bd0 WorkerThread "GC Thread#7"                     [id=1036, stack(0x0000006ddc800000,0x0000006ddc900000) (1024K)]
  0x000001e571489f70 WorkerThread "GC Thread#8"                     [id=15288, stack(0x0000006ddc900000,0x0000006ddca00000) (1024K)]
  0x000001e57148aa50 WorkerThread "GC Thread#9"                     [id=18608, stack(0x0000006ddbf00000,0x0000006ddc000000) (1024K)]
  0x000001e57148adf0 WorkerThread "GC Thread#10"                    [id=20220, stack(0x0000006ddc000000,0x0000006ddc100000) (1024K)]
  0x000001e5720a4710 WorkerThread "GC Thread#11"                    [id=15784, stack(0x0000006ddc100000,0x0000006ddc200000) (1024K)]
  0x000001e5720a2db0 WorkerThread "GC Thread#12"                    [id=20256, stack(0x0000006ddbe00000,0x0000006ddbf00000) (1024K)]
  0x000001e50b84d0f0 ConcurrentGCThread "G1 Main Marker"            [id=3728, stack(0x0000006dda800000,0x0000006dda900000) (1024K)]
  0x000001e50b84e5b0 WorkerThread "G1 Conc#0"                       [id=3348, stack(0x0000006dda900000,0x0000006ddaa00000) (1024K)]
  0x000001e5720a3890 WorkerThread "G1 Conc#1"                       [id=20936, stack(0x0000006ddca00000,0x0000006ddcb00000) (1024K)]
  0x000001e5720a3c30 WorkerThread "G1 Conc#2"                       [id=9084, stack(0x0000006ddcb00000,0x0000006ddcc00000) (1024K)]
  0x000001e50b89e5e0 ConcurrentGCThread "G1 Refine#0"               [id=2856, stack(0x0000006ddaa00000,0x0000006ddab00000) (1024K)]
  0x000001e52abfb280 ConcurrentGCThread "G1 Service"                [id=9824, stack(0x0000006ddab00000,0x0000006ddac00000) (1024K)]
Total: 21

Threads with active compile tasks:
C2 CompilerThread0     4596 5693       4       com.sun.tools.javac.code.Symtab::lookupPackage (259 bytes)
C1 CompilerThread2     4596 6777       3       org.eclipse.aether.util.graph.transformer.ConflictResolver$State::push (457 bytes)
C2 CompilerThread1     4596 6651       4       org.codehaus.plexus.util.xml.pull.MXParser::nextImpl (1203 bytes)
C2 CompilerThread2     4596 6079       4       com.sun.tools.javac.code.Symtab::enterClass (71 bytes)
C2 CompilerThread3     4596 6046       4       com.sun.tools.javac.comp.Resolve::findInheritedMemberType (186 bytes)
C2 CompilerThread4     4596 6572   !   4       org.apache.maven.model.ConfigurationContainer::clone (98 bytes)
C2 CompilerThread5     4596 6751   !   4       java.util.concurrent.ConcurrentHashMap::putVal (432 bytes)
C2 CompilerThread6     4596 6558       4       org.apache.maven.model.merge.MavenModelMerger::getPluginKey (5 bytes)
C2 CompilerThread7     4596 6555       4       java.util.regex.Pattern::compile (537 bytes)
Total: 9

VM state: not at safepoint (normal execution)

VM Mutex/Monitor currently owned by a thread: None

Heap address: 0x0000000709400000, size: 3948 MB, Compressed Oops mode: Zero based, Oop shift amount: 3

CDS archive(s) mapped at: [0x000001e52c000000-0x000001e52cc90000-0x000001e52cc90000), size 13172736, SharedBaseAddress: 0x000001e52c000000, ArchiveRelocationMode: 1.
Compressed class space mapped at: 0x000001e52d000000-0x000001e56d000000, reserved size: 1073741824
Narrow klass base: 0x000001e52c000000, Narrow klass shift: 0, Narrow klass range: 0x100000000

GC Precious Log:
 CardTable entry size: 512
 Card Set container configuration: InlinePtr #cards 4 size 8 Array Of Cards #cards 16 size 48 Howl #buckets 8 coarsen threshold 3686 Howl Bitmap #cards 512 size 80 coarsen threshold 460 Card regions per heap region 1 cards per card region 4096
 CPUs: 16 total, 16 available
 Memory: 15789M
 Large Page Support: Disabled
 NUMA Support: Disabled
 Compressed Oops: Enabled (Zero based)
 Heap Region Size: 2M
 Heap Min Capacity: 8M
 Heap Initial Capacity: 248M
 Heap Max Capacity: 3948M
 Pre-touch: Disabled
 Parallel Workers: 13
 Concurrent Workers: 3
 Concurrent Refinement Workers: 13
 Periodic GC: Disabled

Heap:
 garbage-first heap   total 104448K, used 42702K [0x0000000709400000, 0x0000000800000000)
  region size 2048K, 8 young (16384K), 1 survivors (2048K)
 Metaspace       used 27823K, committed 28160K, reserved 1114112K
  class space    used 3112K, committed 3264K, reserved 1048576K

Heap Regions: E=young(eden), S=young(survivor), O=old, HS=humongous(starts), HC=humongous(continues), CS=collection set, F=free, TAMS=top-at-mark-start, PB=parsable bottom
|   0|0x0000000709400000, 0x0000000709600000, 0x0000000709600000|100%| O|  |TAMS 0x0000000709400000| PB 0x0000000709400000| Untracked 
|   1|0x0000000709600000, 0x0000000709800000, 0x0000000709800000|100%| O|  |TAMS 0x0000000709600000| PB 0x0000000709600000| Untracked 
|   2|0x0000000709800000, 0x0000000709800000, 0x0000000709a00000|  0%| F|  |TAMS 0x0000000709800000| PB 0x0000000709800000| Untracked 
|   3|0x0000000709a00000, 0x0000000709a00000, 0x0000000709c00000|  0%| F|  |TAMS 0x0000000709a00000| PB 0x0000000709a00000| Untracked 
|   4|0x0000000709c00000, 0x0000000709e00000, 0x0000000709e00000|100%|HS|  |TAMS 0x0000000709c00000| PB 0x0000000709c00000| Complete 
|   5|0x0000000709e00000, 0x000000070a000000, 0x000000070a000000|100%|HC|  |TAMS 0x0000000709e00000| PB 0x0000000709e00000| Complete 
|   6|0x000000070a000000, 0x000000070a200000, 0x000000070a200000|100%| O|  |TAMS 0x000000070a000000| PB 0x000000070a000000| Untracked 
|   7|0x000000070a200000, 0x000000070a400000, 0x000000070a400000|100%| O|  |TAMS 0x000000070a200000| PB 0x000000070a200000| Untracked 
|   8|0x000000070a400000, 0x000000070a600000, 0x000000070a600000|100%| O|  |TAMS 0x000000070a400000| PB 0x000000070a400000| Untracked 
|   9|0x000000070a600000, 0x000000070a800000, 0x000000070a800000|100%| O|  |TAMS 0x000000070a600000| PB 0x000000070a600000| Untracked 
|  10|0x000000070a800000, 0x000000070aa00000, 0x000000070aa00000|100%| O|  |TAMS 0x000000070a800000| PB 0x000000070a800000| Untracked 
|  11|0x000000070aa00000, 0x000000070ac00000, 0x000000070ac00000|100%| O|  |TAMS 0x000000070aa00000| PB 0x000000070aa00000| Untracked 
|  12|0x000000070ac00000, 0x000000070ae00000, 0x000000070ae00000|100%| O|  |TAMS 0x000000070ac00000| PB 0x000000070ac00000| Untracked 
|  13|0x000000070ae00000, 0x000000070b000000, 0x000000070b000000|100%| O|  |TAMS 0x000000070ae00000| PB 0x000000070ae00000| Untracked 
|  14|0x000000070b000000, 0x000000070b200000, 0x000000070b200000|100%| O|  |TAMS 0x000000070b000000| PB 0x000000070b000000| Untracked 
|  15|0x000000070b200000, 0x000000070b3bf090, 0x000000070b400000| 87%| O|  |TAMS 0x000000070b200000| PB 0x000000070b200000| Untracked 
|  16|0x000000070b400000, 0x000000070b400000, 0x000000070b600000|  0%| F|  |TAMS 0x000000070b400000| PB 0x000000070b400000| Untracked 
|  17|0x000000070b600000, 0x000000070b600000, 0x000000070b800000|  0%| F|  |TAMS 0x000000070b600000| PB 0x000000070b600000| Untracked 
|  18|0x000000070b800000, 0x000000070b800000, 0x000000070ba00000|  0%| F|  |TAMS 0x000000070b800000| PB 0x000000070b800000| Untracked 
|  19|0x000000070ba00000, 0x000000070ba00000, 0x000000070bc00000|  0%| F|  |TAMS 0x000000070ba00000| PB 0x000000070ba00000| Untracked 
|  20|0x000000070bc00000, 0x000000070bc00000, 0x000000070be00000|  0%| F|  |TAMS 0x000000070bc00000| PB 0x000000070bc00000| Untracked 
|  21|0x000000070be00000, 0x000000070bff4820, 0x000000070c000000| 97%| S|CS|TAMS 0x000000070be00000| PB 0x000000070be00000| Complete 
|  22|0x000000070c000000, 0x000000070c000000, 0x000000070c200000|  0%| F|  |TAMS 0x000000070c000000| PB 0x000000070c000000| Untracked 
|  23|0x000000070c200000, 0x000000070c200000, 0x000000070c400000|  0%| F|  |TAMS 0x000000070c200000| PB 0x000000070c200000| Untracked 
|  24|0x000000070c400000, 0x000000070c400000, 0x000000070c600000|  0%| F|  |TAMS 0x000000070c400000| PB 0x000000070c400000| Untracked 
|  25|0x000000070c600000, 0x000000070c600000, 0x000000070c800000|  0%| F|  |TAMS 0x000000070c600000| PB 0x000000070c600000| Untracked 
|  26|0x000000070c800000, 0x000000070c800000, 0x000000070ca00000|  0%| F|  |TAMS 0x000000070c800000| PB 0x000000070c800000| Untracked 
|  27|0x000000070ca00000, 0x000000070ca00000, 0x000000070cc00000|  0%| F|  |TAMS 0x000000070ca00000| PB 0x000000070ca00000| Untracked 
|  28|0x000000070cc00000, 0x000000070cc00000, 0x000000070ce00000|  0%| F|  |TAMS 0x000000070cc00000| PB 0x000000070cc00000| Untracked 
|  29|0x000000070ce00000, 0x000000070ce00000, 0x000000070d000000|  0%| F|  |TAMS 0x000000070ce00000| PB 0x000000070ce00000| Untracked 
|  30|0x000000070d000000, 0x000000070d000000, 0x000000070d200000|  0%| F|  |TAMS 0x000000070d000000| PB 0x000000070d000000| Untracked 
|  31|0x000000070d200000, 0x000000070d200000, 0x000000070d400000|  0%| F|  |TAMS 0x000000070d200000| PB 0x000000070d200000| Untracked 
|  32|0x000000070d400000, 0x000000070d400000, 0x000000070d600000|  0%| F|  |TAMS 0x000000070d400000| PB 0x000000070d400000| Untracked 
|  33|0x000000070d600000, 0x000000070d600000, 0x000000070d800000|  0%| F|  |TAMS 0x000000070d600000| PB 0x000000070d600000| Untracked 
|  34|0x000000070d800000, 0x000000070d800000, 0x000000070da00000|  0%| F|  |TAMS 0x000000070d800000| PB 0x000000070d800000| Untracked 
|  35|0x000000070da00000, 0x000000070da00000, 0x000000070dc00000|  0%| F|  |TAMS 0x000000070da00000| PB 0x000000070da00000| Untracked 
|  36|0x000000070dc00000, 0x000000070dc00000, 0x000000070de00000|  0%| F|  |TAMS 0x000000070dc00000| PB 0x000000070dc00000| Untracked 
|  37|0x000000070de00000, 0x000000070de00000, 0x000000070e000000|  0%| F|  |TAMS 0x000000070de00000| PB 0x000000070de00000| Untracked 
|  38|0x000000070e000000, 0x000000070e000000, 0x000000070e200000|  0%| F|  |TAMS 0x000000070e000000| PB 0x000000070e000000| Untracked 
|  39|0x000000070e200000, 0x000000070e200000, 0x000000070e400000|  0%| F|  |TAMS 0x000000070e200000| PB 0x000000070e200000| Untracked 
|  40|0x000000070e400000, 0x000000070e400000, 0x000000070e600000|  0%| F|  |TAMS 0x000000070e400000| PB 0x000000070e400000| Untracked 
|  41|0x000000070e600000, 0x000000070e600000, 0x000000070e800000|  0%| F|  |TAMS 0x000000070e600000| PB 0x000000070e600000| Untracked 
|  42|0x000000070e800000, 0x000000070e800000, 0x000000070ea00000|  0%| F|  |TAMS 0x000000070e800000| PB 0x000000070e800000| Untracked 
|  43|0x000000070ea00000, 0x000000070ea00000, 0x000000070ec00000|  0%| F|  |TAMS 0x000000070ea00000| PB 0x000000070ea00000| Untracked 
|  44|0x000000070ec00000, 0x000000070edc03b8, 0x000000070ee00000| 87%| E|  |TAMS 0x000000070ec00000| PB 0x000000070ec00000| Complete 
|  45|0x000000070ee00000, 0x000000070f000000, 0x000000070f000000|100%| E|CS|TAMS 0x000000070ee00000| PB 0x000000070ee00000| Complete 
|  86|0x0000000714000000, 0x0000000714200000, 0x0000000714200000|100%| E|CS|TAMS 0x0000000714000000| PB 0x0000000714000000| Complete 
|  87|0x0000000714200000, 0x0000000714400000, 0x0000000714400000|100%| E|CS|TAMS 0x0000000714200000| PB 0x0000000714200000| Complete 
|  88|0x0000000714400000, 0x0000000714600000, 0x0000000714600000|100%| E|CS|TAMS 0x0000000714400000| PB 0x0000000714400000| Complete 
|  89|0x0000000714600000, 0x0000000714800000, 0x0000000714800000|100%| E|CS|TAMS 0x0000000714600000| PB 0x0000000714600000| Complete 
| 123|0x0000000718a00000, 0x0000000718c00000, 0x0000000718c00000|100%| E|CS|TAMS 0x0000000718a00000| PB 0x0000000718a00000| Complete 

Card table byte_map: [0x000001e523c70000,0x000001e524430000] _byte_map_base: 0x000001e520426000

Marking Bits: (CMBitMap*) 0x000001e50b83c140
 Bits: [0x000001e524430000, 0x000001e5281e0000)

Polling page: 0x000001e509580000

Metaspace:

Usage:
  Non-class:     24.13 MB used.
      Class:      3.04 MB used.
       Both:     27.17 MB used.

Virtual space:
  Non-class space:       64.00 MB reserved,      24.31 MB ( 38%) committed,  1 nodes.
      Class space:        1.00 GB reserved,       3.19 MB ( <1%) committed,  1 nodes.
             Both:        1.06 GB reserved,      27.50 MB (  3%) committed. 

Chunk freelists:
   Non-Class:  7.54 MB
       Class:  12.76 MB
        Both:  20.31 MB

MaxMetaspaceSize: unlimited
CompressedClassSpaceSize: 1.00 GB
Initial GC threshold: 21.00 MB
Current GC threshold: 35.25 MB
CDS: on
 - commit_granule_bytes: 65536.
 - commit_granule_words: 8192.
 - virtual_space_node_default_size: 8388608.
 - enlarge_chunks_in_place: 1.
 - use_allocation_guard: 0.


Internal statistics:

num_allocs_failed_limit: 3.
num_arena_births: 224.
num_arena_deaths: 0.
num_vsnodes_births: 2.
num_vsnodes_deaths: 0.
num_space_committed: 440.
num_space_uncommitted: 0.
num_chunks_returned_to_freelist: 3.
num_chunks_taken_from_freelist: 1169.
num_chunk_merges: 3.
num_chunk_splits: 851.
num_chunks_enlarged: 715.
num_inconsistent_stats: 0.

CodeHeap 'non-profiled nmethods': size=119168Kb used=3281Kb max_used=3281Kb free=115887Kb
 bounds [0x000001e51b7d0000, 0x000001e51bb10000, 0x000001e522c30000]
CodeHeap 'profiled nmethods': size=119104Kb used=15437Kb max_used=15437Kb free=103666Kb
 bounds [0x000001e513c30000, 0x000001e514b50000, 0x000001e51b080000]
CodeHeap 'non-nmethods': size=7488Kb used=3134Kb max_used=3196Kb free=4353Kb
 bounds [0x000001e51b080000, 0x000001e51b3b0000, 0x000001e51b7d0000]
 total_blobs=7302 nmethods=6768 adapters=435
 compilation: enabled
              stopped_count=0, restarted_count=0
 full_count=0

Compilation events (20 events):
Event: 4.567 Thread 0x000001e52ad677f0 6774       3       org.eclipse.aether.util.graph.transformer.ConflictMarker$Key::hashCode (77 bytes)
Event: 4.567 Thread 0x000001e52b854600 6776       3       org.eclipse.aether.util.graph.transformer.ConflictResolver$State::loser (29 bytes)
Event: 4.567 Thread 0x000001e52b853b50 6777       3       org.eclipse.aether.util.graph.transformer.ConflictResolver$State::push (457 bytes)
Event: 4.568 Thread 0x000001e52b854600 nmethod 6776 0x000001e514b3b790 code [0x000001e514b3b960, 0x000001e514b3bcf0]
Event: 4.568 Thread 0x000001e52ad677f0 nmethod 6774 0x000001e514b3be10 code [0x000001e514b3c000, 0x000001e514b3c400]
Event: 4.568 Thread 0x000001e573378680 6708       4       org.codehaus.plexus.util.xml.pull.MXParser::isS (30 bytes)
Event: 4.569 Thread 0x000001e52b3258a0 nmethod 6775 0x000001e514b3c690 code [0x000001e514b3c940, 0x000001e514b3d668]
Event: 4.569 Thread 0x000001e52b854600 6786       3       java.util.IdentityHashMap::closeDeletion (107 bytes)
Event: 4.569 Thread 0x000001e52ad677f0 6778       3       org.eclipse.aether.util.graph.transformer.ConflictResolver$State::scope (13 bytes)
Event: 4.570 Thread 0x000001e52ad677f0 nmethod 6778 0x000001e514b3da10 code [0x000001e514b3dbc0, 0x000001e514b3dd70]
Event: 4.570 Thread 0x000001e52b3258a0 6779       3       org.eclipse.aether.graph.Dependency::isOptional (11 bytes)
Event: 4.570 Thread 0x000001e52ad677f0 6785       3       java.util.IdentityHashMap::remove (102 bytes)
Event: 4.571 Thread 0x000001e52b854600 nmethod 6786 0x000001e514b3de10 code [0x000001e514b3e040, 0x000001e514b3ec60]
Event: 4.571 Thread 0x000001e52b3258a0 nmethod 6779 0x000001e514b3ef90 code [0x000001e514b3f140, 0x000001e514b3f478]
Event: 4.572 Thread 0x000001e52b3258a0 6789       3       org.eclipse.aether.util.graph.transformer.ConflictResolver$State::pop (76 bytes)
Event: 4.572 Thread 0x000001e52b854600 6783       3       org.eclipse.aether.util.graph.transformer.ConflictResolver$State::deriveScope (83 bytes)
Event: 4.572 Thread 0x000001e52ad677f0 nmethod 6785 0x000001e514b3f590 code [0x000001e514b3f7a0, 0x000001e514b3ffc0]
Event: 4.572 Thread 0x000001e573378680 nmethod 6708 0x000001e51bb00290 code [0x000001e51bb00400, 0x000001e51bb00488]
Event: 4.572 Thread 0x000001e52b3258a0 nmethod 6789 0x000001e514b40290 code [0x000001e514b404c0, 0x000001e514b40c58]
Event: 4.573 Thread 0x000001e52ad677f0 6784       3       org.eclipse.aether.util.graph.transformer.ConflictResolver$State::deriveOptional (101 bytes)

GC Heap History (14 events):
Event: 0.505 GC heap before
{Heap before GC invocations=0 (full 0):
 garbage-first heap   total 253952K, used 22528K [0x0000000709400000, 0x0000000800000000)
  region size 2048K, 11 young (22528K), 0 survivors (0K)
 Metaspace       used 5743K, committed 5952K, reserved 1114112K
  class space    used 655K, committed 768K, reserved 1048576K
}
Event: 0.509 GC heap after
{Heap after GC invocations=1 (full 0):
 garbage-first heap   total 253952K, used 4096K [0x0000000709400000, 0x0000000800000000)
  region size 2048K, 2 young (4096K), 2 survivors (4096K)
 Metaspace       used 5743K, committed 5952K, reserved 1114112K
  class space    used 655K, committed 768K, reserved 1048576K
}
Event: 1.142 GC heap before
{Heap before GC invocations=1 (full 0):
 garbage-first heap   total 253952K, used 36864K [0x0000000709400000, 0x0000000800000000)
  region size 2048K, 18 young (36864K), 2 survivors (4096K)
 Metaspace       used 10453K, committed 10624K, reserved 1114112K
  class space    used 1235K, committed 1344K, reserved 1048576K
}
Event: 1.146 GC heap after
{Heap after GC invocations=2 (full 0):
 garbage-first heap   total 253952K, used 5833K [0x0000000709400000, 0x0000000800000000)
  region size 2048K, 2 young (4096K), 2 survivors (4096K)
 Metaspace       used 10453K, committed 10624K, reserved 1114112K
  class space    used 1235K, committed 1344K, reserved 1048576K
}
Event: 2.672 GC heap before
{Heap before GC invocations=2 (full 0):
 garbage-first heap   total 253952K, used 73417K [0x0000000709400000, 0x0000000800000000)
  region size 2048K, 34 young (69632K), 2 survivors (4096K)
 Metaspace       used 21208K, committed 21504K, reserved 1114112K
  class space    used 2496K, committed 2688K, reserved 1048576K
}
Event: 2.689 GC heap after
{Heap after GC invocations=3 (full 0):
 garbage-first heap   total 253952K, used 11538K [0x0000000709400000, 0x0000000800000000)
  region size 2048K, 4 young (8192K), 4 survivors (8192K)
 Metaspace       used 21208K, committed 21504K, reserved 1114112K
  class space    used 2496K, committed 2688K, reserved 1048576K
}
Event: 3.155 GC heap before
{Heap before GC invocations=4 (full 0):
 garbage-first heap   total 49152K, used 48402K [0x0000000709400000, 0x0000000800000000)
  region size 2048K, 18 young (36864K), 4 survivors (8192K)
 Metaspace       used 25429K, committed 25792K, reserved 1114112K
  class space    used 2918K, committed 3072K, reserved 1048576K
}
Event: 3.173 GC heap after
{Heap after GC invocations=5 (full 0):
 garbage-first heap   total 65536K, used 26955K [0x0000000709400000, 0x0000000800000000)
  region size 2048K, 8 young (16384K), 8 survivors (16384K)
 Metaspace       used 25429K, committed 25792K, reserved 1114112K
  class space    used 2918K, committed 3072K, reserved 1048576K
}
Event: 3.299 GC heap before
{Heap before GC invocations=5 (full 0):
 garbage-first heap   total 65536K, used 41291K [0x0000000709400000, 0x0000000800000000)
  region size 2048K, 15 young (30720K), 8 survivors (16384K)
 Metaspace       used 25640K, committed 26048K, reserved 1114112K
  class space    used 2943K, committed 3136K, reserved 1048576K
}
Event: 3.316 GC heap after
{Heap after GC invocations=6 (full 0):
 garbage-first heap   total 65536K, used 29941K [0x0000000709400000, 0x0000000800000000)
  region size 2048K, 2 young (4096K), 2 survivors (4096K)
 Metaspace       used 25640K, committed 26048K, reserved 1114112K
  class space    used 2943K, committed 3136K, reserved 1048576K
}
Event: 3.710 GC heap before
{Heap before GC invocations=6 (full 0):
 garbage-first heap   total 65536K, used 52469K [0x0000000709400000, 0x0000000800000000)
  region size 2048K, 13 young (26624K), 2 survivors (4096K)
 Metaspace       used 26565K, committed 26880K, reserved 1114112K
  class space    used 3031K, committed 3200K, reserved 1048576K
}
Event: 3.721 GC heap after
{Heap after GC invocations=7 (full 0):
 garbage-first heap   total 65536K, used 32604K [0x0000000709400000, 0x0000000800000000)
  region size 2048K, 2 young (4096K), 2 survivors (4096K)
 Metaspace       used 26565K, committed 26880K, reserved 1114112K
  class space    used 3031K, committed 3200K, reserved 1048576K
}
Event: 4.330 GC heap before
{Heap before GC invocations=7 (full 0):
 garbage-first heap   total 65536K, used 53084K [0x0000000709400000, 0x0000000800000000)
  region size 2048K, 12 young (24576K), 2 survivors (4096K)
 Metaspace       used 27579K, committed 27904K, reserved 1114112K
  class space    used 3110K, committed 3264K, reserved 1048576K
}
Event: 4.338 GC heap after
{Heap after GC invocations=8 (full 0):
 garbage-first heap   total 104448K, used 30414K [0x0000000709400000, 0x0000000800000000)
  region size 2048K, 1 young (2048K), 1 survivors (2048K)
 Metaspace       used 27579K, committed 27904K, reserved 1114112K
  class space    used 3110K, committed 3264K, reserved 1048576K
}

Dll operation events (8 events):
Event: 0.006 Loaded shared library C:\Program Files\Java\jdk-21\bin\java.dll
Event: 0.030 Loaded shared library C:\Program Files\Java\jdk-21\bin\jsvml.dll
Event: 0.043 Loaded shared library C:\Program Files\Java\jdk-21\bin\net.dll
Event: 0.045 Loaded shared library C:\Program Files\Java\jdk-21\bin\nio.dll
Event: 0.048 Loaded shared library C:\Program Files\Java\jdk-21\bin\zip.dll
Event: 0.136 Loaded shared library C:\Program Files\Java\jdk-21\bin\jimage.dll
Event: 0.144 Loaded shared library C:\Program Files\NetBeans-20\netbeans\java\maven\lib\jansi-native\Windows\x86_64\jansi.dll
Event: 0.152 Loaded shared library C:\Program Files\Java\jdk-21\bin\verify.dll

Deoptimization events (20 events):
Event: 4.464 Thread 0x000001e5095cde00 Uncommon trap: trap_request=0xffffffde fr.pc=0x000001e51b812eac relative=0x0000000000000eac
Event: 4.464 Thread 0x000001e5095cde00 Uncommon trap: reason=class_check action=maybe_recompile pc=0x000001e51b812eac method=java.util.concurrent.ConcurrentHashMap.putVal(Ljava/lang/Object;Ljava/lang/Object;Z)Ljava/lang/Object; @ 242 c2
Event: 4.464 Thread 0x000001e5095cde00 DEOPT PACKING pc=0x000001e51b812eac sp=0x0000006dda6fc750
Event: 4.464 Thread 0x000001e5095cde00 DEOPT UNPACKING pc=0x000001e51b0d46a2 sp=0x0000006dda6fc6c0 mode 2
Event: 4.472 Thread 0x000001e5095cde00 Uncommon trap: trap_request=0xffffffde fr.pc=0x000001e51b812eac relative=0x0000000000000eac
Event: 4.472 Thread 0x000001e5095cde00 Uncommon trap: reason=class_check action=maybe_recompile pc=0x000001e51b812eac method=java.util.concurrent.ConcurrentHashMap.putVal(Ljava/lang/Object;Ljava/lang/Object;Z)Ljava/lang/Object; @ 242 c2
Event: 4.472 Thread 0x000001e5095cde00 DEOPT PACKING pc=0x000001e51b812eac sp=0x0000006dda6fc750
Event: 4.472 Thread 0x000001e5095cde00 DEOPT UNPACKING pc=0x000001e51b0d46a2 sp=0x0000006dda6fc6c0 mode 2
Event: 4.491 Thread 0x000001e5095cde00 Uncommon trap: trap_request=0xffffffde fr.pc=0x000001e51b812eac relative=0x0000000000000eac
Event: 4.491 Thread 0x000001e5095cde00 Uncommon trap: reason=class_check action=maybe_recompile pc=0x000001e51b812eac method=java.util.concurrent.ConcurrentHashMap.putVal(Ljava/lang/Object;Ljava/lang/Object;Z)Ljava/lang/Object; @ 242 c2
Event: 4.492 Thread 0x000001e5095cde00 DEOPT PACKING pc=0x000001e51b812eac sp=0x0000006dda6fcaf0
Event: 4.492 Thread 0x000001e5095cde00 DEOPT UNPACKING pc=0x000001e51b0d46a2 sp=0x0000006dda6fca60 mode 2
Event: 4.536 Thread 0x000001e5095cde00 Uncommon trap: trap_request=0xffffffc6 fr.pc=0x000001e51bad26a0 relative=0x00000000000004a0
Event: 4.537 Thread 0x000001e5095cde00 Uncommon trap: reason=bimorphic_or_optimized_type_check action=maybe_recompile pc=0x000001e51bad26a0 method=java.util.regex.Pattern$Slice.match(Ljava/util/regex/Matcher;ILjava/lang/CharSequence;)Z @ 75 c2
Event: 4.537 Thread 0x000001e5095cde00 DEOPT PACKING pc=0x000001e51bad26a0 sp=0x0000006dda6fc0b0
Event: 4.537 Thread 0x000001e5095cde00 DEOPT UNPACKING pc=0x000001e51b0d46a2 sp=0x0000006dda6fc030 mode 2
Event: 4.537 Thread 0x000001e5095cde00 Uncommon trap: trap_request=0xffffffc6 fr.pc=0x000001e51bad26a0 relative=0x00000000000004a0
Event: 4.537 Thread 0x000001e5095cde00 Uncommon trap: reason=bimorphic_or_optimized_type_check action=maybe_recompile pc=0x000001e51bad26a0 method=java.util.regex.Pattern$Slice.match(Ljava/util/regex/Matcher;ILjava/lang/CharSequence;)Z @ 75 c2
Event: 4.538 Thread 0x000001e5095cde00 DEOPT PACKING pc=0x000001e51bad26a0 sp=0x0000006dda6fc270
Event: 4.538 Thread 0x000001e5095cde00 DEOPT UNPACKING pc=0x000001e51b0d46a2 sp=0x0000006dda6fc1f0 mode 2

Classes loaded (20 events):
Event: 3.420 Loading class java/util/stream/ReduceOps$1
Event: 3.420 Loading class java/util/stream/ReduceOps$1 done
Event: 3.421 Loading class java/util/stream/ReduceOps$1ReducingSink
Event: 3.421 Loading class java/util/stream/ReduceOps$1ReducingSink done
Event: 3.875 Loading class java/util/function/ToIntBiFunction
Event: 3.876 Loading class java/util/function/ToIntBiFunction done
Event: 4.026 Loading class java/io/DataOutputStream
Event: 4.026 Loading class java/io/DataOutputStream done
Event: 4.203 Loading class java/util/EnumMap$Values
Event: 4.203 Loading class java/util/EnumMap$Values done
Event: 4.203 Loading class java/util/EnumMap$ValueIterator
Event: 4.203 Loading class java/util/EnumMap$EnumMapIterator
Event: 4.203 Loading class java/util/EnumMap$EnumMapIterator done
Event: 4.203 Loading class java/util/EnumMap$ValueIterator done
Event: 4.204 Loading class java/util/WeakHashMap$KeyIterator
Event: 4.204 Loading class java/util/WeakHashMap$HashIterator
Event: 4.204 Loading class java/util/WeakHashMap$HashIterator done
Event: 4.204 Loading class java/util/WeakHashMap$KeyIterator done
Event: 4.371 Loading class java/util/Collections$UnmodifiableList$1
Event: 4.371 Loading class java/util/Collections$UnmodifiableList$1 done

Classes unloaded (0 events):
No events

Classes redefined (0 events):
No events

Internal exceptions (20 events):
Event: 3.928 Thread 0x000001e5095cde00 Exception <a 'sun/nio/fs/WindowsException'{0x0000000718bef6e0}> (0x0000000718bef6e0) 
thrown [s\open\src\hotspot\share\prims\jni.cpp, line 520]
Event: 4.013 Thread 0x000001e5095cde00 Exception <a 'sun/nio/fs/WindowsException'{0x00000007144b4308}> (0x00000007144b4308) 
thrown [s\open\src\hotspot\share\prims\jni.cpp, line 520]
Event: 4.013 Thread 0x000001e5095cde00 Exception <a 'sun/nio/fs/WindowsException'{0x00000007144b4a70}> (0x00000007144b4a70) 
thrown [s\open\src\hotspot\share\prims\jni.cpp, line 520]
Event: 4.016 Thread 0x000001e5095cde00 Exception <a 'sun/nio/fs/WindowsException'{0x00000007144ba498}> (0x00000007144ba498) 
thrown [s\open\src\hotspot\share\prims\jni.cpp, line 520]
Event: 4.020 Thread 0x000001e5095cde00 Exception <a 'sun/nio/fs/WindowsException'{0x00000007144c1450}> (0x00000007144c1450) 
thrown [s\open\src\hotspot\share\prims\jni.cpp, line 520]
Event: 4.023 Thread 0x000001e5095cde00 Exception <a 'sun/nio/fs/WindowsException'{0x00000007144c6ff0}> (0x00000007144c6ff0) 
thrown [s\open\src\hotspot\share\prims\jni.cpp, line 520]
Event: 4.033 Thread 0x000001e5095cde00 Exception <a 'sun/nio/fs/WindowsException'{0x00000007144ff850}> (0x00000007144ff850) 
thrown [s\open\src\hotspot\share\prims\jni.cpp, line 520]
Event: 4.049 Thread 0x000001e5095cde00 Exception <a 'sun/nio/fs/WindowsException'{0x00000007145e6178}> (0x00000007145e6178) 
thrown [s\open\src\hotspot\share\prims\jni.cpp, line 520]
Event: 4.049 Thread 0x000001e5095cde00 Exception <a 'sun/nio/fs/WindowsException'{0x00000007145e68f0}> (0x00000007145e68f0) 
thrown [s\open\src\hotspot\share\prims\jni.cpp, line 520]
Event: 4.053 Thread 0x000001e5095cde00 Exception <a 'sun/nio/fs/WindowsException'{0x00000007145edea8}> (0x00000007145edea8) 
thrown [s\open\src\hotspot\share\prims\jni.cpp, line 520]
Event: 4.059 Thread 0x000001e5095cde00 Exception <a 'sun/nio/fs/WindowsException'{0x0000000714206048}> (0x0000000714206048) 
thrown [s\open\src\hotspot\share\prims\jni.cpp, line 520]
Event: 4.061 Thread 0x000001e5095cde00 Exception <a 'sun/nio/fs/WindowsException'{0x000000071420a570}> (0x000000071420a570) 
thrown [s\open\src\hotspot\share\prims\jni.cpp, line 520]
Event: 4.126 Thread 0x000001e5095cde00 Exception <a 'sun/nio/fs/WindowsException'{0x000000071414ebc8}> (0x000000071414ebc8) 
thrown [s\open\src\hotspot\share\prims\jni.cpp, line 520]
Event: 4.130 Thread 0x000001e5095cde00 Exception <a 'sun/nio/fs/WindowsException'{0x000000071415a748}> (0x000000071415a748) 
thrown [s\open\src\hotspot\share\prims\jni.cpp, line 520]
Event: 4.133 Thread 0x000001e5095cde00 Exception <a 'sun/nio/fs/WindowsException'{0x000000071415f1e8}> (0x000000071415f1e8) 
thrown [s\open\src\hotspot\share\prims\jni.cpp, line 520]
Event: 4.137 Thread 0x000001e5095cde00 Exception <a 'sun/nio/fs/WindowsException'{0x0000000714164b50}> (0x0000000714164b50) 
thrown [s\open\src\hotspot\share\prims\jni.cpp, line 520]
Event: 4.143 Thread 0x000001e5095cde00 Exception <a 'sun/nio/fs/WindowsException'{0x000000071417f570}> (0x000000071417f570) 
thrown [s\open\src\hotspot\share\prims\jni.cpp, line 520]
Event: 4.188 Thread 0x000001e5095cde00 Exception <a 'sun/nio/fs/WindowsException'{0x000000070c64db20}> (0x000000070c64db20) 
thrown [s\open\src\hotspot\share\prims\jni.cpp, line 520]
Event: 4.196 Thread 0x000001e5095cde00 Exception <a 'sun/nio/fs/WindowsException'{0x000000070c665098}> (0x000000070c665098) 
thrown [s\open\src\hotspot\share\prims\jni.cpp, line 520]
Event: 4.200 Thread 0x000001e5095cde00 Exception <a 'sun/nio/fs/WindowsException'{0x000000070c66fdb8}> (0x000000070c66fdb8) 
thrown [s\open\src\hotspot\share\prims\jni.cpp, line 520]

ZGC Phase Switch (0 events):
No events

VM Operations (20 events):
Event: 3.510 Executing VM operation: ICBufferFull
Event: 3.510 Executing VM operation: ICBufferFull done
Event: 3.513 Executing VM operation: HandshakeAllThreads (Deoptimize)
Event: 3.514 Executing VM operation: HandshakeAllThreads (Deoptimize) done
Event: 3.516 Executing VM operation: HandshakeAllThreads (Deoptimize)
Event: 3.516 Executing VM operation: HandshakeAllThreads (Deoptimize) done
Event: 3.621 Executing VM operation: ICBufferFull
Event: 3.621 Executing VM operation: ICBufferFull done
Event: 3.710 Executing VM operation: G1CollectForAllocation (G1 Evacuation Pause)
Event: 3.721 Executing VM operation: G1CollectForAllocation (G1 Evacuation Pause) done
Event: 3.886 Executing VM operation: HandshakeAllThreads (Deoptimize)
Event: 3.886 Executing VM operation: HandshakeAllThreads (Deoptimize) done
Event: 3.939 Executing VM operation: ICBufferFull
Event: 3.939 Executing VM operation: ICBufferFull done
Event: 4.048 Executing VM operation: ICBufferFull
Event: 4.048 Executing VM operation: ICBufferFull done
Event: 4.179 Executing VM operation: ICBufferFull
Event: 4.179 Executing VM operation: ICBufferFull done
Event: 4.329 Executing VM operation: G1CollectForAllocation (G1 Evacuation Pause)
Event: 4.338 Executing VM operation: G1CollectForAllocation (G1 Evacuation Pause) done

Events (20 events):
Event: 0.030 Thread 0x000001e52b3258a0 Thread added: 0x000001e52b3258a0
Event: 0.039 Thread 0x000001e52b47b620 Thread added: 0x000001e52b47b620
Event: 0.041 Thread 0x000001e52b499170 Thread added: 0x000001e52b499170
Event: 0.240 Thread 0x000001e52b853b50 Thread added: 0x000001e52b853b50
Event: 0.240 Thread 0x000001e52b854600 Thread added: 0x000001e52b854600
Event: 0.256 Thread 0x000001e52b94f900 Thread added: 0x000001e52b94f900
Event: 0.465 Thread 0x000001e5711f82e0 Thread added: 0x000001e5711f82e0
Event: 0.475 Thread 0x000001e52bd26d80 Thread added: 0x000001e52bd26d80
Event: 0.475 Thread 0x000001e52bea9cb0 Thread added: 0x000001e52bea9cb0
Event: 0.475 Thread 0x000001e52bd25870 Thread added: 0x000001e52bd25870
Event: 0.475 Thread 0x000001e5714230d0 Thread added: 0x000001e5714230d0
Event: 0.475 Thread 0x000001e571423fa0 Thread added: 0x000001e571423fa0
Event: 0.907 Thread 0x000001e571423fa0 Thread exited: 0x000001e571423fa0
Event: 1.104 Thread 0x000001e5714230d0 Thread exited: 0x000001e5714230d0
Event: 1.111 Thread 0x000001e52bd25870 Thread exited: 0x000001e52bd25870
Event: 1.544 Thread 0x000001e52bea9cb0 Thread exited: 0x000001e52bea9cb0
Event: 2.994 Thread 0x000001e573379420 Thread added: 0x000001e573379420
Event: 2.996 Thread 0x000001e573377fb0 Thread added: 0x000001e573377fb0
Event: 3.004 Thread 0x000001e573378680 Thread added: 0x000001e573378680
Event: 3.030 Thread 0x000001e573378d50 Thread added: 0x000001e573378d50


Dynamic libraries:
0x00007ff706040000 - 0x00007ff706050000 	C:\Program Files\Java\jdk-21\bin\java.exe
0x00007fffc0070000 - 0x00007fffc0286000 	C:\WINDOWS\SYSTEM32\ntdll.dll
0x00007fffbf7c0000 - 0x00007fffbf884000 	C:\WINDOWS\System32\KERNEL32.DLL
0x00007fffbd390000 - 0x00007fffbd737000 	C:\WINDOWS\System32\KERNELBASE.dll
0x00007fffbd900000 - 0x00007fffbda11000 	C:\WINDOWS\System32\ucrtbase.dll
0x00007fffb4550000 - 0x00007fffb456b000 	C:\Program Files\Java\jdk-21\bin\VCRUNTIME140.dll
0x00007fffa80b0000 - 0x00007fffa80c9000 	C:\Program Files\Java\jdk-21\bin\jli.dll
0x00007fffbfc00000 - 0x00007fffbfcb2000 	C:\WINDOWS\System32\ADVAPI32.dll
0x00007fffbeee0000 - 0x00007fffbef87000 	C:\WINDOWS\System32\msvcrt.dll
0x00007fffbfb50000 - 0x00007fffbfbf8000 	C:\WINDOWS\System32\sechost.dll
0x00007fffbd740000 - 0x00007fffbd768000 	C:\WINDOWS\System32\bcrypt.dll
0x00007fffbf9f0000 - 0x00007fffbfb05000 	C:\WINDOWS\System32\RPCRT4.dll
0x00007fffbf1c0000 - 0x00007fffbf36e000 	C:\WINDOWS\System32\USER32.dll
0x00007fffbdae0000 - 0x00007fffbdb06000 	C:\WINDOWS\System32\win32u.dll
0x00007fffbe690000 - 0x00007fffbe6b9000 	C:\WINDOWS\System32\GDI32.dll
0x00007fffbdb10000 - 0x00007fffbdc29000 	C:\WINDOWS\System32\gdi32full.dll
0x00007fffbc6c0000 - 0x00007fffbc953000 	C:\WINDOWS\WinSxS\amd64_microsoft.windows.common-controls_6595b64144ccf1df_6.0.22621.3235_none_270f74e173860f98\COMCTL32.dll
0x00007fffbd7f0000 - 0x00007fffbd88a000 	C:\WINDOWS\System32\msvcp_win.dll
0x00007fffbc390000 - 0x00007fffbc39a000 	C:\WINDOWS\SYSTEM32\VERSION.dll
0x00007fffbfb10000 - 0x00007fffbfb41000 	C:\WINDOWS\System32\IMM32.DLL
0x00007fffb5520000 - 0x00007fffb552c000 	C:\Program Files\Java\jdk-21\bin\vcruntime140_1.dll
0x00007fff39080000 - 0x00007fff3910e000 	C:\Program Files\Java\jdk-21\bin\msvcp140.dll
0x00007fff35810000 - 0x00007fff36525000 	C:\Program Files\Java\jdk-21\bin\server\jvm.dll
0x00007fffbfda0000 - 0x00007fffbfe11000 	C:\WINDOWS\System32\WS2_32.dll
0x00007fffbd0b0000 - 0x00007fffbd0fd000 	C:\WINDOWS\SYSTEM32\POWRPROF.dll
0x00007fffb4160000 - 0x00007fffb4194000 	C:\WINDOWS\SYSTEM32\WINMM.dll
0x00007fffbd090000 - 0x00007fffbd0a3000 	C:\WINDOWS\SYSTEM32\UMPDC.dll
0x00007fffbb480000 - 0x00007fffbb498000 	C:\WINDOWS\SYSTEM32\kernel.appcore.dll
0x00007fff8e510000 - 0x00007fff8e51a000 	C:\Program Files\Java\jdk-21\bin\jimage.dll
0x00007fffbccc0000 - 0x00007fffbcef3000 	C:\WINDOWS\SYSTEM32\DBGHELP.DLL
0x00007fffbeb50000 - 0x00007fffbeed8000 	C:\WINDOWS\System32\combase.dll
0x00007fffbf370000 - 0x00007fffbf447000 	C:\WINDOWS\System32\OLEAUT32.dll
0x00007fffbcb40000 - 0x00007fffbcb72000 	C:\WINDOWS\SYSTEM32\dbgcore.DLL
0x00007fffbd770000 - 0x00007fffbd7e9000 	C:\WINDOWS\System32\bcryptPrimitives.dll
0x00007fff8e520000 - 0x00007fff8e53f000 	C:\Program Files\Java\jdk-21\bin\java.dll
0x00007fffbdda0000 - 0x00007fffbe5fc000 	C:\WINDOWS\System32\SHELL32.dll
0x00007fffba3a0000 - 0x00007fffbac99000 	C:\WINDOWS\SYSTEM32\windows.storage.dll
0x00007fffba260000 - 0x00007fffba39e000 	C:\WINDOWS\SYSTEM32\wintypes.dll
0x00007fffbf590000 - 0x00007fffbf683000 	C:\WINDOWS\System32\SHCORE.dll
0x00007fffbfd40000 - 0x00007fffbfd9e000 	C:\WINDOWS\System32\shlwapi.dll
0x00007fffbd2c0000 - 0x00007fffbd2e1000 	C:\WINDOWS\SYSTEM32\profapi.dll
0x00007fff8e430000 - 0x00007fff8e507000 	C:\Program Files\Java\jdk-21\bin\jsvml.dll
0x00007fff8e420000 - 0x00007fff8e430000 	C:\Program Files\Java\jdk-21\bin\net.dll
0x00007fffb66c0000 - 0x00007fffb67f6000 	C:\WINDOWS\SYSTEM32\WINHTTP.dll
0x00007fffbb890000 - 0x00007fffbb8f9000 	C:\WINDOWS\system32\mswsock.dll
0x00007fff8e400000 - 0x00007fff8e416000 	C:\Program Files\Java\jdk-21\bin\nio.dll
0x00007fff5b000000 - 0x00007fff5b018000 	C:\Program Files\Java\jdk-21\bin\zip.dll
0x0000000069ac0000 - 0x0000000069ae4000 	C:\Program Files\NetBeans-20\netbeans\java\maven\lib\jansi-native\Windows\x86_64\jansi.dll
0x00007fff5aff0000 - 0x00007fff5b000000 	C:\Program Files\Java\jdk-21\bin\verify.dll

dbghelp: loaded successfully - version: 4.0.5 - missing functions: none
symbol engine: initialized successfully - sym options: 0x614 - pdb path: .;C:\Program Files\Java\jdk-21\bin;C:\WINDOWS\SYSTEM32;C:\WINDOWS\WinSxS\amd64_microsoft.windows.common-controls_6595b64144ccf1df_6.0.22621.3235_none_270f74e173860f98;C:\Program Files\Java\jdk-21\bin\server;C:\Program Files\NetBeans-20\netbeans\java\maven\lib\jansi-native\Windows\x86_64

VM Arguments:
jvm_args: -Dclassworlds.conf=C:\Program Files\NetBeans-20\netbeans\java\maven\bin\m2.conf -Dmaven.home=C:\Program Files\NetBeans-20\netbeans\java\maven -Dlibrary.jansi.path=C:\Program Files\NetBeans-20\netbeans\java\maven\lib\jansi-native -Dmaven.multiModuleProjectDirectory=C:\Users\jairus\Documents\GitHub\First-Year-Projects\Inventory-System 
java_command: org.codehaus.plexus.classworlds.launcher.Launcher -Dmaven.ext.class.path=C:\Program Files\NetBeans-20\netbeans\java\maven-nblib\netbeans-eventspy.jar --no-transfer-progress clean install
java_class_path (initial): C:\Program Files\NetBeans-20\netbeans\java\maven\boot\plexus-classworlds-2.7.0.jar
Launcher Type: SUN_STANDARD

[Global flags]
     intx CICompilerCount                          = 12                                        {product} {ergonomic}
     uint ConcGCThreads                            = 3                                         {product} {ergonomic}
     uint G1ConcRefinementThreads                  = 13                                        {product} {ergonomic}
   size_t G1HeapRegionSize                         = 2097152                                   {product} {ergonomic}
    uintx GCDrainStackTargetSize                   = 64                                        {product} {ergonomic}
   size_t InitialHeapSize                          = 260046848                                 {product} {ergonomic}
   size_t MarkStackSize                            = 4194304                                   {product} {ergonomic}
   size_t MaxHeapSize                              = 4139778048                                {product} {ergonomic}
   size_t MaxNewSize                               = 2483027968                                {product} {ergonomic}
   size_t MinHeapDeltaBytes                        = 2097152                                   {product} {ergonomic}
   size_t MinHeapSize                              = 8388608                                   {product} {ergonomic}
    uintx NonNMethodCodeHeapSize                   = 7602480                                {pd product} {ergonomic}
    uintx NonProfiledCodeHeapSize                  = 122027880                              {pd product} {ergonomic}
    uintx ProfiledCodeHeapSize                     = 122027880                              {pd product} {ergonomic}
    uintx ReservedCodeCacheSize                    = 251658240                              {pd product} {ergonomic}
     bool SegmentedCodeCache                       = true                                      {product} {ergonomic}
   size_t SoftMaxHeapSize                          = 4139778048                             {manageable} {ergonomic}
     bool UseCompressedOops                        = true                           {product lp64_product} {ergonomic}
     bool UseG1GC                                  = true                                      {product} {ergonomic}
     bool UseLargePagesIndividualAllocation        = false                                  {pd product} {ergonomic}

Logging:
Log output configuration:
 #0: stdout all=warning uptime,level,tags foldmultilines=false
 #1: stderr all=off uptime,level,tags foldmultilines=false

Environment Variables:
JAVA_HOME=C:\Program Files\Java\jdk-21
PATH=C:\Program Files\Common Files\Oracle\Java\javapath;C:\Windows\system32;C:\Windows;C:\Windows\System32\Wbem;C:\Windows\System32\WindowsPowerShell\v1.0\;C:\Windows\System32\OpenSSH\;C:\Program Files (x86)\NVIDIA Corporation\PhysX\Common;C:\Program Files\NVIDIA Corporation\NVIDIA NvDLISR;C:\WINDOWS\system32;C:\WINDOWS;C:\WINDOWS\System32\Wbem;C:\WINDOWS\System32\WindowsPowerShell\v1.0\;C:\WINDOWS\System32\OpenSSH\;C:\Program Files\Git\cmd;C:\Users\jairus\AppData\Local\Programs\Python\Launcher\;C:\Users\jairus\AppData\Local\Microsoft\WindowsApps;C:\Users\jairus\AppData\Local\GitHubDesktop\bin;C:\ProgramData\jairus\GitHubDesktop\bin;C:\Users\jairus\AppData\Local\Programs\Microsoft VS Code\bin
USERNAME=jairus
OS=Windows_NT
PROCESSOR_IDENTIFIER=AMD64 Family 23 Model 96 Stepping 1, AuthenticAMD
TMP=C:\Users\jairus\AppData\Local\Temp
TEMP=C:\Users\jairus\AppData\Local\Temp




Periodic native trim disabled

---------------  S Y S T E M  ---------------

OS:
 Windows 11 , 64 bit Build 22621 (10.0.22621.3374)
OS uptime: 0 days 0:48 hours
Hyper-V role detected

CPU: total 16 (initial active 16) (16 cores per cpu, 2 threads per core) family 23 model 96 stepping 1 microcode 0x0, cx8, cmov, fxsr, ht, mmx, 3dnowpref, sse, sse2, sse3, ssse3, sse4a, sse4.1, sse4.2, popcnt, lzcnt, tsc, tscinvbit, avx, avx2, aes, clmul, bmi1, bmi2, adx, sha, fma, vzeroupper, clflush, clflushopt, hv, rdtscp, rdpid, f16c
Processor Information for all 16 processors :
  Max Mhz: 2901, Current Mhz: 2901, Mhz Limit: 2901

Memory: 4k page, system-wide physical 15789M (7852M free)
TotalPageFile size 18221M (AvailPageFile size 4785M)
current process WorkingSet (physical memory assigned to process): 233M, peak: 237M
current process commit charge ("private bytes"): 313M, peak: 421M

vm_info: Java HotSpot(TM) 64-Bit Server VM (21.0.1+12-LTS-29) for windows-amd64 JRE (21.0.1+12-LTS-29), built on 2023-10-05T13:27:09Z by "mach5one" with MS VC++ 17.1 (VS2022)

END.
