#
# A fatal error has been detected by the Java Runtime Environment:
#
#  EXCEPTION_ACCESS_VIOLATION (0xc0000005) at pc=0x00007ffc346deac0, pid=7712, tid=16836
#
# JRE version: Java(TM) SE Runtime Environment (21.0.1+12) (build 21.0.1+12-LTS-29)
# Java VM: Java HotSpot(TM) 64-Bit Server VM (21.0.1+12-LTS-29, mixed mode, sharing, tiered, compressed oops, compressed class ptrs, g1 gc, windows-amd64)
# Problematic frame:
# V  [jvm.dll+0xeac0]
#
# No core dump will be written. Minidumps are not enabled by default on client versions of Windows
#
# If you would like to submit a bug report, please visit:
#   https://bugreport.java.com/bugreport/crash.jsp
#

---------------  S U M M A R Y ------------

Command Line: -Dclassworlds.conf=C:\Program Files\NetBeans-20\netbeans\java\maven\bin\m2.conf -Dmaven.home=C:\Program Files\NetBeans-20\netbeans\java\maven -Dlibrary.jansi.path=C:\Program Files\NetBeans-20\netbeans\java\maven\lib\jansi-native -Dmaven.multiModuleProjectDirectory=C:\Users\jairus\Documents\GitHub\First-Year-Projects\Inventory-System org.codehaus.plexus.classworlds.launcher.Launcher -Dexec.vmArgs= -Dexec.args=${exec.vmArgs} -classpath %classpath ${exec.mainClass} ${exec.appArgs} -Dexec.executable=C:\Program Files\Java\jdk-21\bin\java.exe -Dexec.mainClass=Main.logIn -Dexec.classpathScope=runtime -Dexec.appArgs= -Dmaven.ext.class.path=C:\Program Files\NetBeans-20\netbeans\java\maven-nblib\netbeans-eventspy.jar --no-transfer-progress process-classes org.codehaus.mojo:exec-maven-plugin:3.1.0:exec

Host: AMD Ryzen 7 4800H with Radeon Graphics         , 16 cores, 15G,  Windows 11 , 64 bit Build 22621 (10.0.22621.3374)
Time: Sun Apr 21 23:12:45 2024 China Standard Time elapsed time: 3.143771 seconds (0d 0h 0m 3s)

---------------  T H R E A D  ---------------

Current thread (0x000001c7776884a0):  JavaThread "C2 CompilerThread6" daemon [_thread_in_native, id=16836, stack(0x000000c194d00000,0x000000c194e00000) (1024K)]


Current CompileTask:
C2:   3143 5088       4       jdk.internal.jimage.ImageStringsReader::stringFromByteBuffer (73 bytes)

Stack: [0x000000c194d00000,0x000000c194e00000],  sp=0x000000c194dfbd68,  free space=1007k
Native frames: (J=compiled Java code, j=interpreted, Vv=VM code, C=native code)
V  [jvm.dll+0xeac0]
C  0x0000000000000001


siginfo: EXCEPTION_ACCESS_VIOLATION (0xc0000005), data execution prevention violation at address 0x0000000000000000


Registers:
RAX=0x000001c778508258, RBX=0x00007ffc348af280, RCX=0x000001c7785082b0, RDX=0x000000c194dff590
RSP=0x000000c194dfbd68, RBP=0x000001c7785078f8, RSI=0x0000000000000000, RDI=0x00007ffc3475b828
R8 =0x0000000000000800, R9 =0x000000c194dfe7d0, R10=0x0000000000002c78, R11=0x000001c778765968
R12=0x0000000000000070, R13=0x0000000000000003, R14=0x0000000000000003, R15=0x000001c770798080
RIP=0x00007ffc346deac0, EFLAGS=0x0000000000010202


Register to memory mapping:

RAX=0x000001c778508258 points into unknown readable memory: 0x0000000000000000 | 00 00 00 00 00 00 00 00
RBX=0x00007ffc348af280 jvm.dll
RCX=0x000001c7785082b0 points into unknown readable memory: 0x0000000000000000 | 00 00 00 00 00 00 00 00
RDX=0x000000c194dff590 is pointing into the stack for thread: 0x000001c7776884a0
RSP=0x000000c194dfbd68 is pointing into the stack for thread: 0x000001c7776884a0
RBP=0x000001c7785078f8 points into unknown readable memory: 0x00007ffc350606f8 | f8 06 06 35 fc 7f 00 00
RSI=0x0 is null
RDI=0x00007ffc3475b828 jvm.dll
R8 =0x0000000000000800 is an unknown value
R9 =0x000000c194dfe7d0 is pointing into the stack for thread: 0x000001c7776884a0
R10=11384 is a compressed pointer to class: 0x000001c700002c78
java.lang.System {0x000001c700002c80}
 - instance size:     2
 - klass size:        64
 - access:            public final synchronized 
 - flags:             rewritten is_shared_boot_class has_localvariable_table has_vanilla_constructor 
 - state:             fully_initialized
 - name:              'java/lang/System'
 - super:             'java/lang/Object'
 - sub:               
 - arrays:            null
 - methods:           Array<T>(0x000001c70063dad0)
 - method ordering:   Array<T>(0x000001c70063f870)
 - default_methods:   Array<T>(0x0000000000000000)
 - local interfaces:  Array<T>(0x000001c700613728)
 - trans. interfaces: Array<T>(0x000001c700613728)
 - constants:         constant pool [834]/operands[14] {0x000001c7006139a8} for 'java/lang/System' cache=0x000001c7000031c8
 - class loader data:  loader data: 0x000001c7704a4fd0 of 'bootstrap'
 - source file:       'System.java'
 - class annotations:       Array<T>(0x0000000000000000)
 - class type annotations:  Array<T>(0x0000000000000000)
 - field annotations:       Array<T>(0x000001c700613908)
 - field type annotations:  Array<T>(0x0000000000000000)
 - inner classes:     Array<T>(0x000001c70063da80)
 - nest members:     Array<T>(0x000001c70063f9a0)
 - permitted subclasses:     Array<T>(0x000001c7006136b0)
 - java mirror:       a 'java/lang/Class'{0x00000007094a0bb8} = 'java/lang/System'
 - vtable length      5  (start addr: 0x000001c700002e40)
 - itable length      2 (start addr: 0x000001c700002e68)
 - ---- static fields (7 words):
 - public static final 'in' 'Ljava/io/InputStream;' @112 
 - public static final 'out' 'Ljava/io/PrintStream;' @116 
 - public static final 'err' 'Ljava/io/PrintStream;' @120 
 - private static 'initialIn' 'Ljava/io/InputStream;' @124 
 - private static final 'NEVER' 'I' @156 
 - private static final 'MAYBE' 'I' @160 
 - private static 'allowSecurityManager' 'I' @164 
 - private static volatile 'security' 'Ljava/lang/SecurityManager;' @128 
 - private static 'notSupportedJnuEncoding' 'Ljava/lang/String;' @132 
 - private static volatile 'cons' 'Ljava/io/Console;' @136 
 - private static volatile 'initialErrStream' 'Ljava/io/PrintStream;' @140 
 - private static 'props' 'Ljava/util/Properties;' @144 
 - private static 'lineSeparator' 'Ljava/lang/String;' @148 
 - static 'bootLayer' 'Ljava/lang/ModuleLayer;' @152 
 - ---- non-static fields (0 words):
 - non-static oop maps: 
R11=0x000001c778765968 points into unknown readable memory: 0x000001c778765a00 | 00 5a 76 78 c7 01 00 00
R12=0x0000000000000070 is an unknown value
R13=0x0000000000000003 is an unknown value
R14=0x0000000000000003 is an unknown value
R15=0x000001c770798080 points into unknown readable memory: 0x00007ffc3511da80 | 80 da 11 35 fc 7f 00 00

Top of Stack: (sp=0x000000c194dfbd68)
0x000000c194dfbd68:   00007ffc348af280 000001c77663a000
0x000000c194dfbd78:   0000000000000001 000001c77663ae00
0x000000c194dfbd88:   00007ffc34cda04d 0000000000000001
0x000000c194dfbd98:   000000c194dfc450 000000c194dfbec8
0x000000c194dfbda8:   000001c77663ae90 000000000000072b
0x000000c194dfbdb8:   00007ffc34cd2b74 000001c77663a2a0
0x000000c194dfbdc8:   000001c7785078f8 000001c77663a000
0x000000c194dfbdd8:   000001c776639fb0 000001c778504188
0x000000c194dfbde8:   0000000000000000 000000000000072b
0x000000c194dfbdf8:   000001c778765968 000000c194dfc450
0x000000c194dfbe08:   000000000000000c 000000c194dfc150
0x000000c194dfbe18:   000001c778765968 000000c194dfbed9
0x000000c194dfbe28:   00007ffc34cd232c 000000c194dfc450
0x000000c194dfbe38:   000001c77663a000 000000c194dfc150
0x000000c194dfbe48:   000001c778765968 000001c778765968
0x000000c194dfbe58:   000000c194dfbe90 000000c194dfbea0
0x000000c194dfbe68:   000000c194dfbe98 000001c778506b98
0x000000c194dfbe78:   00007ffc0000072b 000001c700000000
0x000000c194dfbe88:   00007ffc34cc0b9b 0000000000000000
0x000000c194dfbe98:   0000000000000000 0000000000000000
0x000000c194dfbea8:   000001c777a77250 000000c100000004
0x000000c194dfbeb8:   000001c778565480 000001c700000000
0x000000c194dfbec8:   000001c777a77250 000001c700000008
0x000000c194dfbed8:   000001c7785654a0 0000000000000002
0x000000c194dfbee8:   000000c194dfc820 000001c7785066c8
0x000000c194dfbef8:   000001c77663a100 000000c194dfc150
0x000000c194dfbf08:   000001c77857ef08 000000000000002c
0x000000c194dfbf18:   000000003fffffff 000000c194dfc450
0x000000c194dfbf28:   00007ffc34cb9d6c 000001c70000072b
0x000000c194dfbf38:   000001c778765968 000001c778765968
0x000000c194dfbf48:   000001c70000002c 000001c700000000
0x000000c194dfbf58:   0000000000000000 000000c17fffffff 

Instructions: (pc=0x00007ffc346deac0)
0x00007ffc346de9c0:   8b c3 c6 43 38 00 c7 43 2c 02 00 00 00 48 83 c4
0x00007ffc346de9d0:   20 5b c3 cc cc cc cc cc cc cc cc cc cc cc cc cc
0x00007ffc346de9e0:   40 53 48 83 ec 20 33 d2 48 8b d9 e8 60 55 69 00
0x00007ffc346de9f0:   83 4b 30 24 48 8d 05 4d 02 90 00 48 89 03 b8 03
0x00007ffc346dea00:   00 00 00 66 89 43 3a 48 8d 43 48 48 89 43 40 48
0x00007ffc346dea10:   8b c3 c6 43 38 00 c7 43 2c 02 00 00 00 48 83 c4
0x00007ffc346dea20:   20 5b c3 cc cc cc cc cc cc cc cc cc cc cc cc cc
0x00007ffc346dea30:   40 53 48 83 ec 20 33 d2 48 8b d9 e8 10 55 69 00
0x00007ffc346dea40:   83 4b 30 24 48 8d 05 05 09 90 00 48 89 03 b8 03
0x00007ffc346dea50:   00 00 00 66 89 43 3a 48 8d 43 48 48 89 43 40 48
0x00007ffc346dea60:   8b c3 c6 43 38 00 c7 43 2c 02 00 00 00 48 83 c4
0x00007ffc346dea70:   20 5b c3 cc cc cc cc cc cc cc cc cc cc cc cc cc
0x00007ffc346dea80:   33 d2 e9 19 f7 70 00 cc cc cc cc cc cc cc cc cc
0x00007ffc346dea90:   48 89 5c 24 08 57 48 83 ec 20 65 48 8b 04 25 58
0x00007ffc346deaa0:   00 00 00 48 8b d9 8b 15 7c b4 c5 00 48 8b 3c d0
0x00007ffc346deab0:   b8 70 00 00 00 80 3c 38 00 75 05 e8 40 5f 8e 00
0x00007ffc346deac0:   b8 20 00 00 00 48 8b 04 38 48 8b 90 68 06 00 00
0x00007ffc346dead0:   4c 8b 8a 80 00 00 00 49 8b 81 98 02 00 00 49 8b
0x00007ffc346deae0:   89 a0 02 00 00 48 2b c8 48 3b cb 72 16 48 8d 0c
0x00007ffc346deaf0:   18 49 89 89 98 02 00 00 48 8b 5c 24 30 48 83 c4
0x00007ffc346deb00:   20 5f c3 45 33 c0 49 8d 89 80 02 00 00 48 8b d3
0x00007ffc346deb10:   48 8b 5c 24 30 48 83 c4 20 5f e9 a1 57 0b 00 cc
0x00007ffc346deb20:   48 89 5c 24 08 57 48 83 ec 20 65 48 8b 04 25 58
0x00007ffc346deb30:   00 00 00 48 8b d9 8b 15 ec b3 c5 00 48 8b 3c d0
0x00007ffc346deb40:   b8 70 00 00 00 80 3c 38 00 75 05 e8 b0 5e 8e 00
0x00007ffc346deb50:   b8 20 00 00 00 48 8b 04 38 48 8b 90 68 06 00 00
0x00007ffc346deb60:   48 8b 82 80 00 00 00 4c 8b 88 50 03 00 00 48 89
0x00007ffc346deb70:   98 78 03 00 00 49 8b 41 18 49 8b 49 20 48 2b c8
0x00007ffc346deb80:   48 3b cb 72 13 48 8d 0c 18 49 89 49 18 48 8b 5c
0x00007ffc346deb90:   24 30 48 83 c4 20 5f c3 45 33 c0 48 8b d3 49 8b
0x00007ffc346deba0:   c9 48 8b 5c 24 30 48 83 c4 20 5f e9 10 57 0b 00
0x00007ffc346debb0:   b8 28 00 00 00 c3 cc cc cc cc cc cc cc cc cc cc 


Stack slot to memory mapping:

stack at sp + 0 slots: 0x00007ffc348af280 jvm.dll
stack at sp + 1 slots: 0x000001c77663a000 points into unknown readable memory: 0x00007ffc350ed828 | 28 d8 0e 35 fc 7f 00 00
stack at sp + 2 slots: 0x0000000000000001 is an unknown value
stack at sp + 3 slots: 0x000001c77663ae00 points into unknown readable memory: 0x00007ffc350607b8 | b8 07 06 35 fc 7f 00 00
stack at sp + 4 slots: 0x00007ffc34cda04d jvm.dll
stack at sp + 5 slots: 0x0000000000000001 is an unknown value
stack at sp + 6 slots: 0x000000c194dfc450 is pointing into the stack for thread: 0x000001c7776884a0
stack at sp + 7 slots: 0x000000c194dfbec8 is pointing into the stack for thread: 0x000001c7776884a0


---------------  P R O C E S S  ---------------

Threads class SMR info:
_java_thread_list=0x000001c777fce850, length=21, elements={
0x000001c74ec5f800, 0x000001c770623130, 0x000001c770623cf0, 0x000001c7706259f0,
0x000001c770627590, 0x000001c770628250, 0x000001c77062aa00, 0x000001c77062d710,
0x000001c770639f60, 0x000001c7707faf50, 0x000001c77093abf0, 0x000001c77095d700,
0x000001c775210500, 0x000001c7751bc060, 0x000001c775273c60, 0x000001c77540de90,
0x000001c775b5a570, 0x000001c777687dd0, 0x000001c777687700, 0x000001c7776884a0,
0x000001c777688b70
}

Java Threads: ( => current thread )
  0x000001c74ec5f800 JavaThread "main"                              [_thread_in_Java, id=16656, stack(0x000000c192500000,0x000000c192600000) (1024K)]
  0x000001c770623130 JavaThread "Reference Handler"          daemon [_thread_blocked, id=18916, stack(0x000000c192d00000,0x000000c192e00000) (1024K)]
  0x000001c770623cf0 JavaThread "Finalizer"                  daemon [_thread_blocked, id=21868, stack(0x000000c192e00000,0x000000c192f00000) (1024K)]
  0x000001c7706259f0 JavaThread "Signal Dispatcher"          daemon [_thread_blocked, id=22404, stack(0x000000c192f00000,0x000000c193000000) (1024K)]
  0x000001c770627590 JavaThread "Attach Listener"            daemon [_thread_blocked, id=21920, stack(0x000000c193000000,0x000000c193100000) (1024K)]
  0x000001c770628250 JavaThread "Service Thread"             daemon [_thread_blocked, id=22504, stack(0x000000c193100000,0x000000c193200000) (1024K)]
  0x000001c77062aa00 JavaThread "Monitor Deflation Thread"   daemon [_thread_blocked, id=22512, stack(0x000000c193200000,0x000000c193300000) (1024K)]
  0x000001c77062d710 JavaThread "C2 CompilerThread0"         daemon [_thread_in_native, id=14604, stack(0x000000c193300000,0x000000c193400000) (1024K)]
  0x000001c770639f60 JavaThread "C1 CompilerThread0"         daemon [_thread_blocked, id=7592, stack(0x000000c193400000,0x000000c193500000) (1024K)]
  0x000001c7707faf50 JavaThread "C1 CompilerThread1"         daemon [_thread_blocked, id=9600, stack(0x000000c193500000,0x000000c193600000) (1024K)]
  0x000001c77093abf0 JavaThread "Notification Thread"        daemon [_thread_blocked, id=19048, stack(0x000000c193600000,0x000000c193700000) (1024K)]
  0x000001c77095d700 JavaThread "Common-Cleaner"             daemon [_thread_blocked, id=21468, stack(0x000000c193700000,0x000000c193800000) (1024K)]
  0x000001c775210500 JavaThread "C1 CompilerThread2"         daemon [_thread_blocked, id=4304, stack(0x000000c193800000,0x000000c193900000) (1024K)]
  0x000001c7751bc060 JavaThread "C1 CompilerThread3"         daemon [_thread_blocked, id=21280, stack(0x000000c193900000,0x000000c193a00000) (1024K)]
  0x000001c775273c60 JavaThread "C2 CompilerThread1"         daemon [_thread_in_native, id=11344, stack(0x000000c193a00000,0x000000c193b00000) (1024K)]
  0x000001c77540de90 JavaThread "C2 CompilerThread2"         daemon [_thread_in_native, id=21808, stack(0x000000c193b00000,0x000000c193c00000) (1024K)]
  0x000001c775b5a570 JavaThread "C2 CompilerThread3"         daemon [_thread_in_native, id=10736, stack(0x000000c193c00000,0x000000c193d00000) (1024K)]
  0x000001c777687dd0 JavaThread "C2 CompilerThread4"         daemon [_thread_in_native, id=3344, stack(0x000000c193d00000,0x000000c193e00000) (1024K)]
  0x000001c777687700 JavaThread "C2 CompilerThread5"         daemon [_thread_in_native, id=4504, stack(0x000000c194c00000,0x000000c194d00000) (1024K)]
=>0x000001c7776884a0 JavaThread "C2 CompilerThread6"         daemon [_thread_in_native, id=16836, stack(0x000000c194d00000,0x000000c194e00000) (1024K)]
  0x000001c777688b70 JavaThread "C2 CompilerThread7"         daemon [_thread_in_native, id=9044, stack(0x000000c194e00000,0x000000c194f00000) (1024K)]
Total: 21

Other Threads:
  0x000001c770604d20 VMThread "VM Thread"                           [id=2108, stack(0x000000c192c00000,0x000000c192d00000) (1024K)]
  0x000001c7705ea570 WatcherThread "VM Periodic Task Thread"        [id=21056, stack(0x000000c192b00000,0x000000c192c00000) (1024K)]
  0x000001c74ecbf090 WorkerThread "GC Thread#0"                     [id=19696, stack(0x000000c192600000,0x000000c192700000) (1024K)]
  0x000001c7759d5490 WorkerThread "GC Thread#1"                     [id=21488, stack(0x000000c194100000,0x000000c194200000) (1024K)]
  0x000001c775e10af0 WorkerThread "GC Thread#2"                     [id=20252, stack(0x000000c194200000,0x000000c194300000) (1024K)]
  0x000001c775e10e90 WorkerThread "GC Thread#3"                     [id=21740, stack(0x000000c194300000,0x000000c194400000) (1024K)]
  0x000001c77624a770 WorkerThread "GC Thread#4"                     [id=20612, stack(0x000000c194400000,0x000000c194500000) (1024K)]
  0x000001c77624ab10 WorkerThread "GC Thread#5"                     [id=9884, stack(0x000000c194500000,0x000000c194600000) (1024K)]
  0x000001c7769a3620 WorkerThread "GC Thread#6"                     [id=20272, stack(0x000000c194600000,0x000000c194700000) (1024K)]
  0x000001c7769a1cc0 WorkerThread "GC Thread#7"                     [id=13488, stack(0x000000c194700000,0x000000c194800000) (1024K)]
  0x000001c7769a2060 WorkerThread "GC Thread#8"                     [id=22444, stack(0x000000c194800000,0x000000c194900000) (1024K)]
  0x000001c7769a2b40 WorkerThread "GC Thread#9"                     [id=17828, stack(0x000000c193e00000,0x000000c193f00000) (1024K)]
  0x000001c7769a2ee0 WorkerThread "GC Thread#10"                    [id=21592, stack(0x000000c193f00000,0x000000c194000000) (1024K)]
  0x000001c775968200 WorkerThread "GC Thread#11"                    [id=21588, stack(0x000000c194000000,0x000000c194100000) (1024K)]
  0x000001c775969080 WorkerThread "GC Thread#12"                    [id=11800, stack(0x000000c194900000,0x000000c194a00000) (1024K)]
  0x000001c74eccfe50 ConcurrentGCThread "G1 Main Marker"            [id=22012, stack(0x000000c192700000,0x000000c192800000) (1024K)]
  0x000001c74ecd0a10 WorkerThread "G1 Conc#0"                       [id=21756, stack(0x000000c192800000,0x000000c192900000) (1024K)]
  0x000001c7759697c0 WorkerThread "G1 Conc#1"                       [id=21892, stack(0x000000c194a00000,0x000000c194b00000) (1024K)]
  0x000001c77596a2a0 WorkerThread "G1 Conc#2"                       [id=22488, stack(0x000000c194b00000,0x000000c194c00000) (1024K)]
  0x000001c7704be9c0 ConcurrentGCThread "G1 Refine#0"               [id=11788, stack(0x000000c192900000,0x000000c192a00000) (1024K)]
  0x000001c7704bf440 ConcurrentGCThread "G1 Service"                [id=21652, stack(0x000000c192a00000,0x000000c192b00000) (1024K)]
Total: 21

Threads with active compile tasks:
C2 CompilerThread0     3166 4950       4       jdk.nio.zipfs.ZipPath::readAttributes (58 bytes)
C2 CompilerThread1     3166 5135       4       jdk.internal.jimage.BasicImageReader::getString (35 bytes)
C2 CompilerThread2     3167 5334       4       com.sun.tools.javac.util.SharedNameTable::fromUtf (190 bytes)
C2 CompilerThread3     3167 5134       4       jdk.internal.jimage.ImageLocation::getAttributeString (54 bytes)
C2 CompilerThread4     3167 4949       4       jdk.nio.zipfs.ZipFileSystemProvider::readAttributes (9 bytes)
C2 CompilerThread5     3167 4951   !   4       jdk.nio.zipfs.ZipFileSystem::getFileAttributes (169 bytes)
C2 CompilerThread6     3167 5088       4       jdk.internal.jimage.ImageStringsReader::stringFromByteBuffer (73 bytes)
C2 CompilerThread7     3167 4945   !   4       java.nio.file.FileTreeWalker::next (144 bytes)
Total: 8

VM state: not at safepoint (normal execution)

VM Mutex/Monitor currently owned by a thread: None

Heap address: 0x0000000709400000, size: 3948 MB, Compressed Oops mode: Zero based, Oop shift amount: 3

CDS archive(s) mapped at: [0x000001c700000000-0x000001c700c90000-0x000001c700c90000), size 13172736, SharedBaseAddress: 0x000001c700000000, ArchiveRelocationMode: 1.
Compressed class space mapped at: 0x000001c701000000-0x000001c741000000, reserved size: 1073741824
Narrow klass base: 0x000001c700000000, Narrow klass shift: 0, Narrow klass range: 0x100000000

GC Precious Log:
 CardTable entry size: 512
 Card Set container configuration: InlinePtr #cards 4 size 8 Array Of Cards #cards 16 size 48 Howl #buckets 8 coarsen threshold 3686 Howl Bitmap #cards 512 size 80 coarsen threshold 460 Card regions per heap region 1 cards per card region 4096
 CPUs: 16 total, 16 available
 Memory: 15789M
 Large Page Support: Disabled
 NUMA Support: Disabled
 Compressed Oops: Enabled (Zero based)
 Heap Region Size: 2M
 Heap Min Capacity: 8M
 Heap Initial Capacity: 248M
 Heap Max Capacity: 3948M
 Pre-touch: Disabled
 Parallel Workers: 13
 Concurrent Workers: 3
 Concurrent Refinement Workers: 13
 Periodic GC: Disabled

Heap:
 garbage-first heap   total 65536K, used 35967K [0x0000000709400000, 0x0000000800000000)
  region size 2048K, 6 young (12288K), 2 survivors (4096K)
 Metaspace       used 25653K, committed 26048K, reserved 1114112K
  class space    used 2942K, committed 3136K, reserved 1048576K

Heap Regions: E=young(eden), S=young(survivor), O=old, HS=humongous(starts), HC=humongous(continues), CS=collection set, F=free, TAMS=top-at-mark-start, PB=parsable bottom
|   0|0x0000000709400000, 0x0000000709600000, 0x0000000709600000|100%| O|  |TAMS 0x0000000709400000| PB 0x0000000709400000| Untracked 
|   1|0x0000000709600000, 0x0000000709600000, 0x0000000709800000|  0%| F|  |TAMS 0x0000000709600000| PB 0x0000000709600000| Untracked 
|   2|0x0000000709800000, 0x0000000709a00000, 0x0000000709a00000|100%|HS|  |TAMS 0x0000000709800000| PB 0x0000000709800000| Complete 
|   3|0x0000000709a00000, 0x0000000709c00000, 0x0000000709c00000|100%|HC|  |TAMS 0x0000000709a00000| PB 0x0000000709a00000| Complete 
|   4|0x0000000709c00000, 0x0000000709e00000, 0x0000000709e00000|100%|HS|  |TAMS 0x0000000709c00000| PB 0x0000000709c00000| Complete 
|   5|0x0000000709e00000, 0x000000070a000000, 0x000000070a000000|100%|HC|  |TAMS 0x0000000709e00000| PB 0x0000000709e00000| Complete 
|   6|0x000000070a000000, 0x000000070a200000, 0x000000070a200000|100%| O|  |TAMS 0x000000070a000000| PB 0x000000070a000000| Untracked 
|   7|0x000000070a200000, 0x000000070a400000, 0x000000070a400000|100%| O|  |TAMS 0x000000070a200000| PB 0x000000070a200000| Untracked 
|   8|0x000000070a400000, 0x000000070a600000, 0x000000070a600000|100%| O|  |TAMS 0x000000070a400000| PB 0x000000070a400000| Untracked 
|   9|0x000000070a600000, 0x000000070a800000, 0x000000070a800000|100%| O|  |TAMS 0x000000070a600000| PB 0x000000070a600000| Untracked 
|  10|0x000000070a800000, 0x000000070aa00000, 0x000000070aa00000|100%| O|  |TAMS 0x000000070a800000| PB 0x000000070a800000| Untracked 
|  11|0x000000070aa00000, 0x000000070ac00000, 0x000000070ac00000|100%| O|  |TAMS 0x000000070aa00000| PB 0x000000070aa00000| Untracked 
|  12|0x000000070ac00000, 0x000000070ae00000, 0x000000070ae00000|100%| O|  |TAMS 0x000000070ac00000| PB 0x000000070ac00000| Untracked 
|  13|0x000000070ae00000, 0x000000070b000000, 0x000000070b000000|100%| O|  |TAMS 0x000000070ae00000| PB 0x000000070ae00000| Untracked 
|  14|0x000000070b000000, 0x000000070b000000, 0x000000070b200000|  0%| F|  |TAMS 0x000000070b000000| PB 0x000000070b000000| Untracked 
|  15|0x000000070b200000, 0x000000070b31fff0, 0x000000070b400000| 56%| S|CS|TAMS 0x000000070b200000| PB 0x000000070b200000| Complete 
|  16|0x000000070b400000, 0x000000070b600000, 0x000000070b600000|100%| S|CS|TAMS 0x000000070b400000| PB 0x000000070b400000| Complete 
|  17|0x000000070b600000, 0x000000070b600000, 0x000000070b800000|  0%| F|  |TAMS 0x000000070b600000| PB 0x000000070b600000| Untracked 
|  18|0x000000070b800000, 0x000000070b800000, 0x000000070ba00000|  0%| F|  |TAMS 0x000000070b800000| PB 0x000000070b800000| Untracked 
|  19|0x000000070ba00000, 0x000000070ba00000, 0x000000070bc00000|  0%| F|  |TAMS 0x000000070ba00000| PB 0x000000070ba00000| Untracked 
|  20|0x000000070bc00000, 0x000000070bc00000, 0x000000070be00000|  0%| F|  |TAMS 0x000000070bc00000| PB 0x000000070bc00000| Untracked 
|  21|0x000000070be00000, 0x000000070be00000, 0x000000070c000000|  0%| F|  |TAMS 0x000000070be00000| PB 0x000000070be00000| Untracked 
|  22|0x000000070c000000, 0x000000070c000000, 0x000000070c200000|  0%| F|  |TAMS 0x000000070c000000| PB 0x000000070c000000| Untracked 
|  23|0x000000070c200000, 0x000000070c200000, 0x000000070c400000|  0%| F|  |TAMS 0x000000070c200000| PB 0x000000070c200000| Untracked 
|  24|0x000000070c400000, 0x000000070c400000, 0x000000070c600000|  0%| F|  |TAMS 0x000000070c400000| PB 0x000000070c400000| Untracked 
|  25|0x000000070c600000, 0x000000070c600000, 0x000000070c800000|  0%| F|  |TAMS 0x000000070c600000| PB 0x000000070c600000| Untracked 
|  26|0x000000070c800000, 0x000000070c800000, 0x000000070ca00000|  0%| F|  |TAMS 0x000000070c800000| PB 0x000000070c800000| Untracked 
|  88|0x0000000714400000, 0x0000000714400000, 0x0000000714600000|  0%| F|  |TAMS 0x0000000714400000| PB 0x0000000714400000| Untracked 
|  89|0x0000000714600000, 0x0000000714800000, 0x0000000714800000|100%| E|  |TAMS 0x0000000714600000| PB 0x0000000714600000| Complete 
|  90|0x0000000714800000, 0x0000000714a00000, 0x0000000714a00000|100%| E|CS|TAMS 0x0000000714800000| PB 0x0000000714800000| Complete 
|  91|0x0000000714a00000, 0x0000000714c00000, 0x0000000714c00000|100%| E|CS|TAMS 0x0000000714a00000| PB 0x0000000714a00000| Complete 
| 123|0x0000000718a00000, 0x0000000718c00000, 0x0000000718c00000|100%| E|CS|TAMS 0x0000000718a00000| PB 0x0000000718a00000| Complete 

Card table byte_map: [0x000001c769040000,0x000001c769800000] _byte_map_base: 0x000001c7657f6000

Marking Bits: (CMBitMap*) 0x000001c74ecbfeb0
 Bits: [0x000001c769800000, 0x000001c76d5b0000)

Polling page: 0x000001c74ea80000

Metaspace:

Usage:
  Non-class:     22.18 MB used.
      Class:      2.87 MB used.
       Both:     25.05 MB used.

Virtual space:
  Non-class space:       64.00 MB reserved,      22.38 MB ( 35%) committed,  1 nodes.
      Class space:        1.00 GB reserved,       3.06 MB ( <1%) committed,  1 nodes.
             Both:        1.06 GB reserved,      25.44 MB (  2%) committed. 

Chunk freelists:
   Non-Class:  9.35 MB
       Class:  12.91 MB
        Both:  22.26 MB

MaxMetaspaceSize: unlimited
CompressedClassSpaceSize: 1.00 GB
Initial GC threshold: 21.00 MB
Current GC threshold: 35.12 MB
CDS: on
 - commit_granule_bytes: 65536.
 - commit_granule_words: 8192.
 - virtual_space_node_default_size: 8388608.
 - enlarge_chunks_in_place: 1.
 - use_allocation_guard: 0.


Internal statistics:

num_allocs_failed_limit: 3.
num_arena_births: 218.
num_arena_deaths: 0.
num_vsnodes_births: 2.
num_vsnodes_deaths: 0.
num_space_committed: 407.
num_space_uncommitted: 0.
num_chunks_returned_to_freelist: 3.
num_chunks_taken_from_freelist: 1093.
num_chunk_merges: 3.
num_chunk_splits: 790.
num_chunks_enlarged: 642.
num_inconsistent_stats: 0.

CodeHeap 'non-profiled nmethods': size=119168Kb used=2487Kb max_used=2487Kb free=116680Kb
 bounds [0x000001c760470000, 0x000001c7606e0000, 0x000001c7678d0000]
CodeHeap 'profiled nmethods': size=119104Kb used=11390Kb max_used=11390Kb free=107713Kb
 bounds [0x000001c7588d0000, 0x000001c7593f0000, 0x000001c75fd20000]
CodeHeap 'non-nmethods': size=7488Kb used=3134Kb max_used=3192Kb free=4353Kb
 bounds [0x000001c75fd20000, 0x000001c760050000, 0x000001c760470000]
 total_blobs=5831 nmethods=5299 adapters=433
 compilation: enabled
              stopped_count=0, restarted_count=0
 full_count=0

Compilation events (20 events):
Event: 3.124 Thread 0x000001c7707faf50 5322       3       com.sun.tools.javac.jvm.ClassReader::adjustFieldFlags (2 bytes)
Event: 3.124 Thread 0x000001c775210500 5321       3       com.sun.tools.javac.jvm.ClassReader::readField (118 bytes)
Event: 3.124 Thread 0x000001c7707faf50 nmethod 5322 0x000001c7593e6510 code [0x000001c7593e66a0, 0x000001c7593e67b0]
Event: 3.125 Thread 0x000001c770639f60 5324       3       java.util.stream.MatchOps$MatchOp::evaluateSequential (7 bytes)
Event: 3.125 Thread 0x000001c7707faf50 5323       3       java.util.stream.MatchOps$MatchOp::getOpFlags (8 bytes)
Event: 3.125 Thread 0x000001c7751bc060 5325       3       java.util.stream.MatchOps$MatchOp::evaluateSequential (27 bytes)
Event: 3.125 Thread 0x000001c7707faf50 nmethod 5323 0x000001c7593e6890 code [0x000001c7593e6a20, 0x000001c7593e6b30]
Event: 3.126 Thread 0x000001c7751bc060 nmethod 5325 0x000001c7593e6b90 code [0x000001c7593e6d80, 0x000001c7593e73a0]
Event: 3.126 Thread 0x000001c7707faf50 5326       3       java.util.stream.MatchOps$$Lambda/0x000001c7011cb5a8::get (12 bytes)
Event: 3.126 Thread 0x000001c770639f60 nmethod 5324 0x000001c7593e7510 code [0x000001c7593e7700, 0x000001c7593e7d80]
Event: 3.126 Thread 0x000001c7751bc060 5327       3       java.util.stream.MatchOps::lambda$makeRef$0 (10 bytes)
Event: 3.127 Thread 0x000001c770639f60 5328       3       java.util.stream.MatchOps$1MatchSink::<init> (16 bytes)
Event: 3.127 Thread 0x000001c7707faf50 nmethod 5326 0x000001c7593e7f10 code [0x000001c7593e80e0, 0x000001c7593e8508]
Event: 3.127 Thread 0x000001c7751bc060 nmethod 5327 0x000001c7593e8690 code [0x000001c7593e8860, 0x000001c7593e8bf8]
Event: 3.127 Thread 0x000001c770639f60 nmethod 5328 0x000001c7593e8d90 code [0x000001c7593e8f40, 0x000001c7593e9240]
Event: 3.128 Thread 0x000001c775210500 nmethod 5321 0x000001c7593e9390 code [0x000001c7593e9780, 0x000001c7593eb428]
Event: 3.128 Thread 0x000001c7707faf50 5329       3       java.util.stream.MatchOps$BooleanTerminalSink::<init> (21 bytes)
Event: 3.129 Thread 0x000001c7707faf50 nmethod 5329 0x000001c7593ebd90 code [0x000001c7593ebf40, 0x000001c7593ec118]
Event: 3.131 Thread 0x000001c77540de90 nmethod 5131 0x000001c7606d7390 code [0x000001c7606d7640, 0x000001c7606d9588]
Event: 3.137 Thread 0x000001c77540de90 5261       4       java.lang.StringLatin1::lastIndexOf (125 bytes)

GC Heap History (10 events):
Event: 0.496 GC heap before
{Heap before GC invocations=0 (full 0):
 garbage-first heap   total 253952K, used 22528K [0x0000000709400000, 0x0000000800000000)
  region size 2048K, 11 young (22528K), 0 survivors (0K)
 Metaspace       used 5741K, committed 5952K, reserved 1114112K
  class space    used 653K, committed 768K, reserved 1048576K
}
Event: 0.501 GC heap after
{Heap after GC invocations=1 (full 0):
 garbage-first heap   total 253952K, used 4008K [0x0000000709400000, 0x0000000800000000)
  region size 2048K, 2 young (4096K), 2 survivors (4096K)
 Metaspace       used 5741K, committed 5952K, reserved 1114112K
  class space    used 653K, committed 768K, reserved 1048576K
}
Event: 1.146 GC heap before
{Heap before GC invocations=1 (full 0):
 garbage-first heap   total 253952K, used 36776K [0x0000000709400000, 0x0000000800000000)
  region size 2048K, 18 young (36864K), 2 survivors (4096K)
 Metaspace       used 10400K, committed 10624K, reserved 1114112K
  class space    used 1228K, committed 1344K, reserved 1048576K
}
Event: 1.150 GC heap after
{Heap after GC invocations=2 (full 0):
 garbage-first heap   total 253952K, used 5939K [0x0000000709400000, 0x0000000800000000)
  region size 2048K, 2 young (4096K), 2 survivors (4096K)
 Metaspace       used 10400K, committed 10624K, reserved 1114112K
  class space    used 1228K, committed 1344K, reserved 1048576K
}
Event: 2.443 GC heap before
{Heap before GC invocations=2 (full 0):
 garbage-first heap   total 253952K, used 69427K [0x0000000709400000, 0x0000000800000000)
  region size 2048K, 32 young (65536K), 2 survivors (4096K)
 Metaspace       used 21231K, committed 21504K, reserved 1114112K
  class space    used 2503K, committed 2688K, reserved 1048576K
}
Event: 2.449 GC heap after
{Heap after GC invocations=3 (full 0):
 garbage-first heap   total 253952K, used 11208K [0x0000000709400000, 0x0000000800000000)
  region size 2048K, 4 young (8192K), 4 survivors (8192K)
 Metaspace       used 21231K, committed 21504K, reserved 1114112K
  class space    used 2503K, committed 2688K, reserved 1048576K
}
Event: 2.975 GC heap before
{Heap before GC invocations=4 (full 0):
 garbage-first heap   total 49152K, used 48072K [0x0000000709400000, 0x0000000800000000)
  region size 2048K, 18 young (36864K), 4 survivors (8192K)
 Metaspace       used 25374K, committed 25728K, reserved 1114112K
  class space    used 2913K, committed 3072K, reserved 1048576K
}
Event: 2.985 GC heap after
{Heap after GC invocations=5 (full 0):
 garbage-first heap   total 65536K, used 27023K [0x0000000709400000, 0x0000000800000000)
  region size 2048K, 8 young (16384K), 8 survivors (16384K)
 Metaspace       used 25374K, committed 25728K, reserved 1114112K
  class space    used 2913K, committed 3072K, reserved 1048576K
}
Event: 3.069 GC heap before
{Heap before GC invocations=5 (full 0):
 garbage-first heap   total 65536K, used 41359K [0x0000000709400000, 0x0000000800000000)
  region size 2048K, 15 young (30720K), 8 survivors (16384K)
 Metaspace       used 25560K, committed 25920K, reserved 1114112K
  class space    used 2931K, committed 3136K, reserved 1048576K
}
Event: 3.087 GC heap after
{Heap after GC invocations=6 (full 0):
 garbage-first heap   total 65536K, used 29823K [0x0000000709400000, 0x0000000800000000)
  region size 2048K, 2 young (4096K), 2 survivors (4096K)
 Metaspace       used 25560K, committed 25920K, reserved 1114112K
  class space    used 2931K, committed 3136K, reserved 1048576K
}

Dll operation events (8 events):
Event: 0.005 Loaded shared library C:\Program Files\Java\jdk-21\bin\java.dll
Event: 0.029 Loaded shared library C:\Program Files\Java\jdk-21\bin\jsvml.dll
Event: 0.043 Loaded shared library C:\Program Files\Java\jdk-21\bin\net.dll
Event: 0.045 Loaded shared library C:\Program Files\Java\jdk-21\bin\nio.dll
Event: 0.047 Loaded shared library C:\Program Files\Java\jdk-21\bin\zip.dll
Event: 0.130 Loaded shared library C:\Program Files\Java\jdk-21\bin\jimage.dll
Event: 0.138 Loaded shared library C:\Program Files\NetBeans-20\netbeans\java\maven\lib\jansi-native\Windows\x86_64\jansi.dll
Event: 0.147 Loaded shared library C:\Program Files\Java\jdk-21\bin\verify.dll

Deoptimization events (20 events):
Event: 2.941 Thread 0x000001c74ec5f800 Uncommon trap: trap_request=0xffffffde fr.pc=0x000001c7606c2790 relative=0x0000000000000070
Event: 2.941 Thread 0x000001c74ec5f800 Uncommon trap: reason=class_check action=maybe_recompile pc=0x000001c7606c2790 method=java.nio.file.Files$AcceptAllFilter.accept(Ljava/lang/Object;)Z @ 2 c2
Event: 2.941 Thread 0x000001c74ec5f800 DEOPT PACKING pc=0x000001c7606c2790 sp=0x000000c1925fd0f0
Event: 2.941 Thread 0x000001c74ec5f800 DEOPT UNPACKING pc=0x000001c75fd746a2 sp=0x000000c1925fd088 mode 2
Event: 3.026 Thread 0x000001c74ec5f800 Uncommon trap: trap_request=0xffffff45 fr.pc=0x000001c760689d8c relative=0x000000000000006c
Event: 3.026 Thread 0x000001c74ec5f800 Uncommon trap: reason=unstable_if action=reinterpret pc=0x000001c760689d8c method=com.sun.tools.javac.jvm.PoolReader.sizeof(I)I @ 1 c2
Event: 3.027 Thread 0x000001c74ec5f800 DEOPT PACKING pc=0x000001c760689d8c sp=0x000000c1925fcf90
Event: 3.027 Thread 0x000001c74ec5f800 DEOPT UNPACKING pc=0x000001c75fd746a2 sp=0x000000c1925fcf20 mode 2
Event: 3.056 Thread 0x000001c74ec5f800 Uncommon trap: trap_request=0xffffff45 fr.pc=0x000001c7606c51c8 relative=0x0000000000000548
Event: 3.056 Thread 0x000001c74ec5f800 Uncommon trap: reason=unstable_if action=reinterpret pc=0x000001c7606c51c8 method=java.nio.file.FileTreeWalker.visit(Ljava/nio/file/Path;ZZ)Ljava/nio/file/FileTreeWalker$Event; @ 84 c2
Event: 3.056 Thread 0x000001c74ec5f800 DEOPT PACKING pc=0x000001c7606c51c8 sp=0x000000c1925fcee0
Event: 3.056 Thread 0x000001c74ec5f800 DEOPT UNPACKING pc=0x000001c75fd746a2 sp=0x000000c1925fcea0 mode 2
Event: 3.087 Thread 0x000001c74ec5f800 Uncommon trap: trap_request=0xffffff45 fr.pc=0x000001c76068f12c relative=0x000000000000076c
Event: 3.088 Thread 0x000001c74ec5f800 Uncommon trap: reason=unstable_if action=reinterpret pc=0x000001c76068f12c method=com.sun.tools.javac.util.SharedNameTable.fromChars([CII)Lcom/sun/tools/javac/util/Name; @ 97 c2
Event: 3.088 Thread 0x000001c74ec5f800 DEOPT PACKING pc=0x000001c76068f12c sp=0x000000c1925fd370
Event: 3.088 Thread 0x000001c74ec5f800 DEOPT UNPACKING pc=0x000001c75fd746a2 sp=0x000000c1925fd2a8 mode 2
Event: 3.090 Thread 0x000001c74ec5f800 Uncommon trap: trap_request=0xffffff45 fr.pc=0x000001c76068c03c relative=0x0000000000000b1c
Event: 3.090 Thread 0x000001c74ec5f800 Uncommon trap: reason=unstable_if action=reinterpret pc=0x000001c76068c03c method=com.sun.tools.javac.util.Name$Table.equals([BI[BII)Z @ 22 c2
Event: 3.090 Thread 0x000001c74ec5f800 DEOPT PACKING pc=0x000001c76068c03c sp=0x000000c1925fd300
Event: 3.090 Thread 0x000001c74ec5f800 DEOPT UNPACKING pc=0x000001c75fd746a2 sp=0x000000c1925fd218 mode 2

Classes loaded (20 events):
Event: 2.917 Loading class java/util/ComparableTimSort
Event: 2.917 Loading class java/util/ComparableTimSort done
Event: 2.920 Loading class sun/nio/fs/WindowsDirectoryStream
Event: 2.921 Loading class sun/nio/fs/WindowsDirectoryStream done
Event: 2.921 Loading class sun/nio/fs/WindowsDirectoryStream$WindowsDirectoryIterator
Event: 2.921 Loading class sun/nio/fs/WindowsDirectoryStream$WindowsDirectoryIterator done
Event: 2.922 Loading class java/nio/file/Files$2
Event: 2.922 Loading class java/nio/file/Files$2 done
Event: 2.923 Loading class java/util/ImmutableCollections$Access
Event: 2.923 Loading class java/util/ImmutableCollections$Access done
Event: 2.923 Loading class java/util/ImmutableCollections$Access$1
Event: 2.923 Loading class jdk/internal/access/JavaUtilCollectionAccess
Event: 2.923 Loading class jdk/internal/access/JavaUtilCollectionAccess done
Event: 2.923 Loading class java/util/ImmutableCollections$Access$1 done
Event: 2.923 Loading class java/util/stream/Nodes$SpinedNodeBuilder
Event: 2.923 Loading class java/util/stream/Nodes$SpinedNodeBuilder done
Event: 2.938 Loading class sun/nio/fs/WindowsPath$WindowsPathWithAttributes
Event: 2.939 Loading class sun/nio/fs/WindowsPath$WindowsPathWithAttributes done
Event: 3.055 Loading class java/nio/file/FileTreeWalker$1
Event: 3.055 Loading class java/nio/file/FileTreeWalker$1 done

Classes unloaded (0 events):
No events

Classes redefined (0 events):
No events

Internal exceptions (20 events):
Event: 2.684 Thread 0x000001c74ec5f800 Exception <a 'java/lang/NoSuchMethodError'{0x000000070b2e0d28}: 'java.lang.Object java.lang.invoke.DirectMethodHandle$Holder.invokeVirtual(java.lang.Object, java.lang.Object, int)'> (0x000000070b2e0d28) 
thrown [s\open\src\hotspot\share\interpreter\linkResolver.cpp, line 773]
Event: 2.900 Thread 0x000001c74ec5f800 Implicit null exception at 0x000001c7606a955d to 0x000001c7606a978c
Event: 2.935 Thread 0x000001c74ec5f800 Exception <a 'sun/nio/fs/WindowsException'{0x000000070a134728}> (0x000000070a134728) 
thrown [s\open\src\hotspot\share\prims\jni.cpp, line 520]
Event: 2.943 Thread 0x000001c74ec5f800 Exception <a 'sun/nio/fs/WindowsException'{0x000000070a144ca8}> (0x000000070a144ca8) 
thrown [s\open\src\hotspot\share\prims\jni.cpp, line 520]
Event: 2.949 Thread 0x000001c74ec5f800 Exception <a 'java/lang/NoSuchMethodError'{0x000000070a152820}: 'int java.lang.invoke.DirectMethodHandle$Holder.invokeSpecial(java.lang.Object, java.lang.Object, java.lang.Object, java.lang.Object, java.lang.Object)'> (0x000000070a152820) 
thrown [s\open\src\hotspot\share\interpreter\linkResolver.cpp, line 773]
Event: 2.961 Thread 0x000001c74ec5f800 Exception <a 'sun/nio/fs/WindowsException'{0x000000070a1652b8}> (0x000000070a1652b8) 
thrown [s\open\src\hotspot\share\prims\jni.cpp, line 520]
Event: 2.962 Thread 0x000001c74ec5f800 Exception <a 'sun/nio/fs/WindowsException'{0x000000070a16bfe8}> (0x000000070a16bfe8) 
thrown [s\open\src\hotspot\share\prims\jni.cpp, line 520]
Event: 2.964 Thread 0x000001c74ec5f800 Exception <a 'sun/nio/fs/WindowsException'{0x000000070a171d60}> (0x000000070a171d60) 
thrown [s\open\src\hotspot\share\prims\jni.cpp, line 520]
Event: 2.966 Thread 0x000001c74ec5f800 Exception <a 'sun/nio/fs/WindowsException'{0x000000070a17f590}> (0x000000070a17f590) 
thrown [s\open\src\hotspot\share\prims\jni.cpp, line 520]
Event: 2.968 Thread 0x000001c74ec5f800 Exception <a 'sun/nio/fs/WindowsException'{0x000000070a18fb90}> (0x000000070a18fb90) 
thrown [s\open\src\hotspot\share\prims\jni.cpp, line 520]
Event: 2.970 Thread 0x000001c74ec5f800 Exception <a 'sun/nio/fs/WindowsException'{0x000000070a193888}> (0x000000070a193888) 
thrown [s\open\src\hotspot\share\prims\jni.cpp, line 520]
Event: 3.014 Thread 0x000001c74ec5f800 Exception <a 'sun/nio/fs/WindowsException'{0x00000007148bc6e0}> (0x00000007148bc6e0) 
thrown [s\open\src\hotspot\share\prims\jni.cpp, line 520]
Event: 3.014 Thread 0x000001c74ec5f800 Exception <a 'sun/nio/fs/WindowsException'{0x00000007148bd298}> (0x00000007148bd298) 
thrown [s\open\src\hotspot\share\prims\jni.cpp, line 520]
Event: 3.014 Thread 0x000001c74ec5f800 Exception <a 'sun/nio/fs/WindowsException'{0x00000007148be048}> (0x00000007148be048) 
thrown [s\open\src\hotspot\share\prims\jni.cpp, line 520]
Event: 3.014 Thread 0x000001c74ec5f800 Exception <a 'sun/nio/fs/WindowsException'{0x00000007148bed08}> (0x00000007148bed08) 
thrown [s\open\src\hotspot\share\prims\jni.cpp, line 520]
Event: 3.031 Thread 0x000001c74ec5f800 Exception <a 'java/lang/NoSuchMethodError'{0x00000007144bc0d0}: 'java.lang.Object java.lang.invoke.DirectMethodHandle$Holder.invokeVirtual(java.lang.Object, java.lang.Object, java.lang.Object, int, int)'> (0x00000007144bc0d0) 
thrown [s\open\src\hotspot\share\interpreter\linkResolver.cpp, line 773]
Event: 3.052 Thread 0x000001c74ec5f800 Exception <a 'sun/nio/fs/WindowsException'{0x000000070b832b28}> (0x000000070b832b28) 
thrown [s\open\src\hotspot\share\prims\jni.cpp, line 520]
Event: 3.056 Thread 0x000001c74ec5f800 Exception <a 'sun/nio/fs/WindowsException'{0x000000070b8342f8}> (0x000000070b8342f8) 
thrown [s\open\src\hotspot\share\prims\jni.cpp, line 520]
Event: 3.056 Thread 0x000001c74ec5f800 Exception <a 'sun/nio/fs/WindowsException'{0x000000070b8350b8}> (0x000000070b8350b8) 
thrown [s\open\src\hotspot\share\prims\jni.cpp, line 520]
Event: 3.056 Thread 0x000001c74ec5f800 Exception <a 'sun/nio/fs/WindowsException'{0x000000070b835d78}> (0x000000070b835d78) 
thrown [s\open\src\hotspot\share\prims\jni.cpp, line 520]

ZGC Phase Switch (0 events):
No events

VM Operations (20 events):
Event: 2.518 Executing VM operation: HandshakeAllThreads (Deoptimize)
Event: 2.519 Executing VM operation: HandshakeAllThreads (Deoptimize) done
Event: 2.649 Executing VM operation: HandshakeAllThreads (Deoptimize)
Event: 2.649 Executing VM operation: HandshakeAllThreads (Deoptimize) done
Event: 2.650 Executing VM operation: HandshakeAllThreads (Deoptimize)
Event: 2.650 Executing VM operation: HandshakeAllThreads (Deoptimize) done
Event: 2.657 Executing VM operation: HandshakeAllThreads (Deoptimize)
Event: 2.657 Executing VM operation: HandshakeAllThreads (Deoptimize) done
Event: 2.748 Executing VM operation: HandshakeAllThreads (Deoptimize)
Event: 2.763 Executing VM operation: HandshakeAllThreads (Deoptimize) done
Event: 2.924 Executing VM operation: HandshakeAllThreads (Deoptimize)
Event: 2.934 Executing VM operation: HandshakeAllThreads (Deoptimize) done
Event: 2.939 Executing VM operation: HandshakeAllThreads (Deoptimize)
Event: 2.940 Executing VM operation: HandshakeAllThreads (Deoptimize) done
Event: 2.975 Executing VM operation: G1CollectForAllocation (G1 Evacuation Pause)
Event: 2.985 Executing VM operation: G1CollectForAllocation (G1 Evacuation Pause) done
Event: 3.069 Executing VM operation: G1CollectForAllocation (G1 Evacuation Pause)
Event: 3.087 Executing VM operation: G1CollectForAllocation (G1 Evacuation Pause) done
Event: 3.095 Executing VM operation: HandshakeAllThreads (Deoptimize)
Event: 3.095 Executing VM operation: HandshakeAllThreads (Deoptimize) done

Events (20 events):
Event: 0.029 Thread 0x000001c7707faf50 Thread added: 0x000001c7707faf50
Event: 0.039 Thread 0x000001c77093abf0 Thread added: 0x000001c77093abf0
Event: 0.041 Thread 0x000001c77095d700 Thread added: 0x000001c77095d700
Event: 0.237 Thread 0x000001c775210500 Thread added: 0x000001c775210500
Event: 0.238 Thread 0x000001c7751bc060 Thread added: 0x000001c7751bc060
Event: 0.255 Thread 0x000001c775273c60 Thread added: 0x000001c775273c60
Event: 0.465 Thread 0x000001c77540de90 Thread added: 0x000001c77540de90
Event: 0.471 Thread 0x000001c775b5a570 Thread added: 0x000001c775b5a570
Event: 0.471 Thread 0x000001c7758f9550 Thread added: 0x000001c7758f9550
Event: 0.471 Thread 0x000001c7758f6c30 Thread added: 0x000001c7758f6c30
Event: 0.471 Thread 0x000001c7758f7300 Thread added: 0x000001c7758f7300
Event: 0.471 Thread 0x000001c7758f79d0 Thread added: 0x000001c7758f79d0
Event: 0.908 Thread 0x000001c7758f79d0 Thread exited: 0x000001c7758f79d0
Event: 0.918 Thread 0x000001c7758f7300 Thread exited: 0x000001c7758f7300
Event: 1.144 Thread 0x000001c7758f6c30 Thread exited: 0x000001c7758f6c30
Event: 2.509 Thread 0x000001c7758f9550 Thread exited: 0x000001c7758f9550
Event: 2.598 Thread 0x000001c777687dd0 Thread added: 0x000001c777687dd0
Event: 2.603 Thread 0x000001c777687700 Thread added: 0x000001c777687700
Event: 2.850 Thread 0x000001c7776884a0 Thread added: 0x000001c7776884a0
Event: 2.864 Thread 0x000001c777688b70 Thread added: 0x000001c777688b70


Dynamic libraries:
0x00007ff6a49a0000 - 0x00007ff6a49b0000 	C:\Program Files\Java\jdk-21\bin\java.exe
0x00007ffce95b0000 - 0x00007ffce97c6000 	C:\WINDOWS\SYSTEM32\ntdll.dll
0x00007ffce8ca0000 - 0x00007ffce8d64000 	C:\WINDOWS\System32\KERNEL32.DLL
0x00007ffce6ab0000 - 0x00007ffce6e57000 	C:\WINDOWS\System32\KERNELBASE.dll
0x00007ffce6e90000 - 0x00007ffce6fa1000 	C:\WINDOWS\System32\ucrtbase.dll
0x00007ffcdf690000 - 0x00007ffcdf6ab000 	C:\Program Files\Java\jdk-21\bin\VCRUNTIME140.dll
0x00007ffcd6e40000 - 0x00007ffcd6e59000 	C:\Program Files\Java\jdk-21\bin\jli.dll
0x00007ffce87b0000 - 0x00007ffce8862000 	C:\WINDOWS\System32\ADVAPI32.dll
0x00007ffce7cc0000 - 0x00007ffce7d67000 	C:\WINDOWS\System32\msvcrt.dll
0x00007ffce8170000 - 0x00007ffce8218000 	C:\WINDOWS\System32\sechost.dll
0x00007ffce69c0000 - 0x00007ffce69e8000 	C:\WINDOWS\System32\bcrypt.dll
0x00007ffce8050000 - 0x00007ffce8165000 	C:\WINDOWS\System32\RPCRT4.dll
0x00007ffce93c0000 - 0x00007ffce956e000 	C:\WINDOWS\System32\USER32.dll
0x00007ffce6e60000 - 0x00007ffce6e86000 	C:\WINDOWS\System32\win32u.dll
0x00007ffce7b40000 - 0x00007ffce7b69000 	C:\WINDOWS\System32\GDI32.dll
0x00007ffce71c0000 - 0x00007ffce72d9000 	C:\WINDOWS\System32\gdi32full.dll
0x00007ffce6fb0000 - 0x00007ffce704a000 	C:\WINDOWS\System32\msvcp_win.dll
0x00007ffcd50c0000 - 0x00007ffcd5353000 	C:\WINDOWS\WinSxS\amd64_microsoft.windows.common-controls_6595b64144ccf1df_6.0.22621.3235_none_270f74e173860f98\COMCTL32.dll
0x00007ffcdf7d0000 - 0x00007ffcdf7da000 	C:\WINDOWS\SYSTEM32\VERSION.dll
0x00007ffce88d0000 - 0x00007ffce8901000 	C:\WINDOWS\System32\IMM32.DLL
0x00007ffcdf680000 - 0x00007ffcdf68c000 	C:\Program Files\Java\jdk-21\bin\vcruntime140_1.dll
0x00007ffcd30f0000 - 0x00007ffcd317e000 	C:\Program Files\Java\jdk-21\bin\msvcp140.dll
0x00007ffc346d0000 - 0x00007ffc353e5000 	C:\Program Files\Java\jdk-21\bin\server\jvm.dll
0x00007ffce7be0000 - 0x00007ffce7c51000 	C:\WINDOWS\System32\WS2_32.dll
0x00007ffce65f0000 - 0x00007ffce663d000 	C:\WINDOWS\SYSTEM32\POWRPROF.dll
0x00007ffcdfc90000 - 0x00007ffcdfcc4000 	C:\WINDOWS\SYSTEM32\WINMM.dll
0x00007ffce65d0000 - 0x00007ffce65e3000 	C:\WINDOWS\SYSTEM32\UMPDC.dll
0x00007ffce58e0000 - 0x00007ffce58f8000 	C:\WINDOWS\SYSTEM32\kernel.appcore.dll
0x00007ffcdf650000 - 0x00007ffcdf65a000 	C:\Program Files\Java\jdk-21\bin\jimage.dll
0x00007ffcdd0b0000 - 0x00007ffcdd2e3000 	C:\WINDOWS\SYSTEM32\DBGHELP.DLL
0x00007ffce8910000 - 0x00007ffce8c98000 	C:\WINDOWS\System32\combase.dll
0x00007ffce8f40000 - 0x00007ffce9017000 	C:\WINDOWS\System32\OLEAUT32.dll
0x00007ffcdcc30000 - 0x00007ffcdcc62000 	C:\WINDOWS\SYSTEM32\dbgcore.DLL
0x00007ffce68d0000 - 0x00007ffce6949000 	C:\WINDOWS\System32\bcryptPrimitives.dll
0x00007ffcdf660000 - 0x00007ffcdf67f000 	C:\Program Files\Java\jdk-21\bin\java.dll
0x00007ffce72e0000 - 0x00007ffce7b3c000 	C:\WINDOWS\System32\SHELL32.dll
0x00007ffce4800000 - 0x00007ffce50f9000 	C:\WINDOWS\SYSTEM32\windows.storage.dll
0x00007ffce46c0000 - 0x00007ffce47fe000 	C:\WINDOWS\SYSTEM32\wintypes.dll
0x00007ffce7d90000 - 0x00007ffce7e83000 	C:\WINDOWS\System32\SHCORE.dll
0x00007ffce7c60000 - 0x00007ffce7cbe000 	C:\WINDOWS\System32\shlwapi.dll
0x00007ffce6800000 - 0x00007ffce6821000 	C:\WINDOWS\SYSTEM32\profapi.dll
0x00007ffca8d30000 - 0x00007ffca8e07000 	C:\Program Files\Java\jdk-21\bin\jsvml.dll
0x00007ffcdf5f0000 - 0x00007ffcdf600000 	C:\Program Files\Java\jdk-21\bin\net.dll
0x00007ffce1130000 - 0x00007ffce1266000 	C:\WINDOWS\SYSTEM32\WINHTTP.dll
0x00007ffce5d50000 - 0x00007ffce5db9000 	C:\WINDOWS\system32\mswsock.dll
0x00007ffcd6d20000 - 0x00007ffcd6d36000 	C:\Program Files\Java\jdk-21\bin\nio.dll
0x00007ffcd6cb0000 - 0x00007ffcd6cc8000 	C:\Program Files\Java\jdk-21\bin\zip.dll
0x0000000069ac0000 - 0x0000000069ae4000 	C:\Program Files\NetBeans-20\netbeans\java\maven\lib\jansi-native\Windows\x86_64\jansi.dll
0x00007ffcdb020000 - 0x00007ffcdb030000 	C:\Program Files\Java\jdk-21\bin\verify.dll

dbghelp: loaded successfully - version: 4.0.5 - missing functions: none
symbol engine: initialized successfully - sym options: 0x614 - pdb path: .;C:\Program Files\Java\jdk-21\bin;C:\WINDOWS\SYSTEM32;C:\WINDOWS\WinSxS\amd64_microsoft.windows.common-controls_6595b64144ccf1df_6.0.22621.3235_none_270f74e173860f98;C:\Program Files\Java\jdk-21\bin\server;C:\Program Files\NetBeans-20\netbeans\java\maven\lib\jansi-native\Windows\x86_64

VM Arguments:
jvm_args: -Dclassworlds.conf=C:\Program Files\NetBeans-20\netbeans\java\maven\bin\m2.conf -Dmaven.home=C:\Program Files\NetBeans-20\netbeans\java\maven -Dlibrary.jansi.path=C:\Program Files\NetBeans-20\netbeans\java\maven\lib\jansi-native -Dmaven.multiModuleProjectDirectory=C:\Users\jairus\Documents\GitHub\First-Year-Projects\Inventory-System 
java_command: org.codehaus.plexus.classworlds.launcher.Launcher -Dexec.vmArgs= -Dexec.args=${exec.vmArgs} -classpath %classpath ${exec.mainClass} ${exec.appArgs} -Dexec.executable=C:\Program Files\Java\jdk-21\bin\java.exe -Dexec.mainClass=Main.logIn -Dexec.classpathScope=runtime -Dexec.appArgs= -Dmaven.ext.class.path=C:\Program Files\NetBeans-20\netbeans\java\maven-nblib\netbeans-eventspy.jar --no-transfer-progress process-classes org.codehaus.mojo:exec-maven-plugin:3.1.0:exec
java_class_path (initial): C:\Program Files\NetBeans-20\netbeans\java\maven\boot\plexus-classworlds-2.7.0.jar
Launcher Type: SUN_STANDARD

[Global flags]
     intx CICompilerCount                          = 12                                        {product} {ergonomic}
     uint ConcGCThreads                            = 3                                         {product} {ergonomic}
     uint G1ConcRefinementThreads                  = 13                                        {product} {ergonomic}
   size_t G1HeapRegionSize                         = 2097152                                   {product} {ergonomic}
    uintx GCDrainStackTargetSize                   = 64                                        {product} {ergonomic}
   size_t InitialHeapSize                          = 260046848                                 {product} {ergonomic}
   size_t MarkStackSize                            = 4194304                                   {product} {ergonomic}
   size_t MaxHeapSize                              = 4139778048                                {product} {ergonomic}
   size_t MaxNewSize                               = 2483027968                                {product} {ergonomic}
   size_t MinHeapDeltaBytes                        = 2097152                                   {product} {ergonomic}
   size_t MinHeapSize                              = 8388608                                   {product} {ergonomic}
    uintx NonNMethodCodeHeapSize                   = 7602480                                {pd product} {ergonomic}
    uintx NonProfiledCodeHeapSize                  = 122027880                              {pd product} {ergonomic}
    uintx ProfiledCodeHeapSize                     = 122027880                              {pd product} {ergonomic}
    uintx ReservedCodeCacheSize                    = 251658240                              {pd product} {ergonomic}
     bool SegmentedCodeCache                       = true                                      {product} {ergonomic}
   size_t SoftMaxHeapSize                          = 4139778048                             {manageable} {ergonomic}
     bool UseCompressedOops                        = true                           {product lp64_product} {ergonomic}
     bool UseG1GC                                  = true                                      {product} {ergonomic}
     bool UseLargePagesIndividualAllocation        = false                                  {pd product} {ergonomic}

Logging:
Log output configuration:
 #0: stdout all=warning uptime,level,tags foldmultilines=false
 #1: stderr all=off uptime,level,tags foldmultilines=false

Environment Variables:
JAVA_HOME=C:\Program Files\Java\jdk-21
PATH=C:\ProgramData\Oracle\Java\javapath;C:\Program Files\Common Files\Oracle\Java\javapath;C:\Windows\system32;C:\Windows;C:\Windows\System32\Wbem;C:\Windows\System32\WindowsPowerShell\v1.0\;C:\Windows\System32\OpenSSH\;C:\Program Files (x86)\NVIDIA Corporation\PhysX\Common;C:\Program Files\NVIDIA Corporation\NVIDIA NvDLISR;C:\WINDOWS\system32;C:\WINDOWS;C:\WINDOWS\System32\Wbem;C:\WINDOWS\System32\WindowsPowerShell\v1.0\;C:\WINDOWS\System32\OpenSSH\;C:\Program Files\Git\cmd;C:\Users\jairus\AppData\Local\Programs\Python\Launcher\;C:\Users\jairus\AppData\Local\Microsoft\WindowsApps;C:\Users\jairus\AppData\Local\GitHubDesktop\bin;C:\ProgramData\jairus\GitHubDesktop\bin;C:\Users\jairus\AppData\Local\Programs\Microsoft VS Code\bin
USERNAME=jairus
OS=Windows_NT
PROCESSOR_IDENTIFIER=AMD64 Family 23 Model 96 Stepping 1, AuthenticAMD
TMP=C:\Users\jairus\AppData\Local\Temp
TEMP=C:\Users\jairus\AppData\Local\Temp




Periodic native trim disabled

---------------  S Y S T E M  ---------------

OS:
 Windows 11 , 64 bit Build 22621 (10.0.22621.3374)
OS uptime: 0 days 7:17 hours
Hyper-V role detected

CPU: total 16 (initial active 16) (16 cores per cpu, 2 threads per core) family 23 model 96 stepping 1 microcode 0x0, cx8, cmov, fxsr, ht, mmx, 3dnowpref, sse, sse2, sse3, ssse3, sse4a, sse4.1, sse4.2, popcnt, lzcnt, tsc, tscinvbit, avx, avx2, aes, clmul, bmi1, bmi2, adx, sha, fma, vzeroupper, clflush, clflushopt, hv, rdtscp, rdpid, f16c
Processor Information for all 16 processors :
  Max Mhz: 2901, Current Mhz: 2901, Mhz Limit: 2901

Memory: 4k page, system-wide physical 15789M (5645M free)
TotalPageFile size 19266M (AvailPageFile size 2686M)
current process WorkingSet (physical memory assigned to process): 208M, peak: 209M
current process commit charge ("private bytes"): 258M, peak: 420M

vm_info: Java HotSpot(TM) 64-Bit Server VM (21.0.1+12-LTS-29) for windows-amd64 JRE (21.0.1+12-LTS-29), built on 2023-10-05T13:27:09Z by "mach5one" with MS VC++ 17.1 (VS2022)

END.
